{
  "stats": {
    "suites": 3,
    "tests": 20,
    "passes": 18,
    "pending": 0,
    "failures": 2,
    "start": "2025-11-22T16:14:58.040Z",
    "end": "2025-11-22T16:16:03.555Z",
    "duration": 65515,
    "testsRegistered": 41,
    "passPercent": 43.90243902439025,
    "pendingPercent": 0,
    "other": 1,
    "hasOther": true,
    "skipped": 21,
    "hasSkipped": true
  },
  "results": [
    {
      "uuid": "1caf7d7f-fcfe-4442-aeb3-700716279f77",
      "title": "",
      "fullFile": "cypress/e2e/cars_hw21.1/addCars.test.js",
      "file": "cypress/e2e/cars_hw21.1/addCars.test.js",
      "beforeHooks": [],
      "afterHooks": [],
      "tests": [],
      "suites": [
        {
          "uuid": "4d34f07a-1392-4b99-8896-01136110feb3",
          "title": "Check card creation modal content",
          "fullFile": "",
          "file": "",
          "beforeHooks": [],
          "afterHooks": [],
          "tests": [
            {
              "title": "Check modal title",
              "fullTitle": "Check card creation modal content Check modal title",
              "timedOut": null,
              "duration": 2773,
              "state": "passed",
              "speed": "fast",
              "pass": true,
              "fail": false,
              "pending": false,
              "context": null,
              "code": "cy.get(\".btn-primary\").contains(\"Add car\").click();\ncy.get(\".modal-content\").within(() => {\n  cy.get(\".modal-title\").contains(\"Add a car\");\n});",
              "err": {},
              "uuid": "897dcb42-1897-411a-b265-e6ce8f672c76",
              "parentUUID": "4d34f07a-1392-4b99-8896-01136110feb3",
              "isHook": false,
              "skipped": false
            },
            {
              "title": "Check modal closing",
              "fullTitle": "Check card creation modal content Check modal closing",
              "timedOut": null,
              "duration": 2104,
              "state": "passed",
              "speed": "fast",
              "pass": true,
              "fail": false,
              "pending": false,
              "context": null,
              "code": "cy.get(\".btn-primary\").contains(\"Add car\").click();\ncy.get(\".modal-content\").within(() => {\n  cy.get(\".close\").as(\"closeButton\").should(\"exist\").and(\"be.enabled\");\n  cy.get(\"@closeButton\").click();\n  cy.get(\".btn-primary\").should(\"not.exist\");\n});",
              "err": {},
              "uuid": "2e105885-2db3-4cf4-999c-258c93d35a29",
              "parentUUID": "4d34f07a-1392-4b99-8896-01136110feb3",
              "isHook": false,
              "skipped": false
            },
            {
              "title": "Check cancel button is enabled and closes modal",
              "fullTitle": "Check card creation modal content Check cancel button is enabled and closes modal",
              "timedOut": null,
              "duration": 1959,
              "state": "passed",
              "speed": "fast",
              "pass": true,
              "fail": false,
              "pending": false,
              "context": null,
              "code": "cy.get(\".btn-primary\").contains(\"Add car\").click();\ncy.get(\".modal-content\").within(() => {\n  cy.get(\".btn-secondary\").as(\"cancelButton\").should(\"exist\").and(\"be.enabled\");\n  cy.get(\"@cancelButton\").click();\n  cy.get(\".btn-secondary\").should(\"not.exist\");\n});",
              "err": {},
              "uuid": "9b5066dc-0319-4796-8691-0cb3c0daa628",
              "parentUUID": "4d34f07a-1392-4b99-8896-01136110feb3",
              "isHook": false,
              "skipped": false
            },
            {
              "title": "Check add button is present and diabled by default",
              "fullTitle": "Check card creation modal content Check add button is present and diabled by default",
              "timedOut": null,
              "duration": 1771,
              "state": "passed",
              "speed": "fast",
              "pass": true,
              "fail": false,
              "pending": false,
              "context": null,
              "code": "cy.get(\".btn-primary\").contains(\"Add car\").click();\ncy.get(\".modal-content\").within(() => {\n  cy.get(\".btn-primary\").contains(\"Add\").should(\"exist\").and(\"be.disabled\");\n});",
              "err": {},
              "uuid": "1c39d15b-b3e8-4e5a-afcb-68034b1b37e4",
              "parentUUID": "4d34f07a-1392-4b99-8896-01136110feb3",
              "isHook": false,
              "skipped": false
            }
          ],
          "suites": [],
          "passes": [
            "897dcb42-1897-411a-b265-e6ce8f672c76",
            "2e105885-2db3-4cf4-999c-258c93d35a29",
            "9b5066dc-0319-4796-8691-0cb3c0daa628",
            "1c39d15b-b3e8-4e5a-afcb-68034b1b37e4"
          ],
          "failures": [],
          "pending": [],
          "skipped": [],
          "duration": 8607,
          "root": false,
          "rootEmpty": false,
          "_timeout": 2000
        },
        {
          "uuid": "2de43728-48f9-4c34-9206-e9ca112b0308",
          "title": "Invalid car creating",
          "fullFile": "",
          "file": "",
          "beforeHooks": [],
          "afterHooks": [],
          "tests": [
            {
              "title": "Check if car with invalid brand-model can not be created - Audi Cayenne",
              "fullTitle": "Invalid car creating Check if car with invalid brand-model can not be created - Audi Cayenne",
              "timedOut": null,
              "duration": 1892,
              "state": "passed",
              "speed": "fast",
              "pass": true,
              "fail": false,
              "pending": false,
              "context": null,
              "code": "cy.get(\".btn-primary\").contains(\"Add car\").click();\ncy.get(\".modal-content\").within(() => {\n  cy.get(\"#addCarBrand\").select(brand.title);\n  cy.get(\"#addCarModel\").filter(`:contains(\"${model.title}\")`).should(\"not.exist\");\n});",
              "err": {},
              "uuid": "801223a0-669e-42f5-9fb0-a37fee893a35",
              "parentUUID": "2de43728-48f9-4c34-9206-e9ca112b0308",
              "isHook": false,
              "skipped": false
            },
            {
              "title": "Check if car with invalid brand-model can not be created - BMW Panamera",
              "fullTitle": "Invalid car creating Check if car with invalid brand-model can not be created - BMW Panamera",
              "timedOut": null,
              "duration": 2006,
              "state": "passed",
              "speed": "fast",
              "pass": true,
              "fail": false,
              "pending": false,
              "context": null,
              "code": "cy.get(\".btn-primary\").contains(\"Add car\").click();\ncy.get(\".modal-content\").within(() => {\n  cy.get(\"#addCarBrand\").select(brand.title);\n  cy.get(\"#addCarModel\").filter(`:contains(\"${model.title}\")`).should(\"not.exist\");\n});",
              "err": {},
              "uuid": "eb217cac-891c-4900-bf05-55684ba6f42b",
              "parentUUID": "2de43728-48f9-4c34-9206-e9ca112b0308",
              "isHook": false,
              "skipped": false
            },
            {
              "title": "Check if car with invalid brand-model can not be created - Ford A8",
              "fullTitle": "Invalid car creating Check if car with invalid brand-model can not be created - Ford A8",
              "timedOut": null,
              "duration": 1972,
              "state": "passed",
              "speed": "fast",
              "pass": true,
              "fail": false,
              "pending": false,
              "context": null,
              "code": "cy.get(\".btn-primary\").contains(\"Add car\").click();\ncy.get(\".modal-content\").within(() => {\n  cy.get(\"#addCarBrand\").select(brand.title);\n  cy.get(\"#addCarModel\").filter(`:contains(\"${model.title}\")`).should(\"not.exist\");\n});",
              "err": {},
              "uuid": "f312817f-36d8-4325-a175-cfc9da06f32e",
              "parentUUID": "2de43728-48f9-4c34-9206-e9ca112b0308",
              "isHook": false,
              "skipped": false
            },
            {
              "title": "Check if car with invalid brand-model can not be created - Porsche Focus",
              "fullTitle": "Invalid car creating Check if car with invalid brand-model can not be created - Porsche Focus",
              "timedOut": null,
              "duration": 1868,
              "state": "passed",
              "speed": "fast",
              "pass": true,
              "fail": false,
              "pending": false,
              "context": null,
              "code": "cy.get(\".btn-primary\").contains(\"Add car\").click();\ncy.get(\".modal-content\").within(() => {\n  cy.get(\"#addCarBrand\").select(brand.title);\n  cy.get(\"#addCarModel\").filter(`:contains(\"${model.title}\")`).should(\"not.exist\");\n});",
              "err": {},
              "uuid": "49cb9d26-3e71-49cb-8618-fc4524cf25d7",
              "parentUUID": "2de43728-48f9-4c34-9206-e9ca112b0308",
              "isHook": false,
              "skipped": false
            },
            {
              "title": "Check if car with invalid brand-model can not be created - Fiat A6",
              "fullTitle": "Invalid car creating Check if car with invalid brand-model can not be created - Fiat A6",
              "timedOut": null,
              "duration": 1920,
              "state": "passed",
              "speed": "fast",
              "pass": true,
              "fail": false,
              "pending": false,
              "context": null,
              "code": "cy.get(\".btn-primary\").contains(\"Add car\").click();\ncy.get(\".modal-content\").within(() => {\n  cy.get(\"#addCarBrand\").select(brand.title);\n  cy.get(\"#addCarModel\").filter(`:contains(\"${model.title}\")`).should(\"not.exist\");\n});",
              "err": {},
              "uuid": "8b3372c6-9be5-4d3e-a455-a62cc6f24e78",
              "parentUUID": "2de43728-48f9-4c34-9206-e9ca112b0308",
              "isHook": false,
              "skipped": false
            },
            {
              "title": "Check milage - Milage is minimum valid value (0)",
              "fullTitle": "Invalid car creating Check milage - Milage is minimum valid value (0)",
              "timedOut": null,
              "duration": 1972,
              "state": "passed",
              "speed": "fast",
              "pass": true,
              "fail": false,
              "pending": false,
              "context": null,
              "code": "cy.get(\".btn-primary\").contains(\"Add car\").click();\ncy.get(\".modal-content\").within(() => {\n  cy.get(\"#addCarMileage\").type(input.milage).focus().blur();\n  if (error.message === \"Valid\") {\n    cy.get(\"#addCarMileage\").parents(\".form-group\").within(() => {\n      cy.get(\".invalid-feedback\").should(\"not.exist\");\n    });\n    cy.get(\".btn-primary\").as(\"addCarButton\").should(\"be.enabled\");\n    cy.get(\"@addCarButton\").click();\n    wasCarCreated = true;\n  } else {\n    cy.get(\"#addCarMileage\").parents(\".form-group\").within(() => {\n      cy.get(\".invalid-feedback\").should(\"exist\").and(\"be.visible\").and('have.text', error.message);\n    });\n    cy.get(\".btn-primary\").should(\"be.disabled\");\n  }\n});",
              "err": {},
              "uuid": "2b4af639-726a-49c5-952c-170455b28b81",
              "parentUUID": "2de43728-48f9-4c34-9206-e9ca112b0308",
              "isHook": false,
              "skipped": false
            },
            {
              "title": "Check milage - Milage is maximum valid value (999999)",
              "fullTitle": "Invalid car creating Check milage - Milage is maximum valid value (999999)",
              "timedOut": null,
              "duration": 2081,
              "state": "passed",
              "speed": "fast",
              "pass": true,
              "fail": false,
              "pending": false,
              "context": null,
              "code": "cy.get(\".btn-primary\").contains(\"Add car\").click();\ncy.get(\".modal-content\").within(() => {\n  cy.get(\"#addCarMileage\").type(input.milage).focus().blur();\n  if (error.message === \"Valid\") {\n    cy.get(\"#addCarMileage\").parents(\".form-group\").within(() => {\n      cy.get(\".invalid-feedback\").should(\"not.exist\");\n    });\n    cy.get(\".btn-primary\").as(\"addCarButton\").should(\"be.enabled\");\n    cy.get(\"@addCarButton\").click();\n    wasCarCreated = true;\n  } else {\n    cy.get(\"#addCarMileage\").parents(\".form-group\").within(() => {\n      cy.get(\".invalid-feedback\").should(\"exist\").and(\"be.visible\").and('have.text', error.message);\n    });\n    cy.get(\".btn-primary\").should(\"be.disabled\");\n  }\n});",
              "err": {},
              "uuid": "8a035d64-6027-47c8-b46a-eba560c7490c",
              "parentUUID": "2de43728-48f9-4c34-9206-e9ca112b0308",
              "isHook": false,
              "skipped": false
            },
            {
              "title": "Check milage - Milage is some valid value",
              "fullTitle": "Invalid car creating Check milage - Milage is some valid value",
              "timedOut": null,
              "duration": 2020,
              "state": "passed",
              "speed": "fast",
              "pass": true,
              "fail": false,
              "pending": false,
              "context": null,
              "code": "cy.get(\".btn-primary\").contains(\"Add car\").click();\ncy.get(\".modal-content\").within(() => {\n  cy.get(\"#addCarMileage\").type(input.milage).focus().blur();\n  if (error.message === \"Valid\") {\n    cy.get(\"#addCarMileage\").parents(\".form-group\").within(() => {\n      cy.get(\".invalid-feedback\").should(\"not.exist\");\n    });\n    cy.get(\".btn-primary\").as(\"addCarButton\").should(\"be.enabled\");\n    cy.get(\"@addCarButton\").click();\n    wasCarCreated = true;\n  } else {\n    cy.get(\"#addCarMileage\").parents(\".form-group\").within(() => {\n      cy.get(\".invalid-feedback\").should(\"exist\").and(\"be.visible\").and('have.text', error.message);\n    });\n    cy.get(\".btn-primary\").should(\"be.disabled\");\n  }\n});",
              "err": {},
              "uuid": "0cd4a321-2ec3-40c5-a1fd-0d3d0feaa212",
              "parentUUID": "2de43728-48f9-4c34-9206-e9ca112b0308",
              "isHook": false,
              "skipped": false
            },
            {
              "title": "Check milage - Milage is less than minimum",
              "fullTitle": "Invalid car creating Check milage - Milage is less than minimum",
              "timedOut": null,
              "duration": 2001,
              "state": "passed",
              "speed": "fast",
              "pass": true,
              "fail": false,
              "pending": false,
              "context": null,
              "code": "cy.get(\".btn-primary\").contains(\"Add car\").click();\ncy.get(\".modal-content\").within(() => {\n  cy.get(\"#addCarMileage\").type(input.milage).focus().blur();\n  if (error.message === \"Valid\") {\n    cy.get(\"#addCarMileage\").parents(\".form-group\").within(() => {\n      cy.get(\".invalid-feedback\").should(\"not.exist\");\n    });\n    cy.get(\".btn-primary\").as(\"addCarButton\").should(\"be.enabled\");\n    cy.get(\"@addCarButton\").click();\n    wasCarCreated = true;\n  } else {\n    cy.get(\"#addCarMileage\").parents(\".form-group\").within(() => {\n      cy.get(\".invalid-feedback\").should(\"exist\").and(\"be.visible\").and('have.text', error.message);\n    });\n    cy.get(\".btn-primary\").should(\"be.disabled\");\n  }\n});",
              "err": {},
              "uuid": "604523a2-9f95-406c-89f9-6f368ff6ecfc",
              "parentUUID": "2de43728-48f9-4c34-9206-e9ca112b0308",
              "isHook": false,
              "skipped": false
            },
            {
              "title": "Check milage - Milage is more than maximum",
              "fullTitle": "Invalid car creating Check milage - Milage is more than maximum",
              "timedOut": null,
              "duration": 2029,
              "state": "passed",
              "speed": "fast",
              "pass": true,
              "fail": false,
              "pending": false,
              "context": null,
              "code": "cy.get(\".btn-primary\").contains(\"Add car\").click();\ncy.get(\".modal-content\").within(() => {\n  cy.get(\"#addCarMileage\").type(input.milage).focus().blur();\n  if (error.message === \"Valid\") {\n    cy.get(\"#addCarMileage\").parents(\".form-group\").within(() => {\n      cy.get(\".invalid-feedback\").should(\"not.exist\");\n    });\n    cy.get(\".btn-primary\").as(\"addCarButton\").should(\"be.enabled\");\n    cy.get(\"@addCarButton\").click();\n    wasCarCreated = true;\n  } else {\n    cy.get(\"#addCarMileage\").parents(\".form-group\").within(() => {\n      cy.get(\".invalid-feedback\").should(\"exist\").and(\"be.visible\").and('have.text', error.message);\n    });\n    cy.get(\".btn-primary\").should(\"be.disabled\");\n  }\n});",
              "err": {},
              "uuid": "5b61bd14-f731-41ae-998e-39c81d646d66",
              "parentUUID": "2de43728-48f9-4c34-9206-e9ca112b0308",
              "isHook": false,
              "skipped": false
            },
            {
              "title": "Check milage - Milage is not integer",
              "fullTitle": "Invalid car creating Check milage - Milage is not integer",
              "timedOut": null,
              "duration": 9014,
              "state": "failed",
              "speed": null,
              "pass": false,
              "fail": true,
              "pending": false,
              "context": null,
              "code": "cy.get(\".btn-primary\").contains(\"Add car\").click();\ncy.get(\".modal-content\").within(() => {\n  cy.get(\"#addCarMileage\").type(input.milage).focus().blur();\n  if (error.message === \"Valid\") {\n    cy.get(\"#addCarMileage\").parents(\".form-group\").within(() => {\n      cy.get(\".invalid-feedback\").should(\"not.exist\");\n    });\n    cy.get(\".btn-primary\").as(\"addCarButton\").should(\"be.enabled\");\n    cy.get(\"@addCarButton\").click();\n    wasCarCreated = true;\n  } else {\n    cy.get(\"#addCarMileage\").parents(\".form-group\").within(() => {\n      cy.get(\".invalid-feedback\").should(\"exist\").and(\"be.visible\").and('have.text', error.message);\n    });\n    cy.get(\".btn-primary\").should(\"be.disabled\");\n  }\n});",
              "err": {
                "message": "AssertionError: Timed out retrying after 7000ms: Expected to find element: `.invalid-feedback`, but never found it.",
                "estack": "AssertionError: Timed out retrying after 7000ms: Expected to find element: `.invalid-feedback`, but never found it.\n    at Context.eval (webpack://qa-cypress/./cypress/e2e/cars_hw21.1/addCars.test.js:79:52)\n    at withinFn (https://qauto2.forstudy.space/__cypress/runner/cypress_runner.js:135235:8)\n    at <unknown> (https://qauto2.forstudy.space/__cypress/runner/cypress_runner.js:135316:16)\n    at __WEBPACK_DEFAULT_EXPORT__ (https://qauto2.forstudy.space/__cypress/runner/cypress_runner.js:133169:10)\n    at Context.within (https://qauto2.forstudy.space/__cypress/runner/cypress_runner.js:135302:67)\n    at wrapped (https://qauto2.forstudy.space/__cypress/runner/cypress_runner.js:145577:19)",
                "diff": null
              },
              "uuid": "8bff2f63-d8b4-443e-a895-3a0347e48b67",
              "parentUUID": "2de43728-48f9-4c34-9206-e9ca112b0308",
              "isHook": false,
              "skipped": false
            },
            {
              "title": "Check milage - Milage is not a number",
              "fullTitle": "Invalid car creating Check milage - Milage is not a number",
              "timedOut": null,
              "duration": 1979,
              "state": "passed",
              "speed": "fast",
              "pass": true,
              "fail": false,
              "pending": false,
              "context": null,
              "code": "cy.get(\".btn-primary\").contains(\"Add car\").click();\ncy.get(\".modal-content\").within(() => {\n  cy.get(\"#addCarMileage\").type(input.milage).focus().blur();\n  if (error.message === \"Valid\") {\n    cy.get(\"#addCarMileage\").parents(\".form-group\").within(() => {\n      cy.get(\".invalid-feedback\").should(\"not.exist\");\n    });\n    cy.get(\".btn-primary\").as(\"addCarButton\").should(\"be.enabled\");\n    cy.get(\"@addCarButton\").click();\n    wasCarCreated = true;\n  } else {\n    cy.get(\"#addCarMileage\").parents(\".form-group\").within(() => {\n      cy.get(\".invalid-feedback\").should(\"exist\").and(\"be.visible\").and('have.text', error.message);\n    });\n    cy.get(\".btn-primary\").should(\"be.disabled\");\n  }\n});",
              "err": {},
              "uuid": "fbdaa063-a274-41c3-ae89-bae1fb889190",
              "parentUUID": "2de43728-48f9-4c34-9206-e9ca112b0308",
              "isHook": false,
              "skipped": false
            },
            {
              "title": "Check if milage is required",
              "fullTitle": "Invalid car creating Check if milage is required",
              "timedOut": null,
              "duration": 1792,
              "state": "passed",
              "speed": "fast",
              "pass": true,
              "fail": false,
              "pending": false,
              "context": null,
              "code": "cy.get(\".btn-primary\").contains(\"Add car\").click();\ncy.get(\".modal-content\").within(() => {\n  cy.get(\"#addCarMileage\").focus().blur();\n  cy.get(\"#addCarMileage\").parents(\".form-group\").within(() => {\n    cy.get(\".invalid-feedback\").should(\"exist\").and(\"be.visible\").and('have.text', \"Mileage cost required\");\n  });\n});",
              "err": {},
              "uuid": "d94d2b62-f279-4449-999a-43e1e4bcefcd",
              "parentUUID": "2de43728-48f9-4c34-9206-e9ca112b0308",
              "isHook": false,
              "skipped": false
            }
          ],
          "suites": [],
          "passes": [
            "801223a0-669e-42f5-9fb0-a37fee893a35",
            "eb217cac-891c-4900-bf05-55684ba6f42b",
            "f312817f-36d8-4325-a175-cfc9da06f32e",
            "49cb9d26-3e71-49cb-8618-fc4524cf25d7",
            "8b3372c6-9be5-4d3e-a455-a62cc6f24e78",
            "2b4af639-726a-49c5-952c-170455b28b81",
            "8a035d64-6027-47c8-b46a-eba560c7490c",
            "0cd4a321-2ec3-40c5-a1fd-0d3d0feaa212",
            "604523a2-9f95-406c-89f9-6f368ff6ecfc",
            "5b61bd14-f731-41ae-998e-39c81d646d66",
            "fbdaa063-a274-41c3-ae89-bae1fb889190",
            "d94d2b62-f279-4449-999a-43e1e4bcefcd"
          ],
          "failures": [
            "8bff2f63-d8b4-443e-a895-3a0347e48b67"
          ],
          "pending": [],
          "skipped": [],
          "duration": 32546,
          "root": false,
          "rootEmpty": false,
          "_timeout": 2000
        },
        {
          "uuid": "927b64fd-7b16-4992-8015-2eb2b1b11a2f",
          "title": "Adding new valid cars",
          "fullFile": "",
          "file": "",
          "beforeHooks": [],
          "afterHooks": [],
          "tests": [
            {
              "title": "Check if valid car with valid brand-model can be created - Audi TT",
              "fullTitle": "Adding new valid cars Check if valid car with valid brand-model can be created - Audi TT",
              "timedOut": null,
              "duration": 2293,
              "state": "passed",
              "speed": "fast",
              "pass": true,
              "fail": false,
              "pending": false,
              "context": null,
              "code": "cy.get(\".btn-primary\").contains(\"Add car\").click();\ncy.get(\".modal-content\").within(() => {\n  cy.get(\"#addCarBrand\").select(brand.title);\n  cy.get(\"#addCarModel\").select(model.title);\n  cy.get(\"#addCarMileage\").type(`${_faker.faker.number.int({\n    min: 1,\n    max: 999999\n  })}`).focus().blur();\n  cy.get(\"#addCarMileage\").parents(\".form-group\").within(() => {\n    cy.get(\".invalid-feedback\").should('not.exist');\n  });\n  cy.get(\".btn-primary\").contains(\"Add\").click();\n  wasCarCreated = true;\n});\ncy.location(\"pathname\").should(\"eq\", \"/panel/garage\");\ncy.get(\"ul.car-list\").within(() => {\n  cy.get(\"li.car-item p.car_name\").contains(`${brand.title} ${model.title}`).should(\"be.visible\");\n});",
              "err": {},
              "uuid": "e6d591a8-adb3-4c27-8227-54032d1d8f67",
              "parentUUID": "927b64fd-7b16-4992-8015-2eb2b1b11a2f",
              "isHook": false,
              "skipped": false
            },
            {
              "title": "Check if valid car with valid brand-model can be created - Audi R8",
              "fullTitle": "Adding new valid cars Check if valid car with valid brand-model can be created - Audi R8",
              "timedOut": null,
              "duration": 2346,
              "state": "passed",
              "speed": "fast",
              "pass": true,
              "fail": false,
              "pending": false,
              "context": null,
              "code": "cy.get(\".btn-primary\").contains(\"Add car\").click();\ncy.get(\".modal-content\").within(() => {\n  cy.get(\"#addCarBrand\").select(brand.title);\n  cy.get(\"#addCarModel\").select(model.title);\n  cy.get(\"#addCarMileage\").type(`${_faker.faker.number.int({\n    min: 1,\n    max: 999999\n  })}`).focus().blur();\n  cy.get(\"#addCarMileage\").parents(\".form-group\").within(() => {\n    cy.get(\".invalid-feedback\").should('not.exist');\n  });\n  cy.get(\".btn-primary\").contains(\"Add\").click();\n  wasCarCreated = true;\n});\ncy.location(\"pathname\").should(\"eq\", \"/panel/garage\");\ncy.get(\"ul.car-list\").within(() => {\n  cy.get(\"li.car-item p.car_name\").contains(`${brand.title} ${model.title}`).should(\"be.visible\");\n});",
              "err": {},
              "uuid": "69579f58-7de6-4f95-91da-e8e00b62d4ed",
              "parentUUID": "927b64fd-7b16-4992-8015-2eb2b1b11a2f",
              "isHook": false,
              "skipped": false
            },
            {
              "title": "Check if valid car with valid brand-model can be created - Audi Q7",
              "fullTitle": "Adding new valid cars Check if valid car with valid brand-model can be created - Audi Q7",
              "timedOut": null,
              "duration": 7067,
              "state": "failed",
              "speed": null,
              "pass": false,
              "fail": true,
              "pending": false,
              "context": null,
              "code": "cy.get(\".btn-primary\").contains(\"Add car\").click();\ncy.get(\".modal-content\").within(() => {\n  cy.get(\"#addCarBrand\").select(brand.title);\n  cy.get(\"#addCarModel\").select(model.title);\n  cy.get(\"#addCarMileage\").type(`${_faker.faker.number.int({\n    min: 1,\n    max: 999999\n  })}`).focus().blur();\n  cy.get(\"#addCarMileage\").parents(\".form-group\").within(() => {\n    cy.get(\".invalid-feedback\").should('not.exist');\n  });\n  cy.get(\".btn-primary\").contains(\"Add\").click();\n  wasCarCreated = true;\n});\ncy.location(\"pathname\").should(\"eq\", \"/panel/garage\");\ncy.get(\"ul.car-list\").within(() => {\n  cy.get(\"li.car-item p.car_name\").contains(`${brand.title} ${model.title}`).should(\"be.visible\");\n});",
              "err": {
                "message": "AssertionError: Timed out retrying after 7000ms: Expected to find element: `li.car-item`, but never found it.\n\nBecause this error occurred during a `after each` hook we are skipping the remaining tests in the current suite: `Adding new valid cars`",
                "estack": "AssertionError: Timed out retrying after 7000ms: Expected to find element: `li.car-item`, but never found it.\n\nBecause this error occurred during a `after each` hook we are skipping the remaining tests in the current suite: `Adding new valid cars`\n    at Context.eval (webpack://qa-cypress/./cypress/e2e/cars_hw21.1/addCars.test.js:160:34)",
                "diff": null
              },
              "uuid": "a3a3d361-bd7b-4593-b76d-8bce0ebfec9f",
              "parentUUID": "927b64fd-7b16-4992-8015-2eb2b1b11a2f",
              "isHook": false,
              "skipped": false
            },
            {
              "title": "Check if valid car with valid brand-model can be created - Audi A6",
              "fullTitle": "Adding new valid cars Check if valid car with valid brand-model can be created - Audi A6",
              "timedOut": null,
              "duration": 0,
              "state": "skipped",
              "speed": null,
              "pass": false,
              "fail": false,
              "pending": false,
              "context": null,
              "code": "cy.get(\".btn-primary\").contains(\"Add car\").click();\ncy.get(\".modal-content\").within(() => {\n  cy.get(\"#addCarBrand\").select(brand.title);\n  cy.get(\"#addCarModel\").select(model.title);\n  cy.get(\"#addCarMileage\").type(`${_faker.faker.number.int({\n    min: 1,\n    max: 999999\n  })}`).focus().blur();\n  cy.get(\"#addCarMileage\").parents(\".form-group\").within(() => {\n    cy.get(\".invalid-feedback\").should('not.exist');\n  });\n  cy.get(\".btn-primary\").contains(\"Add\").click();\n  wasCarCreated = true;\n});\ncy.location(\"pathname\").should(\"eq\", \"/panel/garage\");\ncy.get(\"ul.car-list\").within(() => {\n  cy.get(\"li.car-item p.car_name\").contains(`${brand.title} ${model.title}`).should(\"be.visible\");\n});",
              "err": {},
              "uuid": "34457cab-9426-49da-8c06-1f3221a8ed9a",
              "parentUUID": "927b64fd-7b16-4992-8015-2eb2b1b11a2f",
              "isHook": false,
              "skipped": true
            },
            {
              "title": "Check if valid car with valid brand-model can be created - Audi A8",
              "fullTitle": "Adding new valid cars Check if valid car with valid brand-model can be created - Audi A8",
              "timedOut": null,
              "duration": 0,
              "state": "skipped",
              "speed": null,
              "pass": false,
              "fail": false,
              "pending": false,
              "context": null,
              "code": "cy.get(\".btn-primary\").contains(\"Add car\").click();\ncy.get(\".modal-content\").within(() => {\n  cy.get(\"#addCarBrand\").select(brand.title);\n  cy.get(\"#addCarModel\").select(model.title);\n  cy.get(\"#addCarMileage\").type(`${_faker.faker.number.int({\n    min: 1,\n    max: 999999\n  })}`).focus().blur();\n  cy.get(\"#addCarMileage\").parents(\".form-group\").within(() => {\n    cy.get(\".invalid-feedback\").should('not.exist');\n  });\n  cy.get(\".btn-primary\").contains(\"Add\").click();\n  wasCarCreated = true;\n});\ncy.location(\"pathname\").should(\"eq\", \"/panel/garage\");\ncy.get(\"ul.car-list\").within(() => {\n  cy.get(\"li.car-item p.car_name\").contains(`${brand.title} ${model.title}`).should(\"be.visible\");\n});",
              "err": {},
              "uuid": "90a02ae9-86cc-4674-822d-0385e2328f22",
              "parentUUID": "927b64fd-7b16-4992-8015-2eb2b1b11a2f",
              "isHook": false,
              "skipped": true
            },
            {
              "title": "Check if valid car with valid brand-model can be created - BMW 3",
              "fullTitle": "Adding new valid cars Check if valid car with valid brand-model can be created - BMW 3",
              "timedOut": null,
              "duration": 0,
              "state": "skipped",
              "speed": null,
              "pass": false,
              "fail": false,
              "pending": false,
              "context": null,
              "code": "cy.get(\".btn-primary\").contains(\"Add car\").click();\ncy.get(\".modal-content\").within(() => {\n  cy.get(\"#addCarBrand\").select(brand.title);\n  cy.get(\"#addCarModel\").select(model.title);\n  cy.get(\"#addCarMileage\").type(`${_faker.faker.number.int({\n    min: 1,\n    max: 999999\n  })}`).focus().blur();\n  cy.get(\"#addCarMileage\").parents(\".form-group\").within(() => {\n    cy.get(\".invalid-feedback\").should('not.exist');\n  });\n  cy.get(\".btn-primary\").contains(\"Add\").click();\n  wasCarCreated = true;\n});\ncy.location(\"pathname\").should(\"eq\", \"/panel/garage\");\ncy.get(\"ul.car-list\").within(() => {\n  cy.get(\"li.car-item p.car_name\").contains(`${brand.title} ${model.title}`).should(\"be.visible\");\n});",
              "err": {},
              "uuid": "0710829c-2115-4274-aab0-4c4a86461804",
              "parentUUID": "927b64fd-7b16-4992-8015-2eb2b1b11a2f",
              "isHook": false,
              "skipped": true
            },
            {
              "title": "Check if valid car with valid brand-model can be created - BMW 5",
              "fullTitle": "Adding new valid cars Check if valid car with valid brand-model can be created - BMW 5",
              "timedOut": null,
              "duration": 0,
              "state": "skipped",
              "speed": null,
              "pass": false,
              "fail": false,
              "pending": false,
              "context": null,
              "code": "cy.get(\".btn-primary\").contains(\"Add car\").click();\ncy.get(\".modal-content\").within(() => {\n  cy.get(\"#addCarBrand\").select(brand.title);\n  cy.get(\"#addCarModel\").select(model.title);\n  cy.get(\"#addCarMileage\").type(`${_faker.faker.number.int({\n    min: 1,\n    max: 999999\n  })}`).focus().blur();\n  cy.get(\"#addCarMileage\").parents(\".form-group\").within(() => {\n    cy.get(\".invalid-feedback\").should('not.exist');\n  });\n  cy.get(\".btn-primary\").contains(\"Add\").click();\n  wasCarCreated = true;\n});\ncy.location(\"pathname\").should(\"eq\", \"/panel/garage\");\ncy.get(\"ul.car-list\").within(() => {\n  cy.get(\"li.car-item p.car_name\").contains(`${brand.title} ${model.title}`).should(\"be.visible\");\n});",
              "err": {},
              "uuid": "ca974a26-6d41-4b76-a35a-19dfa464271c",
              "parentUUID": "927b64fd-7b16-4992-8015-2eb2b1b11a2f",
              "isHook": false,
              "skipped": true
            },
            {
              "title": "Check if valid car with valid brand-model can be created - BMW X5",
              "fullTitle": "Adding new valid cars Check if valid car with valid brand-model can be created - BMW X5",
              "timedOut": null,
              "duration": 0,
              "state": "skipped",
              "speed": null,
              "pass": false,
              "fail": false,
              "pending": false,
              "context": null,
              "code": "cy.get(\".btn-primary\").contains(\"Add car\").click();\ncy.get(\".modal-content\").within(() => {\n  cy.get(\"#addCarBrand\").select(brand.title);\n  cy.get(\"#addCarModel\").select(model.title);\n  cy.get(\"#addCarMileage\").type(`${_faker.faker.number.int({\n    min: 1,\n    max: 999999\n  })}`).focus().blur();\n  cy.get(\"#addCarMileage\").parents(\".form-group\").within(() => {\n    cy.get(\".invalid-feedback\").should('not.exist');\n  });\n  cy.get(\".btn-primary\").contains(\"Add\").click();\n  wasCarCreated = true;\n});\ncy.location(\"pathname\").should(\"eq\", \"/panel/garage\");\ncy.get(\"ul.car-list\").within(() => {\n  cy.get(\"li.car-item p.car_name\").contains(`${brand.title} ${model.title}`).should(\"be.visible\");\n});",
              "err": {},
              "uuid": "681617ca-cf59-42cf-93e0-81b21add38be",
              "parentUUID": "927b64fd-7b16-4992-8015-2eb2b1b11a2f",
              "isHook": false,
              "skipped": true
            },
            {
              "title": "Check if valid car with valid brand-model can be created - BMW X6",
              "fullTitle": "Adding new valid cars Check if valid car with valid brand-model can be created - BMW X6",
              "timedOut": null,
              "duration": 0,
              "state": "skipped",
              "speed": null,
              "pass": false,
              "fail": false,
              "pending": false,
              "context": null,
              "code": "cy.get(\".btn-primary\").contains(\"Add car\").click();\ncy.get(\".modal-content\").within(() => {\n  cy.get(\"#addCarBrand\").select(brand.title);\n  cy.get(\"#addCarModel\").select(model.title);\n  cy.get(\"#addCarMileage\").type(`${_faker.faker.number.int({\n    min: 1,\n    max: 999999\n  })}`).focus().blur();\n  cy.get(\"#addCarMileage\").parents(\".form-group\").within(() => {\n    cy.get(\".invalid-feedback\").should('not.exist');\n  });\n  cy.get(\".btn-primary\").contains(\"Add\").click();\n  wasCarCreated = true;\n});\ncy.location(\"pathname\").should(\"eq\", \"/panel/garage\");\ncy.get(\"ul.car-list\").within(() => {\n  cy.get(\"li.car-item p.car_name\").contains(`${brand.title} ${model.title}`).should(\"be.visible\");\n});",
              "err": {},
              "uuid": "e4c38aba-7167-4598-b3cc-e630eaf009d4",
              "parentUUID": "927b64fd-7b16-4992-8015-2eb2b1b11a2f",
              "isHook": false,
              "skipped": true
            },
            {
              "title": "Check if valid car with valid brand-model can be created - BMW Z3",
              "fullTitle": "Adding new valid cars Check if valid car with valid brand-model can be created - BMW Z3",
              "timedOut": null,
              "duration": 0,
              "state": "skipped",
              "speed": null,
              "pass": false,
              "fail": false,
              "pending": false,
              "context": null,
              "code": "cy.get(\".btn-primary\").contains(\"Add car\").click();\ncy.get(\".modal-content\").within(() => {\n  cy.get(\"#addCarBrand\").select(brand.title);\n  cy.get(\"#addCarModel\").select(model.title);\n  cy.get(\"#addCarMileage\").type(`${_faker.faker.number.int({\n    min: 1,\n    max: 999999\n  })}`).focus().blur();\n  cy.get(\"#addCarMileage\").parents(\".form-group\").within(() => {\n    cy.get(\".invalid-feedback\").should('not.exist');\n  });\n  cy.get(\".btn-primary\").contains(\"Add\").click();\n  wasCarCreated = true;\n});\ncy.location(\"pathname\").should(\"eq\", \"/panel/garage\");\ncy.get(\"ul.car-list\").within(() => {\n  cy.get(\"li.car-item p.car_name\").contains(`${brand.title} ${model.title}`).should(\"be.visible\");\n});",
              "err": {},
              "uuid": "c9805009-243f-4a73-b986-6c71a09b4bff",
              "parentUUID": "927b64fd-7b16-4992-8015-2eb2b1b11a2f",
              "isHook": false,
              "skipped": true
            },
            {
              "title": "Check if valid car with valid brand-model can be created - Ford Fiesta",
              "fullTitle": "Adding new valid cars Check if valid car with valid brand-model can be created - Ford Fiesta",
              "timedOut": null,
              "duration": 0,
              "state": "skipped",
              "speed": null,
              "pass": false,
              "fail": false,
              "pending": false,
              "context": null,
              "code": "cy.get(\".btn-primary\").contains(\"Add car\").click();\ncy.get(\".modal-content\").within(() => {\n  cy.get(\"#addCarBrand\").select(brand.title);\n  cy.get(\"#addCarModel\").select(model.title);\n  cy.get(\"#addCarMileage\").type(`${_faker.faker.number.int({\n    min: 1,\n    max: 999999\n  })}`).focus().blur();\n  cy.get(\"#addCarMileage\").parents(\".form-group\").within(() => {\n    cy.get(\".invalid-feedback\").should('not.exist');\n  });\n  cy.get(\".btn-primary\").contains(\"Add\").click();\n  wasCarCreated = true;\n});\ncy.location(\"pathname\").should(\"eq\", \"/panel/garage\");\ncy.get(\"ul.car-list\").within(() => {\n  cy.get(\"li.car-item p.car_name\").contains(`${brand.title} ${model.title}`).should(\"be.visible\");\n});",
              "err": {},
              "uuid": "e753191e-f7ee-43e0-86d4-96e8fd6aad5d",
              "parentUUID": "927b64fd-7b16-4992-8015-2eb2b1b11a2f",
              "isHook": false,
              "skipped": true
            },
            {
              "title": "Check if valid car with valid brand-model can be created - Ford Focus",
              "fullTitle": "Adding new valid cars Check if valid car with valid brand-model can be created - Ford Focus",
              "timedOut": null,
              "duration": 0,
              "state": "skipped",
              "speed": null,
              "pass": false,
              "fail": false,
              "pending": false,
              "context": null,
              "code": "cy.get(\".btn-primary\").contains(\"Add car\").click();\ncy.get(\".modal-content\").within(() => {\n  cy.get(\"#addCarBrand\").select(brand.title);\n  cy.get(\"#addCarModel\").select(model.title);\n  cy.get(\"#addCarMileage\").type(`${_faker.faker.number.int({\n    min: 1,\n    max: 999999\n  })}`).focus().blur();\n  cy.get(\"#addCarMileage\").parents(\".form-group\").within(() => {\n    cy.get(\".invalid-feedback\").should('not.exist');\n  });\n  cy.get(\".btn-primary\").contains(\"Add\").click();\n  wasCarCreated = true;\n});\ncy.location(\"pathname\").should(\"eq\", \"/panel/garage\");\ncy.get(\"ul.car-list\").within(() => {\n  cy.get(\"li.car-item p.car_name\").contains(`${brand.title} ${model.title}`).should(\"be.visible\");\n});",
              "err": {},
              "uuid": "6fd8bd35-4c16-499f-8d32-593787e014a6",
              "parentUUID": "927b64fd-7b16-4992-8015-2eb2b1b11a2f",
              "isHook": false,
              "skipped": true
            },
            {
              "title": "Check if valid car with valid brand-model can be created - Ford Fusion",
              "fullTitle": "Adding new valid cars Check if valid car with valid brand-model can be created - Ford Fusion",
              "timedOut": null,
              "duration": 0,
              "state": "skipped",
              "speed": null,
              "pass": false,
              "fail": false,
              "pending": false,
              "context": null,
              "code": "cy.get(\".btn-primary\").contains(\"Add car\").click();\ncy.get(\".modal-content\").within(() => {\n  cy.get(\"#addCarBrand\").select(brand.title);\n  cy.get(\"#addCarModel\").select(model.title);\n  cy.get(\"#addCarMileage\").type(`${_faker.faker.number.int({\n    min: 1,\n    max: 999999\n  })}`).focus().blur();\n  cy.get(\"#addCarMileage\").parents(\".form-group\").within(() => {\n    cy.get(\".invalid-feedback\").should('not.exist');\n  });\n  cy.get(\".btn-primary\").contains(\"Add\").click();\n  wasCarCreated = true;\n});\ncy.location(\"pathname\").should(\"eq\", \"/panel/garage\");\ncy.get(\"ul.car-list\").within(() => {\n  cy.get(\"li.car-item p.car_name\").contains(`${brand.title} ${model.title}`).should(\"be.visible\");\n});",
              "err": {},
              "uuid": "58c31bcd-2828-47e0-9aca-a5c846e54bd5",
              "parentUUID": "927b64fd-7b16-4992-8015-2eb2b1b11a2f",
              "isHook": false,
              "skipped": true
            },
            {
              "title": "Check if valid car with valid brand-model can be created - Ford Mondeo",
              "fullTitle": "Adding new valid cars Check if valid car with valid brand-model can be created - Ford Mondeo",
              "timedOut": null,
              "duration": 0,
              "state": "skipped",
              "speed": null,
              "pass": false,
              "fail": false,
              "pending": false,
              "context": null,
              "code": "cy.get(\".btn-primary\").contains(\"Add car\").click();\ncy.get(\".modal-content\").within(() => {\n  cy.get(\"#addCarBrand\").select(brand.title);\n  cy.get(\"#addCarModel\").select(model.title);\n  cy.get(\"#addCarMileage\").type(`${_faker.faker.number.int({\n    min: 1,\n    max: 999999\n  })}`).focus().blur();\n  cy.get(\"#addCarMileage\").parents(\".form-group\").within(() => {\n    cy.get(\".invalid-feedback\").should('not.exist');\n  });\n  cy.get(\".btn-primary\").contains(\"Add\").click();\n  wasCarCreated = true;\n});\ncy.location(\"pathname\").should(\"eq\", \"/panel/garage\");\ncy.get(\"ul.car-list\").within(() => {\n  cy.get(\"li.car-item p.car_name\").contains(`${brand.title} ${model.title}`).should(\"be.visible\");\n});",
              "err": {},
              "uuid": "c7aa7983-beea-4917-9fc3-036c1408947f",
              "parentUUID": "927b64fd-7b16-4992-8015-2eb2b1b11a2f",
              "isHook": false,
              "skipped": true
            },
            {
              "title": "Check if valid car with valid brand-model can be created - Ford Sierra",
              "fullTitle": "Adding new valid cars Check if valid car with valid brand-model can be created - Ford Sierra",
              "timedOut": null,
              "duration": 0,
              "state": "skipped",
              "speed": null,
              "pass": false,
              "fail": false,
              "pending": false,
              "context": null,
              "code": "cy.get(\".btn-primary\").contains(\"Add car\").click();\ncy.get(\".modal-content\").within(() => {\n  cy.get(\"#addCarBrand\").select(brand.title);\n  cy.get(\"#addCarModel\").select(model.title);\n  cy.get(\"#addCarMileage\").type(`${_faker.faker.number.int({\n    min: 1,\n    max: 999999\n  })}`).focus().blur();\n  cy.get(\"#addCarMileage\").parents(\".form-group\").within(() => {\n    cy.get(\".invalid-feedback\").should('not.exist');\n  });\n  cy.get(\".btn-primary\").contains(\"Add\").click();\n  wasCarCreated = true;\n});\ncy.location(\"pathname\").should(\"eq\", \"/panel/garage\");\ncy.get(\"ul.car-list\").within(() => {\n  cy.get(\"li.car-item p.car_name\").contains(`${brand.title} ${model.title}`).should(\"be.visible\");\n});",
              "err": {},
              "uuid": "4d6af2ac-37bc-41d2-8a33-2d49f0fafe50",
              "parentUUID": "927b64fd-7b16-4992-8015-2eb2b1b11a2f",
              "isHook": false,
              "skipped": true
            },
            {
              "title": "Check if valid car with valid brand-model can be created - Porsche 911",
              "fullTitle": "Adding new valid cars Check if valid car with valid brand-model can be created - Porsche 911",
              "timedOut": null,
              "duration": 0,
              "state": "skipped",
              "speed": null,
              "pass": false,
              "fail": false,
              "pending": false,
              "context": null,
              "code": "cy.get(\".btn-primary\").contains(\"Add car\").click();\ncy.get(\".modal-content\").within(() => {\n  cy.get(\"#addCarBrand\").select(brand.title);\n  cy.get(\"#addCarModel\").select(model.title);\n  cy.get(\"#addCarMileage\").type(`${_faker.faker.number.int({\n    min: 1,\n    max: 999999\n  })}`).focus().blur();\n  cy.get(\"#addCarMileage\").parents(\".form-group\").within(() => {\n    cy.get(\".invalid-feedback\").should('not.exist');\n  });\n  cy.get(\".btn-primary\").contains(\"Add\").click();\n  wasCarCreated = true;\n});\ncy.location(\"pathname\").should(\"eq\", \"/panel/garage\");\ncy.get(\"ul.car-list\").within(() => {\n  cy.get(\"li.car-item p.car_name\").contains(`${brand.title} ${model.title}`).should(\"be.visible\");\n});",
              "err": {},
              "uuid": "296c1415-49e1-402f-a554-d152149f2cf2",
              "parentUUID": "927b64fd-7b16-4992-8015-2eb2b1b11a2f",
              "isHook": false,
              "skipped": true
            },
            {
              "title": "Check if valid car with valid brand-model can be created - Porsche Cayenne",
              "fullTitle": "Adding new valid cars Check if valid car with valid brand-model can be created - Porsche Cayenne",
              "timedOut": null,
              "duration": 0,
              "state": "skipped",
              "speed": null,
              "pass": false,
              "fail": false,
              "pending": false,
              "context": null,
              "code": "cy.get(\".btn-primary\").contains(\"Add car\").click();\ncy.get(\".modal-content\").within(() => {\n  cy.get(\"#addCarBrand\").select(brand.title);\n  cy.get(\"#addCarModel\").select(model.title);\n  cy.get(\"#addCarMileage\").type(`${_faker.faker.number.int({\n    min: 1,\n    max: 999999\n  })}`).focus().blur();\n  cy.get(\"#addCarMileage\").parents(\".form-group\").within(() => {\n    cy.get(\".invalid-feedback\").should('not.exist');\n  });\n  cy.get(\".btn-primary\").contains(\"Add\").click();\n  wasCarCreated = true;\n});\ncy.location(\"pathname\").should(\"eq\", \"/panel/garage\");\ncy.get(\"ul.car-list\").within(() => {\n  cy.get(\"li.car-item p.car_name\").contains(`${brand.title} ${model.title}`).should(\"be.visible\");\n});",
              "err": {},
              "uuid": "6c620efd-6200-4126-b556-bbc15700da3d",
              "parentUUID": "927b64fd-7b16-4992-8015-2eb2b1b11a2f",
              "isHook": false,
              "skipped": true
            },
            {
              "title": "Check if valid car with valid brand-model can be created - Porsche Panamera",
              "fullTitle": "Adding new valid cars Check if valid car with valid brand-model can be created - Porsche Panamera",
              "timedOut": null,
              "duration": 0,
              "state": "skipped",
              "speed": null,
              "pass": false,
              "fail": false,
              "pending": false,
              "context": null,
              "code": "cy.get(\".btn-primary\").contains(\"Add car\").click();\ncy.get(\".modal-content\").within(() => {\n  cy.get(\"#addCarBrand\").select(brand.title);\n  cy.get(\"#addCarModel\").select(model.title);\n  cy.get(\"#addCarMileage\").type(`${_faker.faker.number.int({\n    min: 1,\n    max: 999999\n  })}`).focus().blur();\n  cy.get(\"#addCarMileage\").parents(\".form-group\").within(() => {\n    cy.get(\".invalid-feedback\").should('not.exist');\n  });\n  cy.get(\".btn-primary\").contains(\"Add\").click();\n  wasCarCreated = true;\n});\ncy.location(\"pathname\").should(\"eq\", \"/panel/garage\");\ncy.get(\"ul.car-list\").within(() => {\n  cy.get(\"li.car-item p.car_name\").contains(`${brand.title} ${model.title}`).should(\"be.visible\");\n});",
              "err": {},
              "uuid": "0ef4960c-21e7-48ac-a7ad-ff52168eec31",
              "parentUUID": "927b64fd-7b16-4992-8015-2eb2b1b11a2f",
              "isHook": false,
              "skipped": true
            },
            {
              "title": "Check if valid car with valid brand-model can be created - Fiat Palio",
              "fullTitle": "Adding new valid cars Check if valid car with valid brand-model can be created - Fiat Palio",
              "timedOut": null,
              "duration": 0,
              "state": "skipped",
              "speed": null,
              "pass": false,
              "fail": false,
              "pending": false,
              "context": null,
              "code": "cy.get(\".btn-primary\").contains(\"Add car\").click();\ncy.get(\".modal-content\").within(() => {\n  cy.get(\"#addCarBrand\").select(brand.title);\n  cy.get(\"#addCarModel\").select(model.title);\n  cy.get(\"#addCarMileage\").type(`${_faker.faker.number.int({\n    min: 1,\n    max: 999999\n  })}`).focus().blur();\n  cy.get(\"#addCarMileage\").parents(\".form-group\").within(() => {\n    cy.get(\".invalid-feedback\").should('not.exist');\n  });\n  cy.get(\".btn-primary\").contains(\"Add\").click();\n  wasCarCreated = true;\n});\ncy.location(\"pathname\").should(\"eq\", \"/panel/garage\");\ncy.get(\"ul.car-list\").within(() => {\n  cy.get(\"li.car-item p.car_name\").contains(`${brand.title} ${model.title}`).should(\"be.visible\");\n});",
              "err": {},
              "uuid": "9531205a-25c4-42e2-a253-8dd707c92348",
              "parentUUID": "927b64fd-7b16-4992-8015-2eb2b1b11a2f",
              "isHook": false,
              "skipped": true
            },
            {
              "title": "Check if valid car with valid brand-model can be created - Fiat Ducato",
              "fullTitle": "Adding new valid cars Check if valid car with valid brand-model can be created - Fiat Ducato",
              "timedOut": null,
              "duration": 0,
              "state": "skipped",
              "speed": null,
              "pass": false,
              "fail": false,
              "pending": false,
              "context": null,
              "code": "cy.get(\".btn-primary\").contains(\"Add car\").click();\ncy.get(\".modal-content\").within(() => {\n  cy.get(\"#addCarBrand\").select(brand.title);\n  cy.get(\"#addCarModel\").select(model.title);\n  cy.get(\"#addCarMileage\").type(`${_faker.faker.number.int({\n    min: 1,\n    max: 999999\n  })}`).focus().blur();\n  cy.get(\"#addCarMileage\").parents(\".form-group\").within(() => {\n    cy.get(\".invalid-feedback\").should('not.exist');\n  });\n  cy.get(\".btn-primary\").contains(\"Add\").click();\n  wasCarCreated = true;\n});\ncy.location(\"pathname\").should(\"eq\", \"/panel/garage\");\ncy.get(\"ul.car-list\").within(() => {\n  cy.get(\"li.car-item p.car_name\").contains(`${brand.title} ${model.title}`).should(\"be.visible\");\n});",
              "err": {},
              "uuid": "fb072bf8-5cd5-4012-a4a1-c1b623960dd1",
              "parentUUID": "927b64fd-7b16-4992-8015-2eb2b1b11a2f",
              "isHook": false,
              "skipped": true
            },
            {
              "title": "Check if valid car with valid brand-model can be created - Fiat Panda",
              "fullTitle": "Adding new valid cars Check if valid car with valid brand-model can be created - Fiat Panda",
              "timedOut": null,
              "duration": 0,
              "state": "skipped",
              "speed": null,
              "pass": false,
              "fail": false,
              "pending": false,
              "context": null,
              "code": "cy.get(\".btn-primary\").contains(\"Add car\").click();\ncy.get(\".modal-content\").within(() => {\n  cy.get(\"#addCarBrand\").select(brand.title);\n  cy.get(\"#addCarModel\").select(model.title);\n  cy.get(\"#addCarMileage\").type(`${_faker.faker.number.int({\n    min: 1,\n    max: 999999\n  })}`).focus().blur();\n  cy.get(\"#addCarMileage\").parents(\".form-group\").within(() => {\n    cy.get(\".invalid-feedback\").should('not.exist');\n  });\n  cy.get(\".btn-primary\").contains(\"Add\").click();\n  wasCarCreated = true;\n});\ncy.location(\"pathname\").should(\"eq\", \"/panel/garage\");\ncy.get(\"ul.car-list\").within(() => {\n  cy.get(\"li.car-item p.car_name\").contains(`${brand.title} ${model.title}`).should(\"be.visible\");\n});",
              "err": {},
              "uuid": "21eb0e33-207f-4025-b9d7-1bb91fcbdef8",
              "parentUUID": "927b64fd-7b16-4992-8015-2eb2b1b11a2f",
              "isHook": false,
              "skipped": true
            },
            {
              "title": "Check if valid car with valid brand-model can be created - Fiat Punto",
              "fullTitle": "Adding new valid cars Check if valid car with valid brand-model can be created - Fiat Punto",
              "timedOut": null,
              "duration": 0,
              "state": "skipped",
              "speed": null,
              "pass": false,
              "fail": false,
              "pending": false,
              "context": null,
              "code": "cy.get(\".btn-primary\").contains(\"Add car\").click();\ncy.get(\".modal-content\").within(() => {\n  cy.get(\"#addCarBrand\").select(brand.title);\n  cy.get(\"#addCarModel\").select(model.title);\n  cy.get(\"#addCarMileage\").type(`${_faker.faker.number.int({\n    min: 1,\n    max: 999999\n  })}`).focus().blur();\n  cy.get(\"#addCarMileage\").parents(\".form-group\").within(() => {\n    cy.get(\".invalid-feedback\").should('not.exist');\n  });\n  cy.get(\".btn-primary\").contains(\"Add\").click();\n  wasCarCreated = true;\n});\ncy.location(\"pathname\").should(\"eq\", \"/panel/garage\");\ncy.get(\"ul.car-list\").within(() => {\n  cy.get(\"li.car-item p.car_name\").contains(`${brand.title} ${model.title}`).should(\"be.visible\");\n});",
              "err": {},
              "uuid": "75f7efcc-20ad-46c7-b7cc-474005b8a62e",
              "parentUUID": "927b64fd-7b16-4992-8015-2eb2b1b11a2f",
              "isHook": false,
              "skipped": true
            },
            {
              "title": "Check if valid car with valid brand-model can be created - Fiat Scudo",
              "fullTitle": "Adding new valid cars Check if valid car with valid brand-model can be created - Fiat Scudo",
              "timedOut": null,
              "duration": 0,
              "state": "skipped",
              "speed": null,
              "pass": false,
              "fail": false,
              "pending": false,
              "context": null,
              "code": "cy.get(\".btn-primary\").contains(\"Add car\").click();\ncy.get(\".modal-content\").within(() => {\n  cy.get(\"#addCarBrand\").select(brand.title);\n  cy.get(\"#addCarModel\").select(model.title);\n  cy.get(\"#addCarMileage\").type(`${_faker.faker.number.int({\n    min: 1,\n    max: 999999\n  })}`).focus().blur();\n  cy.get(\"#addCarMileage\").parents(\".form-group\").within(() => {\n    cy.get(\".invalid-feedback\").should('not.exist');\n  });\n  cy.get(\".btn-primary\").contains(\"Add\").click();\n  wasCarCreated = true;\n});\ncy.location(\"pathname\").should(\"eq\", \"/panel/garage\");\ncy.get(\"ul.car-list\").within(() => {\n  cy.get(\"li.car-item p.car_name\").contains(`${brand.title} ${model.title}`).should(\"be.visible\");\n});",
              "err": {},
              "uuid": "1a2c5d32-1dd8-4713-ab01-e48905ab4619",
              "parentUUID": "927b64fd-7b16-4992-8015-2eb2b1b11a2f",
              "isHook": false,
              "skipped": true
            },
            {
              "title": "Add a car without selecting brand and modal",
              "fullTitle": "Adding new valid cars Add a car without selecting brand and modal",
              "timedOut": null,
              "duration": 0,
              "state": "skipped",
              "speed": null,
              "pass": false,
              "fail": false,
              "pending": false,
              "context": null,
              "code": "cy.get(\".btn-primary\").contains(\"Add car\").click();\ncy.get(\".modal-content\").within(() => {\n  cy.get(\"#addCarMileage\").type(`${_faker.faker.number.int({\n    min: 1,\n    max: 999999\n  })}`).focus().blur();\n  cy.get(\"#addCarMileage\").parents(\".form-group\").within(() => {\n    cy.get(\".invalid-feedback\").should('not.exist');\n  });\n  cy.get(\".btn-primary\").contains(\"Add\").click();\n  wasCarCreated = true;\n});\ncy.location(\"pathname\").should(\"eq\", \"/panel/garage\");",
              "err": {},
              "uuid": "6daa5a06-f9c5-4326-99c9-dc7c1e46d29f",
              "parentUUID": "927b64fd-7b16-4992-8015-2eb2b1b11a2f",
              "isHook": false,
              "skipped": true
            }
          ],
          "suites": [],
          "passes": [
            "e6d591a8-adb3-4c27-8227-54032d1d8f67",
            "69579f58-7de6-4f95-91da-e8e00b62d4ed"
          ],
          "failures": [
            "a3a3d361-bd7b-4593-b76d-8bce0ebfec9f"
          ],
          "pending": [],
          "skipped": [
            "34457cab-9426-49da-8c06-1f3221a8ed9a",
            "90a02ae9-86cc-4674-822d-0385e2328f22",
            "0710829c-2115-4274-aab0-4c4a86461804",
            "ca974a26-6d41-4b76-a35a-19dfa464271c",
            "681617ca-cf59-42cf-93e0-81b21add38be",
            "e4c38aba-7167-4598-b3cc-e630eaf009d4",
            "c9805009-243f-4a73-b986-6c71a09b4bff",
            "e753191e-f7ee-43e0-86d4-96e8fd6aad5d",
            "6fd8bd35-4c16-499f-8d32-593787e014a6",
            "58c31bcd-2828-47e0-9aca-a5c846e54bd5",
            "c7aa7983-beea-4917-9fc3-036c1408947f",
            "4d6af2ac-37bc-41d2-8a33-2d49f0fafe50",
            "296c1415-49e1-402f-a554-d152149f2cf2",
            "6c620efd-6200-4126-b556-bbc15700da3d",
            "0ef4960c-21e7-48ac-a7ad-ff52168eec31",
            "9531205a-25c4-42e2-a253-8dd707c92348",
            "fb072bf8-5cd5-4012-a4a1-c1b623960dd1",
            "21eb0e33-207f-4025-b9d7-1bb91fcbdef8",
            "75f7efcc-20ad-46c7-b7cc-474005b8a62e",
            "1a2c5d32-1dd8-4713-ab01-e48905ab4619",
            "6daa5a06-f9c5-4326-99c9-dc7c1e46d29f"
          ],
          "duration": 11706,
          "root": false,
          "rootEmpty": false,
          "_timeout": 2000
        }
      ],
      "passes": [],
      "failures": [],
      "pending": [],
      "skipped": [],
      "duration": 0,
      "root": true,
      "rootEmpty": true,
      "_timeout": 2000
    }
  ],
  "meta": {
    "mocha": {
      "version": "7.2.0"
    },
    "mochawesome": {
      "options": {
        "quiet": false,
        "reportFilename": "mochawesome",
        "saveHtml": false,
        "saveJson": true,
        "consoleReporter": "spec",
        "useInlineDiffs": false,
        "code": true
      },
      "version": "7.1.4"
    },
    "marge": {
      "options": {
        "reportDir": "cypress/results",
        "overwrite": false,
        "html": false,
        "json": true
      },
      "version": "6.3.2"
    }
  }
}