{
  "stats": {
    "suites": 2,
    "tests": 14,
    "passes": 14,
    "pending": 0,
    "failures": 0,
    "start": "2025-11-22T15:29:27.611Z",
    "end": "2025-11-22T15:29:33.692Z",
    "duration": 6081,
    "testsRegistered": 14,
    "passPercent": 100,
    "pendingPercent": 0,
    "other": 0,
    "hasOther": false,
    "skipped": 0,
    "hasSkipped": false
  },
  "results": [
    {
      "uuid": "05d7d348-8ac0-470b-880b-782b67fc5406",
      "title": "",
      "fullFile": "cypress/e2e/navigation/findingElements.test.js",
      "file": "cypress/e2e/navigation/findingElements.test.js",
      "beforeHooks": [],
      "afterHooks": [],
      "tests": [],
      "suites": [
        {
          "uuid": "b4adbc37-f3ee-4281-a5eb-1ab205bda9f5",
          "title": "Find header elements",
          "fullFile": "",
          "file": "",
          "beforeHooks": [],
          "afterHooks": [],
          "tests": [
            {
              "title": "Find logo link",
              "fullTitle": "Find header elements Find logo link",
              "timedOut": null,
              "duration": 1012,
              "state": "passed",
              "speed": "fast",
              "pass": true,
              "fail": false,
              "pending": false,
              "context": null,
              "code": "cy.get('@headerContainer').within(() => {\n  cy.get('.header_logo').should('have.attr', 'href', '/');\n});",
              "err": {},
              "uuid": "684bde66-4834-4146-ba9c-ae39a8b3adde",
              "parentUUID": "b4adbc37-f3ee-4281-a5eb-1ab205bda9f5",
              "isHook": false,
              "skipped": false
            },
            {
              "title": "Find Home link",
              "fullTitle": "Find header elements Find Home link",
              "timedOut": null,
              "duration": 471,
              "state": "passed",
              "speed": "fast",
              "pass": true,
              "fail": false,
              "pending": false,
              "context": null,
              "code": "cy.get('@headerContainer').within(() => {\n  cy.get('.-active').should('have.attr', 'href', '/').contains('Home');\n});",
              "err": {},
              "uuid": "2ac8b97d-0b99-471c-85b7-bd53ae02a429",
              "parentUUID": "b4adbc37-f3ee-4281-a5eb-1ab205bda9f5",
              "isHook": false,
              "skipped": false
            },
            {
              "title": "Find About button",
              "fullTitle": "Find header elements Find About button",
              "timedOut": null,
              "duration": 378,
              "state": "passed",
              "speed": "fast",
              "pass": true,
              "fail": false,
              "pending": false,
              "context": null,
              "code": "cy.get('@headerContainer').within(() => {\n  cy.get('.header-link').contains('About').should('have.attr', 'appscrollto', 'aboutSection');\n});",
              "err": {},
              "uuid": "144c92dd-6a61-490f-8766-d2253dfc98c0",
              "parentUUID": "b4adbc37-f3ee-4281-a5eb-1ab205bda9f5",
              "isHook": false,
              "skipped": false
            },
            {
              "title": "Find Contacts button",
              "fullTitle": "Find header elements Find Contacts button",
              "timedOut": null,
              "duration": 266,
              "state": "passed",
              "speed": "fast",
              "pass": true,
              "fail": false,
              "pending": false,
              "context": null,
              "code": "cy.get('@headerContainer').within(() => {\n  cy.get('.header-link').contains('Contacts').should('have.attr', 'appscrollto', 'contactsSection');\n});",
              "err": {},
              "uuid": "74591d49-f9cc-46b9-907c-d08565c88272",
              "parentUUID": "b4adbc37-f3ee-4281-a5eb-1ab205bda9f5",
              "isHook": false,
              "skipped": false
            },
            {
              "title": "Find Guest login link",
              "fullTitle": "Find header elements Find Guest login link",
              "timedOut": null,
              "duration": 363,
              "state": "passed",
              "speed": "fast",
              "pass": true,
              "fail": false,
              "pending": false,
              "context": null,
              "code": "cy.get('@headerContainer').within(() => {\n  cy.get('.-guest').contains('Guest log in');\n});",
              "err": {},
              "uuid": "1d0df91e-2b70-4b3b-a9a6-bc7f9b028498",
              "parentUUID": "b4adbc37-f3ee-4281-a5eb-1ab205bda9f5",
              "isHook": false,
              "skipped": false
            },
            {
              "title": "Find Sign in button",
              "fullTitle": "Find header elements Find Sign in button",
              "timedOut": null,
              "duration": 336,
              "state": "passed",
              "speed": "fast",
              "pass": true,
              "fail": false,
              "pending": false,
              "context": null,
              "code": "cy.get('@headerContainer').within(() => {\n  cy.get('.header_signin').contains('Sign In');\n});",
              "err": {},
              "uuid": "761ff7a7-caa4-4063-8c61-a0c873f33cb5",
              "parentUUID": "b4adbc37-f3ee-4281-a5eb-1ab205bda9f5",
              "isHook": false,
              "skipped": false
            },
            {
              "title": "Find Sign up button",
              "fullTitle": "Find header elements Find Sign up button",
              "timedOut": null,
              "duration": 361,
              "state": "passed",
              "speed": "fast",
              "pass": true,
              "fail": false,
              "pending": false,
              "context": null,
              "code": "cy.get('.btn-primary').contains('Sign up');",
              "err": {},
              "uuid": "d6f11504-8b5b-4c2a-b8a3-bc2b32f53752",
              "parentUUID": "b4adbc37-f3ee-4281-a5eb-1ab205bda9f5",
              "isHook": false,
              "skipped": false
            }
          ],
          "suites": [],
          "passes": [
            "684bde66-4834-4146-ba9c-ae39a8b3adde",
            "2ac8b97d-0b99-471c-85b7-bd53ae02a429",
            "144c92dd-6a61-490f-8766-d2253dfc98c0",
            "74591d49-f9cc-46b9-907c-d08565c88272",
            "1d0df91e-2b70-4b3b-a9a6-bc7f9b028498",
            "761ff7a7-caa4-4063-8c61-a0c873f33cb5",
            "d6f11504-8b5b-4c2a-b8a3-bc2b32f53752"
          ],
          "failures": [],
          "pending": [],
          "skipped": [],
          "duration": 3187,
          "root": false,
          "rootEmpty": false,
          "_timeout": 2000
        },
        {
          "uuid": "ce99a761-0350-4981-976c-7b0ffc44869b",
          "title": "Find footer elements",
          "fullFile": "",
          "file": "",
          "beforeHooks": [],
          "afterHooks": [],
          "tests": [
            {
              "title": "Find Facebook link",
              "fullTitle": "Find footer elements Find Facebook link",
              "timedOut": null,
              "duration": 363,
              "state": "passed",
              "speed": "fast",
              "pass": true,
              "fail": false,
              "pending": false,
              "context": null,
              "code": "cy.get('@contactsContainer').within(() => {\n  cy.get('span.icon-facebook').parent('a.socials_link').should('have.attr', 'href', 'https://www.facebook.com/Hillel.IT.School');\n});",
              "err": {},
              "uuid": "8f874ae4-075d-4691-a4bb-24cf9281758c",
              "parentUUID": "ce99a761-0350-4981-976c-7b0ffc44869b",
              "isHook": false,
              "skipped": false
            },
            {
              "title": "Find Telegram link",
              "fullTitle": "Find footer elements Find Telegram link",
              "timedOut": null,
              "duration": 350,
              "state": "passed",
              "speed": "fast",
              "pass": true,
              "fail": false,
              "pending": false,
              "context": null,
              "code": "cy.get('@contactsContainer').within(() => {\n  cy.get('span.icon-telegram').parent('a.socials_link').should('have.attr', 'href', 'https://t.me/ithillel_kyiv');\n});",
              "err": {},
              "uuid": "be9ec5bb-2068-4d9a-a77b-53b7943041cd",
              "parentUUID": "ce99a761-0350-4981-976c-7b0ffc44869b",
              "isHook": false,
              "skipped": false
            },
            {
              "title": "Find Youtube link",
              "fullTitle": "Find footer elements Find Youtube link",
              "timedOut": null,
              "duration": 353,
              "state": "passed",
              "speed": "fast",
              "pass": true,
              "fail": false,
              "pending": false,
              "context": null,
              "code": "cy.get('@contactsContainer').within(() => {\n  cy.get('span.icon-youtube').parent('a.socials_link').should('have.attr', 'href', 'https://www.youtube.com/user/HillelITSchool?sub_confirmation=1');\n});",
              "err": {},
              "uuid": "c9bcdcb4-d85a-4666-a90f-0ffc21323824",
              "parentUUID": "ce99a761-0350-4981-976c-7b0ffc44869b",
              "isHook": false,
              "skipped": false
            },
            {
              "title": "Find Instagram link",
              "fullTitle": "Find footer elements Find Instagram link",
              "timedOut": null,
              "duration": 354,
              "state": "passed",
              "speed": "fast",
              "pass": true,
              "fail": false,
              "pending": false,
              "context": null,
              "code": "cy.get('@contactsContainer').within(() => {\n  cy.get('span.icon-instagram').parent('a.socials_link').should('have.attr', 'href', 'https://www.instagram.com/hillel_itschool/');\n});",
              "err": {},
              "uuid": "43b43888-d159-4f8f-9812-573dbf49f34c",
              "parentUUID": "ce99a761-0350-4981-976c-7b0ffc44869b",
              "isHook": false,
              "skipped": false
            },
            {
              "title": "Find LinkedIn link",
              "fullTitle": "Find footer elements Find LinkedIn link",
              "timedOut": null,
              "duration": 366,
              "state": "passed",
              "speed": "fast",
              "pass": true,
              "fail": false,
              "pending": false,
              "context": null,
              "code": "cy.get('@contactsContainer').within(() => {\n  cy.get('span.icon-linkedin').parent('a.socials_link').should('have.attr', 'href', 'https://www.linkedin.com/school/ithillel/');\n});",
              "err": {},
              "uuid": "812448ad-cb4d-431c-b0bc-a1bbefe017aa",
              "parentUUID": "ce99a761-0350-4981-976c-7b0ffc44869b",
              "isHook": false,
              "skipped": false
            },
            {
              "title": "Find Contacts link",
              "fullTitle": "Find footer elements Find Contacts link",
              "timedOut": null,
              "duration": 335,
              "state": "passed",
              "speed": "fast",
              "pass": true,
              "fail": false,
              "pending": false,
              "context": null,
              "code": "cy.get('@contactsContainer').within(() => {\n  cy.get('.display-4').should('have.attr', 'href', 'https://ithillel.ua');\n});",
              "err": {},
              "uuid": "15e4bd04-7363-4de2-8359-9381fbd66cac",
              "parentUUID": "ce99a761-0350-4981-976c-7b0ffc44869b",
              "isHook": false,
              "skipped": false
            },
            {
              "title": "Find MailTo link",
              "fullTitle": "Find footer elements Find MailTo link",
              "timedOut": null,
              "duration": 338,
              "state": "passed",
              "speed": "fast",
              "pass": true,
              "fail": false,
              "pending": false,
              "context": null,
              "code": "cy.get('@contactsContainer').within(() => {\n  cy.get('a.h4').should('have.attr', 'href', 'mailto:developer@ithillel.ua');\n});",
              "err": {},
              "uuid": "d511c2e5-8d26-4748-8683-b0cc2daa7b72",
              "parentUUID": "ce99a761-0350-4981-976c-7b0ffc44869b",
              "isHook": false,
              "skipped": false
            }
          ],
          "suites": [],
          "passes": [
            "8f874ae4-075d-4691-a4bb-24cf9281758c",
            "be9ec5bb-2068-4d9a-a77b-53b7943041cd",
            "c9bcdcb4-d85a-4666-a90f-0ffc21323824",
            "43b43888-d159-4f8f-9812-573dbf49f34c",
            "812448ad-cb4d-431c-b0bc-a1bbefe017aa",
            "15e4bd04-7363-4de2-8359-9381fbd66cac",
            "d511c2e5-8d26-4748-8683-b0cc2daa7b72"
          ],
          "failures": [],
          "pending": [],
          "skipped": [],
          "duration": 2459,
          "root": false,
          "rootEmpty": false,
          "_timeout": 2000
        }
      ],
      "passes": [],
      "failures": [],
      "pending": [],
      "skipped": [],
      "duration": 0,
      "root": true,
      "rootEmpty": true,
      "_timeout": 2000
    }
  ],
  "meta": {
    "mocha": {
      "version": "7.2.0"
    },
    "mochawesome": {
      "options": {
        "quiet": false,
        "reportFilename": "mochawesome",
        "saveHtml": false,
        "saveJson": true,
        "consoleReporter": "spec",
        "useInlineDiffs": false,
        "code": true
      },
      "version": "7.1.4"
    },
    "marge": {
      "options": {
        "reportDir": "cypress/results",
        "overwrite": false,
        "html": false,
        "json": true
      },
      "version": "6.3.2"
    }
  }
}