{
  "stats": {
    "suites": 5,
    "tests": 28,
    "passes": 28,
    "pending": 0,
    "failures": 0,
    "start": "2025-11-22T18:43:38.938Z",
    "end": "2025-11-22T18:45:21.624Z",
    "duration": 102686,
    "testsRegistered": 28,
    "passPercent": 100,
    "pendingPercent": 0,
    "other": 0,
    "hasOther": false,
    "skipped": 0,
    "hasSkipped": false
  },
  "results": [
    {
      "uuid": "82ed5555-c47f-4291-81ad-b61689d6dbd4",
      "title": "",
      "fullFile": "cypress/e2e/cars_hw21.1/addFuelExpence.test.js",
      "file": "cypress/e2e/cars_hw21.1/addFuelExpence.test.js",
      "beforeHooks": [],
      "afterHooks": [],
      "tests": [],
      "suites": [
        {
          "uuid": "48f1ab33-dcc5-4f48-ae58-c6fd7ed59d39",
          "title": "Check fuel expence change modal content",
          "fullFile": "",
          "file": "",
          "beforeHooks": [],
          "afterHooks": [],
          "tests": [
            {
              "title": "Check modal title",
              "fullTitle": "Check fuel expence change modal content Check modal title",
              "timedOut": null,
              "duration": 3105,
              "state": "passed",
              "speed": "fast",
              "pass": true,
              "fail": false,
              "pending": false,
              "context": null,
              "code": "cy.get(\"p.car_name\").eq(0).parents(\"li.car-item\").within(() => {\n  cy.get(\".btn-success\").as(\"addFuelExpense\").contains(\"Add fuel expense\").should(\"be.visible\").and(\"be.enabled\");\n  cy.get(\"@addFuelExpense\").click();\n});\ncy.get(\".modal-content\").within(() => {\n  cy.get(\"h4.modal-title\").contains(\"Add an expense\").should(\"exist\").and(\"be.visible\");\n  cy.get(\"button.close\").click();\n});",
              "err": {},
              "uuid": "b4f9c016-4ddc-445a-be99-e0d21f6f197d",
              "parentUUID": "48f1ab33-dcc5-4f48-ae58-c6fd7ed59d39",
              "isHook": false,
              "skipped": false
            },
            {
              "title": "Check modal closing",
              "fullTitle": "Check fuel expence change modal content Check modal closing",
              "timedOut": null,
              "duration": 2841,
              "state": "passed",
              "speed": "fast",
              "pass": true,
              "fail": false,
              "pending": false,
              "context": null,
              "code": "cy.get(\"p.car_name\").eq(0).parents(\"li.car-item\").within(() => {\n  cy.get(\".btn-success\").as(\"addFuelExpense\").contains(\"Add fuel expense\").should(\"be.visible\").and(\"be.enabled\");\n  cy.get(\"@addFuelExpense\").click();\n});\ncy.get(\".modal-content\").within(() => {\n  cy.get(\"button.close\").as(\"closeButton\").should(\"exist\").and(\"be.visible\").and(\"be.enabled\");\n  cy.get(\"@closeButton\").click();\n});\ncy.location(\"pathname\").should(\"eq\", \"/panel/garage\");\ncy.get(\"button.close\").should(\"not.exist\");",
              "err": {},
              "uuid": "11d64ee0-a0e4-42a3-87d3-96a5fe029514",
              "parentUUID": "48f1ab33-dcc5-4f48-ae58-c6fd7ed59d39",
              "isHook": false,
              "skipped": false
            },
            {
              "title": "Check cancelling changes",
              "fullTitle": "Check fuel expence change modal content Check cancelling changes",
              "timedOut": null,
              "duration": 2598,
              "state": "passed",
              "speed": "fast",
              "pass": true,
              "fail": false,
              "pending": false,
              "context": null,
              "code": "cy.get(\"p.car_name\").eq(0).parents(\"li.car-item\").within(() => {\n  cy.get(\".btn-success\").as(\"addFuelExpense\").contains(\"Add fuel expense\").should(\"be.visible\").and(\"be.enabled\");\n  cy.get(\"@addFuelExpense\").click();\n});\ncy.get(\".modal-content\").within(() => {\n  cy.get(\"button.btn-secondary\").contains(\"Cancel\").as(\"cancelButton\").should(\"exist\").and(\"be.visible\").and(\"be.enabled\");\n  cy.get(\"@cancelButton\").click();\n});\ncy.location(\"pathname\").should(\"eq\", \"/panel/garage\");\ncy.get(\"button.btn-secondary\").contains(\"Cancel\").should(\"not.exist\");",
              "err": {},
              "uuid": "86cf1bb0-b1ff-4ac9-81d7-076b119eca4c",
              "parentUUID": "48f1ab33-dcc5-4f48-ae58-c6fd7ed59d39",
              "isHook": false,
              "skipped": false
            }
          ],
          "suites": [],
          "passes": [
            "b4f9c016-4ddc-445a-be99-e0d21f6f197d",
            "11d64ee0-a0e4-42a3-87d3-96a5fe029514",
            "86cf1bb0-b1ff-4ac9-81d7-076b119eca4c"
          ],
          "failures": [],
          "pending": [],
          "skipped": [],
          "duration": 8544,
          "root": false,
          "rootEmpty": false,
          "_timeout": 2000
        },
        {
          "uuid": "b042d231-77bc-4fe9-8d69-e76303085c94",
          "title": "Check fuel expence miles limits ",
          "fullFile": "",
          "file": "",
          "beforeHooks": [],
          "afterHooks": [],
          "tests": [
            {
              "title": "Basic valid check",
              "fullTitle": "Check fuel expence miles limits  Basic valid check",
              "timedOut": null,
              "duration": 3246,
              "state": "passed",
              "speed": "fast",
              "pass": true,
              "fail": false,
              "pending": false,
              "context": null,
              "code": "cy.visit('/panel/garage');\ncy.get(\"p.car_name\").contains(`${car.brand.title} ${car.model.title}`).parents(\"li.car-item\").within(() => {\n  cy.get(\".btn-success\").as(\"addFuelExpense\").contains(\"Add fuel expense\").should(\"be.visible\").and(\"be.enabled\");\n  cy.get(\"@addFuelExpense\").click();\n});\ncy.get(\".modal-content\").within(() => {\n  cy.get(\"#addExpenseMileage\").type(`{selectAll}{backspace}${input.millage}`).focus().blur();\n  cy.get(\"#addExpenseLiters\").type(input.numLiters).focus().blur();\n  cy.get(\"#addExpenseTotalCost\").type(input.totalCost).focus().blur();\n  if (error.message !== \"Valid\") {\n    cy.get(\".btn-primary\").contains(\"Add\").should(\"be.disabled\");\n    cy.get(\"#addExpenseMileage\").parents(\".form-group\").within(() => {\n      cy.get(\".invalid-feedback p\").should(\"have.text\", error.message);\n    });\n  } else {\n    cy.get(\".btn-primary\").contains(\"Add\").as(\"addExpenseButton\").should(\"be.enabled\");\n    cy.get(\"@addExpenseButton\").click();\n  }\n});\nif (error.message === \"Valid\") {\n  cy.location(\"pathname\").should(\"eq\", \"/panel/expenses\");\n  cy.get(\".main\").within(() => {\n    cy.get('#carSelectDropdown').should(\"be.visible\").and(\"have.text\", `${car.brand.title} ${car.model.title}`);\n    cy.get(\".panel-page_content .expenses tbody\").within(() => {\n      cy.get(\"td\").eq(1).should(\"have.text\", input.millage);\n      cy.get(\"td\").eq(2).should(\"have.text\", `${input.numLiters}L`);\n      cy.get(\"td\").eq(3).should(\"have.text\", `${input.totalCost} USD`);\n    });\n  });\n}",
              "err": {},
              "uuid": "82d8086b-2623-44f6-917e-22f8477f6562",
              "parentUUID": "b042d231-77bc-4fe9-8d69-e76303085c94",
              "isHook": false,
              "skipped": false
            },
            {
              "title": "Invalid millage - more than maximum",
              "fullTitle": "Check fuel expence miles limits  Invalid millage - more than maximum",
              "timedOut": null,
              "duration": 3146,
              "state": "passed",
              "speed": "fast",
              "pass": true,
              "fail": false,
              "pending": false,
              "context": null,
              "code": "cy.visit('/panel/garage');\ncy.get(\"p.car_name\").contains(`${car.brand.title} ${car.model.title}`).parents(\"li.car-item\").within(() => {\n  cy.get(\".btn-success\").as(\"addFuelExpense\").contains(\"Add fuel expense\").should(\"be.visible\").and(\"be.enabled\");\n  cy.get(\"@addFuelExpense\").click();\n});\ncy.get(\".modal-content\").within(() => {\n  cy.get(\"#addExpenseMileage\").type(`{selectAll}{backspace}${input.millage}`).focus().blur();\n  cy.get(\"#addExpenseLiters\").type(input.numLiters).focus().blur();\n  cy.get(\"#addExpenseTotalCost\").type(input.totalCost).focus().blur();\n  if (error.message !== \"Valid\") {\n    cy.get(\".btn-primary\").contains(\"Add\").should(\"be.disabled\");\n    cy.get(\"#addExpenseMileage\").parents(\".form-group\").within(() => {\n      cy.get(\".invalid-feedback p\").should(\"have.text\", error.message);\n    });\n  } else {\n    cy.get(\".btn-primary\").contains(\"Add\").as(\"addExpenseButton\").should(\"be.enabled\");\n    cy.get(\"@addExpenseButton\").click();\n  }\n});\nif (error.message === \"Valid\") {\n  cy.location(\"pathname\").should(\"eq\", \"/panel/expenses\");\n  cy.get(\".main\").within(() => {\n    cy.get('#carSelectDropdown').should(\"be.visible\").and(\"have.text\", `${car.brand.title} ${car.model.title}`);\n    cy.get(\".panel-page_content .expenses tbody\").within(() => {\n      cy.get(\"td\").eq(1).should(\"have.text\", input.millage);\n      cy.get(\"td\").eq(2).should(\"have.text\", `${input.numLiters}L`);\n      cy.get(\"td\").eq(3).should(\"have.text\", `${input.totalCost} USD`);\n    });\n  });\n}",
              "err": {},
              "uuid": "4f2241d7-2d75-410c-8856-9cc2fc2349ff",
              "parentUUID": "b042d231-77bc-4fe9-8d69-e76303085c94",
              "isHook": false,
              "skipped": false
            },
            {
              "title": "Invalid millage - negative number",
              "fullTitle": "Check fuel expence miles limits  Invalid millage - negative number",
              "timedOut": null,
              "duration": 3132,
              "state": "passed",
              "speed": "fast",
              "pass": true,
              "fail": false,
              "pending": false,
              "context": null,
              "code": "cy.visit('/panel/garage');\ncy.get(\"p.car_name\").contains(`${car.brand.title} ${car.model.title}`).parents(\"li.car-item\").within(() => {\n  cy.get(\".btn-success\").as(\"addFuelExpense\").contains(\"Add fuel expense\").should(\"be.visible\").and(\"be.enabled\");\n  cy.get(\"@addFuelExpense\").click();\n});\ncy.get(\".modal-content\").within(() => {\n  cy.get(\"#addExpenseMileage\").type(`{selectAll}{backspace}${input.millage}`).focus().blur();\n  cy.get(\"#addExpenseLiters\").type(input.numLiters).focus().blur();\n  cy.get(\"#addExpenseTotalCost\").type(input.totalCost).focus().blur();\n  if (error.message !== \"Valid\") {\n    cy.get(\".btn-primary\").contains(\"Add\").should(\"be.disabled\");\n    cy.get(\"#addExpenseMileage\").parents(\".form-group\").within(() => {\n      cy.get(\".invalid-feedback p\").should(\"have.text\", error.message);\n    });\n  } else {\n    cy.get(\".btn-primary\").contains(\"Add\").as(\"addExpenseButton\").should(\"be.enabled\");\n    cy.get(\"@addExpenseButton\").click();\n  }\n});\nif (error.message === \"Valid\") {\n  cy.location(\"pathname\").should(\"eq\", \"/panel/expenses\");\n  cy.get(\".main\").within(() => {\n    cy.get('#carSelectDropdown').should(\"be.visible\").and(\"have.text\", `${car.brand.title} ${car.model.title}`);\n    cy.get(\".panel-page_content .expenses tbody\").within(() => {\n      cy.get(\"td\").eq(1).should(\"have.text\", input.millage);\n      cy.get(\"td\").eq(2).should(\"have.text\", `${input.numLiters}L`);\n      cy.get(\"td\").eq(3).should(\"have.text\", `${input.totalCost} USD`);\n    });\n  });\n}",
              "err": {},
              "uuid": "fb909e5f-9a2c-417a-bf64-3fdb2d1fe281",
              "parentUUID": "b042d231-77bc-4fe9-8d69-e76303085c94",
              "isHook": false,
              "skipped": false
            },
            {
              "title": "Invalid millage - not a number",
              "fullTitle": "Check fuel expence miles limits  Invalid millage - not a number",
              "timedOut": null,
              "duration": 3044,
              "state": "passed",
              "speed": "fast",
              "pass": true,
              "fail": false,
              "pending": false,
              "context": null,
              "code": "cy.visit('/panel/garage');\ncy.get(\"p.car_name\").contains(`${car.brand.title} ${car.model.title}`).parents(\"li.car-item\").within(() => {\n  cy.get(\".btn-success\").as(\"addFuelExpense\").contains(\"Add fuel expense\").should(\"be.visible\").and(\"be.enabled\");\n  cy.get(\"@addFuelExpense\").click();\n});\ncy.get(\".modal-content\").within(() => {\n  cy.get(\"#addExpenseMileage\").type(`{selectAll}{backspace}${input.millage}`).focus().blur();\n  cy.get(\"#addExpenseLiters\").type(input.numLiters).focus().blur();\n  cy.get(\"#addExpenseTotalCost\").type(input.totalCost).focus().blur();\n  if (error.message !== \"Valid\") {\n    cy.get(\".btn-primary\").contains(\"Add\").should(\"be.disabled\");\n    cy.get(\"#addExpenseMileage\").parents(\".form-group\").within(() => {\n      cy.get(\".invalid-feedback p\").should(\"have.text\", error.message);\n    });\n  } else {\n    cy.get(\".btn-primary\").contains(\"Add\").as(\"addExpenseButton\").should(\"be.enabled\");\n    cy.get(\"@addExpenseButton\").click();\n  }\n});\nif (error.message === \"Valid\") {\n  cy.location(\"pathname\").should(\"eq\", \"/panel/expenses\");\n  cy.get(\".main\").within(() => {\n    cy.get('#carSelectDropdown').should(\"be.visible\").and(\"have.text\", `${car.brand.title} ${car.model.title}`);\n    cy.get(\".panel-page_content .expenses tbody\").within(() => {\n      cy.get(\"td\").eq(1).should(\"have.text\", input.millage);\n      cy.get(\"td\").eq(2).should(\"have.text\", `${input.numLiters}L`);\n      cy.get(\"td\").eq(3).should(\"have.text\", `${input.totalCost} USD`);\n    });\n  });\n}",
              "err": {},
              "uuid": "6cc04aa2-6400-4cb8-8cee-1d2d800cdfdd",
              "parentUUID": "b042d231-77bc-4fe9-8d69-e76303085c94",
              "isHook": false,
              "skipped": false
            },
            {
              "title": "Invalid millage - spaces",
              "fullTitle": "Check fuel expence miles limits  Invalid millage - spaces",
              "timedOut": null,
              "duration": 3041,
              "state": "passed",
              "speed": "fast",
              "pass": true,
              "fail": false,
              "pending": false,
              "context": null,
              "code": "cy.visit('/panel/garage');\ncy.get(\"p.car_name\").contains(`${car.brand.title} ${car.model.title}`).parents(\"li.car-item\").within(() => {\n  cy.get(\".btn-success\").as(\"addFuelExpense\").contains(\"Add fuel expense\").should(\"be.visible\").and(\"be.enabled\");\n  cy.get(\"@addFuelExpense\").click();\n});\ncy.get(\".modal-content\").within(() => {\n  cy.get(\"#addExpenseMileage\").type(`{selectAll}{backspace}${input.millage}`).focus().blur();\n  cy.get(\"#addExpenseLiters\").type(input.numLiters).focus().blur();\n  cy.get(\"#addExpenseTotalCost\").type(input.totalCost).focus().blur();\n  if (error.message !== \"Valid\") {\n    cy.get(\".btn-primary\").contains(\"Add\").should(\"be.disabled\");\n    cy.get(\"#addExpenseMileage\").parents(\".form-group\").within(() => {\n      cy.get(\".invalid-feedback p\").should(\"have.text\", error.message);\n    });\n  } else {\n    cy.get(\".btn-primary\").contains(\"Add\").as(\"addExpenseButton\").should(\"be.enabled\");\n    cy.get(\"@addExpenseButton\").click();\n  }\n});\nif (error.message === \"Valid\") {\n  cy.location(\"pathname\").should(\"eq\", \"/panel/expenses\");\n  cy.get(\".main\").within(() => {\n    cy.get('#carSelectDropdown').should(\"be.visible\").and(\"have.text\", `${car.brand.title} ${car.model.title}`);\n    cy.get(\".panel-page_content .expenses tbody\").within(() => {\n      cy.get(\"td\").eq(1).should(\"have.text\", input.millage);\n      cy.get(\"td\").eq(2).should(\"have.text\", `${input.numLiters}L`);\n      cy.get(\"td\").eq(3).should(\"have.text\", `${input.totalCost} USD`);\n    });\n  });\n}",
              "err": {},
              "uuid": "59a26c8e-2edc-45f4-bc71-97b16636011e",
              "parentUUID": "b042d231-77bc-4fe9-8d69-e76303085c94",
              "isHook": false,
              "skipped": false
            },
            {
              "title": "Invalid millage - empty",
              "fullTitle": "Check fuel expence miles limits  Invalid millage - empty",
              "timedOut": null,
              "duration": 3401,
              "state": "passed",
              "speed": "fast",
              "pass": true,
              "fail": false,
              "pending": false,
              "context": null,
              "code": "cy.visit('/panel/garage');\ncy.get(\"p.car_name\").contains(`${car.brand.title} ${car.model.title}`).parents(\"li.car-item\").within(() => {\n  cy.get(\".btn-success\").as(\"addFuelExpense\").contains(\"Add fuel expense\").should(\"be.visible\").and(\"be.enabled\");\n  cy.get(\"@addFuelExpense\").click();\n});\ncy.get(\".modal-content\").within(() => {\n  cy.get(\"#addExpenseMileage\").type(\"{selectAll}{backspace}\").focus().blur();\n  cy.get(\"#addExpenseLiters\").type(_faker.faker.number.float({\n    min: 0.01,\n    max: 9999\n  })).focus().blur();\n  cy.get(\"#addExpenseTotalCost\").type(_faker.faker.number.float({\n    min: 0.01,\n    max: 10000\n  })).focus().blur();\n  cy.get(\".btn-primary\").contains(\"Add\").should(\"be.disabled\");\n  cy.get(\"#addExpenseMileage\").parents(\".form-group\").within(() => {\n    cy.get(\".invalid-feedback p\").should(\"have.text\", \"Mileage required\");\n  });\n});",
              "err": {},
              "uuid": "e01cf258-1a61-4584-8915-5e049cfbacbd",
              "parentUUID": "b042d231-77bc-4fe9-8d69-e76303085c94",
              "isHook": false,
              "skipped": false
            }
          ],
          "suites": [],
          "passes": [
            "82d8086b-2623-44f6-917e-22f8477f6562",
            "4f2241d7-2d75-410c-8856-9cc2fc2349ff",
            "fb909e5f-9a2c-417a-bf64-3fdb2d1fe281",
            "6cc04aa2-6400-4cb8-8cee-1d2d800cdfdd",
            "59a26c8e-2edc-45f4-bc71-97b16636011e",
            "e01cf258-1a61-4584-8915-5e049cfbacbd"
          ],
          "failures": [],
          "pending": [],
          "skipped": [],
          "duration": 19010,
          "root": false,
          "rootEmpty": false,
          "_timeout": 2000
        },
        {
          "uuid": "e380cf30-e2a6-48c3-b966-6f502377e6f5",
          "title": "Check fuel expence liters limits ",
          "fullFile": "",
          "file": "",
          "beforeHooks": [],
          "afterHooks": [],
          "tests": [
            {
              "title": "Invalid number of liters - less than minimum",
              "fullTitle": "Check fuel expence liters limits  Invalid number of liters - less than minimum",
              "timedOut": null,
              "duration": 3103,
              "state": "passed",
              "speed": "fast",
              "pass": true,
              "fail": false,
              "pending": false,
              "context": null,
              "code": "cy.visit('/panel/garage');\ncy.get(\"p.car_name\").contains(`${car.brand.title} ${car.model.title}`).parents(\"li.car-item\").within(() => {\n  cy.get(\".btn-success\").as(\"addFuelExpense\").contains(\"Add fuel expense\").should(\"be.visible\").and(\"be.enabled\");\n  cy.get(\"@addFuelExpense\").click();\n});\ncy.get(\".modal-content\").within(() => {\n  cy.get(\"#addExpenseMileage\").type(`{selectAll}{backspace}${input.millage}`).focus().blur();\n  cy.get(\"#addExpenseLiters\").type(input.numLiters).focus().blur();\n  cy.get(\"#addExpenseTotalCost\").type(input.totalCost).focus().blur();\n  if (error.message !== \"Valid\") {\n    cy.get(\".btn-primary\").contains(\"Add\").should(\"be.disabled\");\n    cy.get(\"#addExpenseLiters\").parents(\".form-group\").within(() => {\n      cy.get(\".invalid-feedback p\").should(\"have.text\", error.message);\n    });\n  } else {\n    cy.get(\".btn-primary\").contains(\"Add\").as(\"addExpenseButton\").should(\"be.enabled\");\n    cy.get(\"@addExpenseButton\").click();\n  }\n});\nif (error.message === \"Valid\") {\n  cy.location(\"pathname\").should(\"eq\", \"/panel/expenses\");\n  cy.get(\".main\").within(() => {\n    cy.get('#carSelectDropdown').should(\"be.visible\").and(\"have.text\", `${car.brand.title} ${car.model.title}`);\n    cy.get(\".panel-page_content .expenses tbody\").within(() => {\n      cy.get(\"td\").eq(1).should(\"have.text\", input.millage);\n      cy.get(\"td\").eq(2).should(\"have.text\", `${input.numLiters}L`);\n      cy.get(\"td\").eq(3).should(\"have.text\", `${input.totalCost} USD`);\n    });\n  });\n}",
              "err": {},
              "uuid": "d5bf937e-6a0c-4d1c-bc63-9d0f664fcf65",
              "parentUUID": "e380cf30-e2a6-48c3-b966-6f502377e6f5",
              "isHook": false,
              "skipped": false
            },
            {
              "title": "Invalid number of liters - zero",
              "fullTitle": "Check fuel expence liters limits  Invalid number of liters - zero",
              "timedOut": null,
              "duration": 3007,
              "state": "passed",
              "speed": "fast",
              "pass": true,
              "fail": false,
              "pending": false,
              "context": null,
              "code": "cy.visit('/panel/garage');\ncy.get(\"p.car_name\").contains(`${car.brand.title} ${car.model.title}`).parents(\"li.car-item\").within(() => {\n  cy.get(\".btn-success\").as(\"addFuelExpense\").contains(\"Add fuel expense\").should(\"be.visible\").and(\"be.enabled\");\n  cy.get(\"@addFuelExpense\").click();\n});\ncy.get(\".modal-content\").within(() => {\n  cy.get(\"#addExpenseMileage\").type(`{selectAll}{backspace}${input.millage}`).focus().blur();\n  cy.get(\"#addExpenseLiters\").type(input.numLiters).focus().blur();\n  cy.get(\"#addExpenseTotalCost\").type(input.totalCost).focus().blur();\n  if (error.message !== \"Valid\") {\n    cy.get(\".btn-primary\").contains(\"Add\").should(\"be.disabled\");\n    cy.get(\"#addExpenseLiters\").parents(\".form-group\").within(() => {\n      cy.get(\".invalid-feedback p\").should(\"have.text\", error.message);\n    });\n  } else {\n    cy.get(\".btn-primary\").contains(\"Add\").as(\"addExpenseButton\").should(\"be.enabled\");\n    cy.get(\"@addExpenseButton\").click();\n  }\n});\nif (error.message === \"Valid\") {\n  cy.location(\"pathname\").should(\"eq\", \"/panel/expenses\");\n  cy.get(\".main\").within(() => {\n    cy.get('#carSelectDropdown').should(\"be.visible\").and(\"have.text\", `${car.brand.title} ${car.model.title}`);\n    cy.get(\".panel-page_content .expenses tbody\").within(() => {\n      cy.get(\"td\").eq(1).should(\"have.text\", input.millage);\n      cy.get(\"td\").eq(2).should(\"have.text\", `${input.numLiters}L`);\n      cy.get(\"td\").eq(3).should(\"have.text\", `${input.totalCost} USD`);\n    });\n  });\n}",
              "err": {},
              "uuid": "dc4fead1-9d73-4e81-8e2e-277293a42f7f",
              "parentUUID": "e380cf30-e2a6-48c3-b966-6f502377e6f5",
              "isHook": false,
              "skipped": false
            },
            {
              "title": "Invalid number of liters - more than maximum",
              "fullTitle": "Check fuel expence liters limits  Invalid number of liters - more than maximum",
              "timedOut": null,
              "duration": 3075,
              "state": "passed",
              "speed": "fast",
              "pass": true,
              "fail": false,
              "pending": false,
              "context": null,
              "code": "cy.visit('/panel/garage');\ncy.get(\"p.car_name\").contains(`${car.brand.title} ${car.model.title}`).parents(\"li.car-item\").within(() => {\n  cy.get(\".btn-success\").as(\"addFuelExpense\").contains(\"Add fuel expense\").should(\"be.visible\").and(\"be.enabled\");\n  cy.get(\"@addFuelExpense\").click();\n});\ncy.get(\".modal-content\").within(() => {\n  cy.get(\"#addExpenseMileage\").type(`{selectAll}{backspace}${input.millage}`).focus().blur();\n  cy.get(\"#addExpenseLiters\").type(input.numLiters).focus().blur();\n  cy.get(\"#addExpenseTotalCost\").type(input.totalCost).focus().blur();\n  if (error.message !== \"Valid\") {\n    cy.get(\".btn-primary\").contains(\"Add\").should(\"be.disabled\");\n    cy.get(\"#addExpenseLiters\").parents(\".form-group\").within(() => {\n      cy.get(\".invalid-feedback p\").should(\"have.text\", error.message);\n    });\n  } else {\n    cy.get(\".btn-primary\").contains(\"Add\").as(\"addExpenseButton\").should(\"be.enabled\");\n    cy.get(\"@addExpenseButton\").click();\n  }\n});\nif (error.message === \"Valid\") {\n  cy.location(\"pathname\").should(\"eq\", \"/panel/expenses\");\n  cy.get(\".main\").within(() => {\n    cy.get('#carSelectDropdown').should(\"be.visible\").and(\"have.text\", `${car.brand.title} ${car.model.title}`);\n    cy.get(\".panel-page_content .expenses tbody\").within(() => {\n      cy.get(\"td\").eq(1).should(\"have.text\", input.millage);\n      cy.get(\"td\").eq(2).should(\"have.text\", `${input.numLiters}L`);\n      cy.get(\"td\").eq(3).should(\"have.text\", `${input.totalCost} USD`);\n    });\n  });\n}",
              "err": {},
              "uuid": "adeb33cf-1880-4d07-9888-254809631038",
              "parentUUID": "e380cf30-e2a6-48c3-b966-6f502377e6f5",
              "isHook": false,
              "skipped": false
            },
            {
              "title": "Invalid number of liters - negative number",
              "fullTitle": "Check fuel expence liters limits  Invalid number of liters - negative number",
              "timedOut": null,
              "duration": 3133,
              "state": "passed",
              "speed": "fast",
              "pass": true,
              "fail": false,
              "pending": false,
              "context": null,
              "code": "cy.visit('/panel/garage');\ncy.get(\"p.car_name\").contains(`${car.brand.title} ${car.model.title}`).parents(\"li.car-item\").within(() => {\n  cy.get(\".btn-success\").as(\"addFuelExpense\").contains(\"Add fuel expense\").should(\"be.visible\").and(\"be.enabled\");\n  cy.get(\"@addFuelExpense\").click();\n});\ncy.get(\".modal-content\").within(() => {\n  cy.get(\"#addExpenseMileage\").type(`{selectAll}{backspace}${input.millage}`).focus().blur();\n  cy.get(\"#addExpenseLiters\").type(input.numLiters).focus().blur();\n  cy.get(\"#addExpenseTotalCost\").type(input.totalCost).focus().blur();\n  if (error.message !== \"Valid\") {\n    cy.get(\".btn-primary\").contains(\"Add\").should(\"be.disabled\");\n    cy.get(\"#addExpenseLiters\").parents(\".form-group\").within(() => {\n      cy.get(\".invalid-feedback p\").should(\"have.text\", error.message);\n    });\n  } else {\n    cy.get(\".btn-primary\").contains(\"Add\").as(\"addExpenseButton\").should(\"be.enabled\");\n    cy.get(\"@addExpenseButton\").click();\n  }\n});\nif (error.message === \"Valid\") {\n  cy.location(\"pathname\").should(\"eq\", \"/panel/expenses\");\n  cy.get(\".main\").within(() => {\n    cy.get('#carSelectDropdown').should(\"be.visible\").and(\"have.text\", `${car.brand.title} ${car.model.title}`);\n    cy.get(\".panel-page_content .expenses tbody\").within(() => {\n      cy.get(\"td\").eq(1).should(\"have.text\", input.millage);\n      cy.get(\"td\").eq(2).should(\"have.text\", `${input.numLiters}L`);\n      cy.get(\"td\").eq(3).should(\"have.text\", `${input.totalCost} USD`);\n    });\n  });\n}",
              "err": {},
              "uuid": "0129f1e8-5bf9-4c63-9eac-64bf47275990",
              "parentUUID": "e380cf30-e2a6-48c3-b966-6f502377e6f5",
              "isHook": false,
              "skipped": false
            },
            {
              "title": "Invalid number of liters - not a number",
              "fullTitle": "Check fuel expence liters limits  Invalid number of liters - not a number",
              "timedOut": null,
              "duration": 3088,
              "state": "passed",
              "speed": "fast",
              "pass": true,
              "fail": false,
              "pending": false,
              "context": null,
              "code": "cy.visit('/panel/garage');\ncy.get(\"p.car_name\").contains(`${car.brand.title} ${car.model.title}`).parents(\"li.car-item\").within(() => {\n  cy.get(\".btn-success\").as(\"addFuelExpense\").contains(\"Add fuel expense\").should(\"be.visible\").and(\"be.enabled\");\n  cy.get(\"@addFuelExpense\").click();\n});\ncy.get(\".modal-content\").within(() => {\n  cy.get(\"#addExpenseMileage\").type(`{selectAll}{backspace}${input.millage}`).focus().blur();\n  cy.get(\"#addExpenseLiters\").type(input.numLiters).focus().blur();\n  cy.get(\"#addExpenseTotalCost\").type(input.totalCost).focus().blur();\n  if (error.message !== \"Valid\") {\n    cy.get(\".btn-primary\").contains(\"Add\").should(\"be.disabled\");\n    cy.get(\"#addExpenseLiters\").parents(\".form-group\").within(() => {\n      cy.get(\".invalid-feedback p\").should(\"have.text\", error.message);\n    });\n  } else {\n    cy.get(\".btn-primary\").contains(\"Add\").as(\"addExpenseButton\").should(\"be.enabled\");\n    cy.get(\"@addExpenseButton\").click();\n  }\n});\nif (error.message === \"Valid\") {\n  cy.location(\"pathname\").should(\"eq\", \"/panel/expenses\");\n  cy.get(\".main\").within(() => {\n    cy.get('#carSelectDropdown').should(\"be.visible\").and(\"have.text\", `${car.brand.title} ${car.model.title}`);\n    cy.get(\".panel-page_content .expenses tbody\").within(() => {\n      cy.get(\"td\").eq(1).should(\"have.text\", input.millage);\n      cy.get(\"td\").eq(2).should(\"have.text\", `${input.numLiters}L`);\n      cy.get(\"td\").eq(3).should(\"have.text\", `${input.totalCost} USD`);\n    });\n  });\n}",
              "err": {},
              "uuid": "772f2840-836e-49f8-8451-d418eea801c1",
              "parentUUID": "e380cf30-e2a6-48c3-b966-6f502377e6f5",
              "isHook": false,
              "skipped": false
            },
            {
              "title": "Invalid number of liters - spaces",
              "fullTitle": "Check fuel expence liters limits  Invalid number of liters - spaces",
              "timedOut": null,
              "duration": 2979,
              "state": "passed",
              "speed": "fast",
              "pass": true,
              "fail": false,
              "pending": false,
              "context": null,
              "code": "cy.visit('/panel/garage');\ncy.get(\"p.car_name\").contains(`${car.brand.title} ${car.model.title}`).parents(\"li.car-item\").within(() => {\n  cy.get(\".btn-success\").as(\"addFuelExpense\").contains(\"Add fuel expense\").should(\"be.visible\").and(\"be.enabled\");\n  cy.get(\"@addFuelExpense\").click();\n});\ncy.get(\".modal-content\").within(() => {\n  cy.get(\"#addExpenseMileage\").type(`{selectAll}{backspace}${input.millage}`).focus().blur();\n  cy.get(\"#addExpenseLiters\").type(input.numLiters).focus().blur();\n  cy.get(\"#addExpenseTotalCost\").type(input.totalCost).focus().blur();\n  if (error.message !== \"Valid\") {\n    cy.get(\".btn-primary\").contains(\"Add\").should(\"be.disabled\");\n    cy.get(\"#addExpenseLiters\").parents(\".form-group\").within(() => {\n      cy.get(\".invalid-feedback p\").should(\"have.text\", error.message);\n    });\n  } else {\n    cy.get(\".btn-primary\").contains(\"Add\").as(\"addExpenseButton\").should(\"be.enabled\");\n    cy.get(\"@addExpenseButton\").click();\n  }\n});\nif (error.message === \"Valid\") {\n  cy.location(\"pathname\").should(\"eq\", \"/panel/expenses\");\n  cy.get(\".main\").within(() => {\n    cy.get('#carSelectDropdown').should(\"be.visible\").and(\"have.text\", `${car.brand.title} ${car.model.title}`);\n    cy.get(\".panel-page_content .expenses tbody\").within(() => {\n      cy.get(\"td\").eq(1).should(\"have.text\", input.millage);\n      cy.get(\"td\").eq(2).should(\"have.text\", `${input.numLiters}L`);\n      cy.get(\"td\").eq(3).should(\"have.text\", `${input.totalCost} USD`);\n    });\n  });\n}",
              "err": {},
              "uuid": "651d96b8-3c23-48ab-90f1-db84e8511a95",
              "parentUUID": "e380cf30-e2a6-48c3-b966-6f502377e6f5",
              "isHook": false,
              "skipped": false
            },
            {
              "title": "Invalid number of liters - empty",
              "fullTitle": "Check fuel expence liters limits  Invalid number of liters - empty",
              "timedOut": null,
              "duration": 3024,
              "state": "passed",
              "speed": "fast",
              "pass": true,
              "fail": false,
              "pending": false,
              "context": null,
              "code": "cy.visit('/panel/garage');\ncy.get(\"p.car_name\").contains(`${car.brand.title} ${car.model.title}`).parents(\"li.car-item\").within(() => {\n  cy.get(\".btn-success\").as(\"addFuelExpense\").contains(\"Add fuel expense\").should(\"be.visible\").and(\"be.enabled\");\n  cy.get(\"@addFuelExpense\").click();\n});\ncy.get(\".modal-content\").within(() => {\n  cy.get(\"#addExpenseMileage\").type(\"{selectAll}{backspace}2\").focus().blur();\n  cy.get(\"#addExpenseLiters\").focus().blur();\n  cy.get(\"#addExpenseTotalCost\").type(_faker.faker.number.float({\n    min: 0.01,\n    max: 10000\n  })).focus().blur();\n  cy.get(\".btn-primary\").contains(\"Add\").should(\"be.disabled\");\n  cy.get(\"#addExpenseLiters\").parents(\".form-group\").within(() => {\n    cy.get(\".invalid-feedback p\").should(\"have.text\", \"Liters required\");\n  });\n});",
              "err": {},
              "uuid": "8283eb5e-1bdd-483e-bfd2-0c9c83cf2265",
              "parentUUID": "e380cf30-e2a6-48c3-b966-6f502377e6f5",
              "isHook": false,
              "skipped": false
            }
          ],
          "suites": [],
          "passes": [
            "d5bf937e-6a0c-4d1c-bc63-9d0f664fcf65",
            "dc4fead1-9d73-4e81-8e2e-277293a42f7f",
            "adeb33cf-1880-4d07-9888-254809631038",
            "0129f1e8-5bf9-4c63-9eac-64bf47275990",
            "772f2840-836e-49f8-8451-d418eea801c1",
            "651d96b8-3c23-48ab-90f1-db84e8511a95",
            "8283eb5e-1bdd-483e-bfd2-0c9c83cf2265"
          ],
          "failures": [],
          "pending": [],
          "skipped": [],
          "duration": 21409,
          "root": false,
          "rootEmpty": false,
          "_timeout": 2000
        },
        {
          "uuid": "ec0d8fd4-59ca-4649-8513-a5ceed4afffc",
          "title": "Check fuel expence total cost limits ",
          "fullFile": "",
          "file": "",
          "beforeHooks": [],
          "afterHooks": [],
          "tests": [
            {
              "title": "Invalid total costs - less than minimun",
              "fullTitle": "Check fuel expence total cost limits  Invalid total costs - less than minimun",
              "timedOut": null,
              "duration": 3093,
              "state": "passed",
              "speed": "fast",
              "pass": true,
              "fail": false,
              "pending": false,
              "context": null,
              "code": "cy.visit('/panel/garage');\ncy.get(\"p.car_name\").contains(`${car.brand.title} ${car.model.title}`).parents(\"li.car-item\").within(() => {\n  cy.get(\".btn-success\").as(\"addFuelExpense\").contains(\"Add fuel expense\").should(\"be.visible\").and(\"be.enabled\");\n  cy.get(\"@addFuelExpense\").click();\n});\ncy.get(\".modal-content\").within(() => {\n  cy.get(\"#addExpenseMileage\").type(`{selectAll}{backspace}${input.millage}`).focus().blur();\n  cy.get(\"#addExpenseLiters\").type(input.numLiters).focus().blur();\n  cy.get(\"#addExpenseTotalCost\").type(input.totalCost).focus().blur();\n  if (error.message !== \"Valid\") {\n    cy.get(\".btn-primary\").contains(\"Add\").should(\"be.disabled\");\n    cy.get(\"#addExpenseTotalCost\").parents(\".form-group\").within(() => {\n      cy.get(\".invalid-feedback p\").should(\"have.text\", error.message);\n    });\n  } else {\n    cy.get(\".btn-primary\").contains(\"Add\").as(\"addExpenseButton\").should(\"be.enabled\");\n    cy.get(\"@addExpenseButton\").click();\n  }\n});\nif (error.message === \"Valid\") {\n  cy.location(\"pathname\").should(\"eq\", \"/panel/expenses\");\n  cy.get(\".main\").within(() => {\n    cy.get('#carSelectDropdown').should(\"be.visible\").and(\"have.text\", `${car.brand.title} ${car.model.title}`);\n    cy.get(\".panel-page_content .expenses tbody\").within(() => {\n      cy.get(\"td\").eq(1).should(\"have.text\", input.millage);\n      cy.get(\"td\").eq(2).should(\"have.text\", `${input.numLiters}L`);\n      cy.get(\"td\").eq(3).should(\"have.text\", `${input.totalCost} USD`);\n    });\n  });\n}",
              "err": {},
              "uuid": "4e551dfa-7ac8-4482-a1a7-6c6ebd6995ad",
              "parentUUID": "ec0d8fd4-59ca-4649-8513-a5ceed4afffc",
              "isHook": false,
              "skipped": false
            },
            {
              "title": "Invalid total costs - zero",
              "fullTitle": "Check fuel expence total cost limits  Invalid total costs - zero",
              "timedOut": null,
              "duration": 3075,
              "state": "passed",
              "speed": "fast",
              "pass": true,
              "fail": false,
              "pending": false,
              "context": null,
              "code": "cy.visit('/panel/garage');\ncy.get(\"p.car_name\").contains(`${car.brand.title} ${car.model.title}`).parents(\"li.car-item\").within(() => {\n  cy.get(\".btn-success\").as(\"addFuelExpense\").contains(\"Add fuel expense\").should(\"be.visible\").and(\"be.enabled\");\n  cy.get(\"@addFuelExpense\").click();\n});\ncy.get(\".modal-content\").within(() => {\n  cy.get(\"#addExpenseMileage\").type(`{selectAll}{backspace}${input.millage}`).focus().blur();\n  cy.get(\"#addExpenseLiters\").type(input.numLiters).focus().blur();\n  cy.get(\"#addExpenseTotalCost\").type(input.totalCost).focus().blur();\n  if (error.message !== \"Valid\") {\n    cy.get(\".btn-primary\").contains(\"Add\").should(\"be.disabled\");\n    cy.get(\"#addExpenseTotalCost\").parents(\".form-group\").within(() => {\n      cy.get(\".invalid-feedback p\").should(\"have.text\", error.message);\n    });\n  } else {\n    cy.get(\".btn-primary\").contains(\"Add\").as(\"addExpenseButton\").should(\"be.enabled\");\n    cy.get(\"@addExpenseButton\").click();\n  }\n});\nif (error.message === \"Valid\") {\n  cy.location(\"pathname\").should(\"eq\", \"/panel/expenses\");\n  cy.get(\".main\").within(() => {\n    cy.get('#carSelectDropdown').should(\"be.visible\").and(\"have.text\", `${car.brand.title} ${car.model.title}`);\n    cy.get(\".panel-page_content .expenses tbody\").within(() => {\n      cy.get(\"td\").eq(1).should(\"have.text\", input.millage);\n      cy.get(\"td\").eq(2).should(\"have.text\", `${input.numLiters}L`);\n      cy.get(\"td\").eq(3).should(\"have.text\", `${input.totalCost} USD`);\n    });\n  });\n}",
              "err": {},
              "uuid": "f3a29b43-6853-436e-bbb8-51dd136acfc0",
              "parentUUID": "ec0d8fd4-59ca-4649-8513-a5ceed4afffc",
              "isHook": false,
              "skipped": false
            },
            {
              "title": "Invalid total costs - more than maximum",
              "fullTitle": "Check fuel expence total cost limits  Invalid total costs - more than maximum",
              "timedOut": null,
              "duration": 3140,
              "state": "passed",
              "speed": "fast",
              "pass": true,
              "fail": false,
              "pending": false,
              "context": null,
              "code": "cy.visit('/panel/garage');\ncy.get(\"p.car_name\").contains(`${car.brand.title} ${car.model.title}`).parents(\"li.car-item\").within(() => {\n  cy.get(\".btn-success\").as(\"addFuelExpense\").contains(\"Add fuel expense\").should(\"be.visible\").and(\"be.enabled\");\n  cy.get(\"@addFuelExpense\").click();\n});\ncy.get(\".modal-content\").within(() => {\n  cy.get(\"#addExpenseMileage\").type(`{selectAll}{backspace}${input.millage}`).focus().blur();\n  cy.get(\"#addExpenseLiters\").type(input.numLiters).focus().blur();\n  cy.get(\"#addExpenseTotalCost\").type(input.totalCost).focus().blur();\n  if (error.message !== \"Valid\") {\n    cy.get(\".btn-primary\").contains(\"Add\").should(\"be.disabled\");\n    cy.get(\"#addExpenseTotalCost\").parents(\".form-group\").within(() => {\n      cy.get(\".invalid-feedback p\").should(\"have.text\", error.message);\n    });\n  } else {\n    cy.get(\".btn-primary\").contains(\"Add\").as(\"addExpenseButton\").should(\"be.enabled\");\n    cy.get(\"@addExpenseButton\").click();\n  }\n});\nif (error.message === \"Valid\") {\n  cy.location(\"pathname\").should(\"eq\", \"/panel/expenses\");\n  cy.get(\".main\").within(() => {\n    cy.get('#carSelectDropdown').should(\"be.visible\").and(\"have.text\", `${car.brand.title} ${car.model.title}`);\n    cy.get(\".panel-page_content .expenses tbody\").within(() => {\n      cy.get(\"td\").eq(1).should(\"have.text\", input.millage);\n      cy.get(\"td\").eq(2).should(\"have.text\", `${input.numLiters}L`);\n      cy.get(\"td\").eq(3).should(\"have.text\", `${input.totalCost} USD`);\n    });\n  });\n}",
              "err": {},
              "uuid": "efcaa0f0-c838-4202-9304-d697c191db32",
              "parentUUID": "ec0d8fd4-59ca-4649-8513-a5ceed4afffc",
              "isHook": false,
              "skipped": false
            },
            {
              "title": "Invalid total costs - negative number",
              "fullTitle": "Check fuel expence total cost limits  Invalid total costs - negative number",
              "timedOut": null,
              "duration": 3062,
              "state": "passed",
              "speed": "fast",
              "pass": true,
              "fail": false,
              "pending": false,
              "context": null,
              "code": "cy.visit('/panel/garage');\ncy.get(\"p.car_name\").contains(`${car.brand.title} ${car.model.title}`).parents(\"li.car-item\").within(() => {\n  cy.get(\".btn-success\").as(\"addFuelExpense\").contains(\"Add fuel expense\").should(\"be.visible\").and(\"be.enabled\");\n  cy.get(\"@addFuelExpense\").click();\n});\ncy.get(\".modal-content\").within(() => {\n  cy.get(\"#addExpenseMileage\").type(`{selectAll}{backspace}${input.millage}`).focus().blur();\n  cy.get(\"#addExpenseLiters\").type(input.numLiters).focus().blur();\n  cy.get(\"#addExpenseTotalCost\").type(input.totalCost).focus().blur();\n  if (error.message !== \"Valid\") {\n    cy.get(\".btn-primary\").contains(\"Add\").should(\"be.disabled\");\n    cy.get(\"#addExpenseTotalCost\").parents(\".form-group\").within(() => {\n      cy.get(\".invalid-feedback p\").should(\"have.text\", error.message);\n    });\n  } else {\n    cy.get(\".btn-primary\").contains(\"Add\").as(\"addExpenseButton\").should(\"be.enabled\");\n    cy.get(\"@addExpenseButton\").click();\n  }\n});\nif (error.message === \"Valid\") {\n  cy.location(\"pathname\").should(\"eq\", \"/panel/expenses\");\n  cy.get(\".main\").within(() => {\n    cy.get('#carSelectDropdown').should(\"be.visible\").and(\"have.text\", `${car.brand.title} ${car.model.title}`);\n    cy.get(\".panel-page_content .expenses tbody\").within(() => {\n      cy.get(\"td\").eq(1).should(\"have.text\", input.millage);\n      cy.get(\"td\").eq(2).should(\"have.text\", `${input.numLiters}L`);\n      cy.get(\"td\").eq(3).should(\"have.text\", `${input.totalCost} USD`);\n    });\n  });\n}",
              "err": {},
              "uuid": "05dd4b97-d1bc-41d4-a677-6f5a959954cd",
              "parentUUID": "ec0d8fd4-59ca-4649-8513-a5ceed4afffc",
              "isHook": false,
              "skipped": false
            },
            {
              "title": "Invalid total costs - not a number",
              "fullTitle": "Check fuel expence total cost limits  Invalid total costs - not a number",
              "timedOut": null,
              "duration": 3024,
              "state": "passed",
              "speed": "fast",
              "pass": true,
              "fail": false,
              "pending": false,
              "context": null,
              "code": "cy.visit('/panel/garage');\ncy.get(\"p.car_name\").contains(`${car.brand.title} ${car.model.title}`).parents(\"li.car-item\").within(() => {\n  cy.get(\".btn-success\").as(\"addFuelExpense\").contains(\"Add fuel expense\").should(\"be.visible\").and(\"be.enabled\");\n  cy.get(\"@addFuelExpense\").click();\n});\ncy.get(\".modal-content\").within(() => {\n  cy.get(\"#addExpenseMileage\").type(`{selectAll}{backspace}${input.millage}`).focus().blur();\n  cy.get(\"#addExpenseLiters\").type(input.numLiters).focus().blur();\n  cy.get(\"#addExpenseTotalCost\").type(input.totalCost).focus().blur();\n  if (error.message !== \"Valid\") {\n    cy.get(\".btn-primary\").contains(\"Add\").should(\"be.disabled\");\n    cy.get(\"#addExpenseTotalCost\").parents(\".form-group\").within(() => {\n      cy.get(\".invalid-feedback p\").should(\"have.text\", error.message);\n    });\n  } else {\n    cy.get(\".btn-primary\").contains(\"Add\").as(\"addExpenseButton\").should(\"be.enabled\");\n    cy.get(\"@addExpenseButton\").click();\n  }\n});\nif (error.message === \"Valid\") {\n  cy.location(\"pathname\").should(\"eq\", \"/panel/expenses\");\n  cy.get(\".main\").within(() => {\n    cy.get('#carSelectDropdown').should(\"be.visible\").and(\"have.text\", `${car.brand.title} ${car.model.title}`);\n    cy.get(\".panel-page_content .expenses tbody\").within(() => {\n      cy.get(\"td\").eq(1).should(\"have.text\", input.millage);\n      cy.get(\"td\").eq(2).should(\"have.text\", `${input.numLiters}L`);\n      cy.get(\"td\").eq(3).should(\"have.text\", `${input.totalCost} USD`);\n    });\n  });\n}",
              "err": {},
              "uuid": "eea68214-b7d8-4673-aadd-6342c9dfc679",
              "parentUUID": "ec0d8fd4-59ca-4649-8513-a5ceed4afffc",
              "isHook": false,
              "skipped": false
            },
            {
              "title": "Invalid total costs - spaces",
              "fullTitle": "Check fuel expence total cost limits  Invalid total costs - spaces",
              "timedOut": null,
              "duration": 3062,
              "state": "passed",
              "speed": "fast",
              "pass": true,
              "fail": false,
              "pending": false,
              "context": null,
              "code": "cy.visit('/panel/garage');\ncy.get(\"p.car_name\").contains(`${car.brand.title} ${car.model.title}`).parents(\"li.car-item\").within(() => {\n  cy.get(\".btn-success\").as(\"addFuelExpense\").contains(\"Add fuel expense\").should(\"be.visible\").and(\"be.enabled\");\n  cy.get(\"@addFuelExpense\").click();\n});\ncy.get(\".modal-content\").within(() => {\n  cy.get(\"#addExpenseMileage\").type(`{selectAll}{backspace}${input.millage}`).focus().blur();\n  cy.get(\"#addExpenseLiters\").type(input.numLiters).focus().blur();\n  cy.get(\"#addExpenseTotalCost\").type(input.totalCost).focus().blur();\n  if (error.message !== \"Valid\") {\n    cy.get(\".btn-primary\").contains(\"Add\").should(\"be.disabled\");\n    cy.get(\"#addExpenseTotalCost\").parents(\".form-group\").within(() => {\n      cy.get(\".invalid-feedback p\").should(\"have.text\", error.message);\n    });\n  } else {\n    cy.get(\".btn-primary\").contains(\"Add\").as(\"addExpenseButton\").should(\"be.enabled\");\n    cy.get(\"@addExpenseButton\").click();\n  }\n});\nif (error.message === \"Valid\") {\n  cy.location(\"pathname\").should(\"eq\", \"/panel/expenses\");\n  cy.get(\".main\").within(() => {\n    cy.get('#carSelectDropdown').should(\"be.visible\").and(\"have.text\", `${car.brand.title} ${car.model.title}`);\n    cy.get(\".panel-page_content .expenses tbody\").within(() => {\n      cy.get(\"td\").eq(1).should(\"have.text\", input.millage);\n      cy.get(\"td\").eq(2).should(\"have.text\", `${input.numLiters}L`);\n      cy.get(\"td\").eq(3).should(\"have.text\", `${input.totalCost} USD`);\n    });\n  });\n}",
              "err": {},
              "uuid": "7a123d00-ba04-425c-8045-82a350c65583",
              "parentUUID": "ec0d8fd4-59ca-4649-8513-a5ceed4afffc",
              "isHook": false,
              "skipped": false
            },
            {
              "title": "Invalid total costs - empty",
              "fullTitle": "Check fuel expence total cost limits  Invalid total costs - empty",
              "timedOut": null,
              "duration": 3094,
              "state": "passed",
              "speed": "fast",
              "pass": true,
              "fail": false,
              "pending": false,
              "context": null,
              "code": "cy.visit('/panel/garage');\ncy.get(\"p.car_name\").contains(`${car.brand.title} ${car.model.title}`).parents(\"li.car-item\").within(() => {\n  cy.get(\".btn-success\").as(\"addFuelExpense\").contains(\"Add fuel expense\").should(\"be.visible\").and(\"be.enabled\");\n  cy.get(\"@addFuelExpense\").click();\n});\ncy.get(\".modal-content\").within(() => {\n  cy.get(\"#addExpenseMileage\").type(\"{selectAll}{backspace}2\").focus().blur();\n  cy.get(\"#addExpenseLiters\").type(_faker.faker.number.float({\n    min: 0.01,\n    max: 9999\n  })).focus().blur();\n  cy.get(\"#addExpenseTotalCost\").focus().blur();\n  cy.get(\".btn-primary\").contains(\"Add\").should(\"be.disabled\");\n  cy.get(\"#addExpenseTotalCost\").parents(\".form-group\").within(() => {\n    cy.get(\".invalid-feedback p\").should(\"have.text\", \"Total cost required\");\n  });\n});",
              "err": {},
              "uuid": "5db597e9-b783-455c-aa0c-4b5219127d66",
              "parentUUID": "ec0d8fd4-59ca-4649-8513-a5ceed4afffc",
              "isHook": false,
              "skipped": false
            }
          ],
          "suites": [],
          "passes": [
            "4e551dfa-7ac8-4482-a1a7-6c6ebd6995ad",
            "f3a29b43-6853-436e-bbb8-51dd136acfc0",
            "efcaa0f0-c838-4202-9304-d697c191db32",
            "05dd4b97-d1bc-41d4-a677-6f5a959954cd",
            "eea68214-b7d8-4673-aadd-6342c9dfc679",
            "7a123d00-ba04-425c-8045-82a350c65583",
            "5db597e9-b783-455c-aa0c-4b5219127d66"
          ],
          "failures": [],
          "pending": [],
          "skipped": [],
          "duration": 21550,
          "root": false,
          "rootEmpty": false,
          "_timeout": 2000
        },
        {
          "uuid": "dd36ff01-1754-4d3c-837f-5e9780c948fd",
          "title": "Adding fuel expence - Garage page",
          "fullFile": "",
          "file": "",
          "beforeHooks": [],
          "afterHooks": [],
          "tests": [
            {
              "title": "Selected by default in list car should match edited one",
              "fullTitle": "Adding fuel expence - Garage page Selected by default in list car should match edited one",
              "timedOut": null,
              "duration": 2669,
              "state": "passed",
              "speed": "fast",
              "pass": true,
              "fail": false,
              "pending": false,
              "context": null,
              "code": "cy.get(\"p.car_name\").contains(`${car.brand.title} ${car.model.title}`).parents(\"li.car-item\").within(() => {\n  cy.get(\".btn-success\").as(\"addFuelExpense\").contains(\"Add fuel expense\").should(\"be.visible\").and(\"be.enabled\");\n  cy.get(\"@addFuelExpense\").click();\n});\ncy.get(\".modal-content\").within(() => {\n  cy.get(\"#addExpenseCar option\").eq(0).should(\"be.selected\").and(\"have.text\", `${car.brand.title} ${car.model.title}`);\n});",
              "err": {},
              "uuid": "08f9faa8-b43c-414b-be00-1a1cd653bfe5",
              "parentUUID": "dd36ff01-1754-4d3c-837f-5e9780c948fd",
              "isHook": false,
              "skipped": false
            },
            {
              "title": "New milage can not be less than initial",
              "fullTitle": "Adding fuel expence - Garage page New milage can not be less than initial",
              "timedOut": null,
              "duration": 3558,
              "state": "passed",
              "speed": "fast",
              "pass": true,
              "fail": false,
              "pending": false,
              "context": null,
              "code": "cy.get(\"p.car_name\").contains(`${car.brand.title} ${car.model.title}`).parents(\"li.car-item\").within(() => {\n  cy.get(\".btn-success\").as(\"addFuelExpense\").contains(\"Add fuel expense\").should(\"be.visible\").and(\"be.enabled\");\n  cy.get(\"@addFuelExpense\").click();\n});\ncy.get(\".modal-content\").within(() => {\n  cy.get(\"#addExpenseMileage\").type(`{selectAll}{backspace}${car.mileage - 1}`);\n  cy.get(\"#addExpenseLiters\").type(`${_faker.faker.number.float({\n    min: 0.01,\n    max: 9999\n  })}`).focus().blur();\n  cy.get(\"#addExpenseTotalCost\").type(`${_faker.faker.number.float({\n    min: 0.01,\n    max: 1000000\n  })}`).focus().blur();\n  cy.get(\".btn-primary\").contains(\"Add\").as(\"addExpenseButton\").should(\"be.enabled\");\n  cy.get(\"@addExpenseButton\").click();\n  cy.get(\".alert-danger\").contains(`First expense mileage must not be less or equal to car initial mileage. Car initial mileage is ${car.mileage}`).should(\"be.visible\");\n});",
              "err": {},
              "uuid": "7153fb68-450d-4d82-a98a-6d677d2b69bd",
              "parentUUID": "dd36ff01-1754-4d3c-837f-5e9780c948fd",
              "isHook": false,
              "skipped": false
            },
            {
              "title": "New milage can not be equal to initial",
              "fullTitle": "Adding fuel expence - Garage page New milage can not be equal to initial",
              "timedOut": null,
              "duration": 3403,
              "state": "passed",
              "speed": "fast",
              "pass": true,
              "fail": false,
              "pending": false,
              "context": null,
              "code": "cy.get(\"p.car_name\").contains(`${car.brand.title} ${car.model.title}`).parents(\"li.car-item\").within(() => {\n  cy.get(\".btn-success\").as(\"addFuelExpense\").contains(\"Add fuel expense\").should(\"be.visible\").and(\"be.enabled\");\n  cy.get(\"@addFuelExpense\").click();\n});\ncy.get(\".modal-content\").within(() => {\n  cy.get(\"#addExpenseLiters\").type(`${_faker.faker.number.float({\n    min: 0.01,\n    max: 9999\n  })}`).focus().blur();\n  cy.get(\"#addExpenseTotalCost\").type(`${_faker.faker.number.float({\n    min: 0.01,\n    max: 1000000\n  })}`).focus().blur();\n  cy.get(\".btn-primary\").contains(\"Add\").as(\"addExpenseButton\").should(\"be.enabled\");\n  cy.get(\"@addExpenseButton\").click();\n  cy.get(\".alert-danger\").contains(`First expense mileage must not be less or equal to car initial mileage. Car initial mileage is ${car.mileage}`).should(\"be.visible\");\n});",
              "err": {},
              "uuid": "079c1e02-6b3a-4864-9517-943ddaa35cdc",
              "parentUUID": "dd36ff01-1754-4d3c-837f-5e9780c948fd",
              "isHook": false,
              "skipped": false
            },
            {
              "title": "Report date can not be more than current",
              "fullTitle": "Adding fuel expence - Garage page Report date can not be more than current",
              "timedOut": null,
              "duration": 3931,
              "state": "passed",
              "speed": "fast",
              "pass": true,
              "fail": false,
              "pending": false,
              "context": null,
              "code": "cy.get(\"p.car_name\").contains(`${car.brand.title} ${car.model.title}`).parents(\"li.car-item\").within(() => {\n  cy.get(\".btn-success\").as(\"addFuelExpense\").contains(\"Add fuel expense\").should(\"be.visible\").and(\"be.enabled\");\n  cy.get(\"@addFuelExpense\").click();\n});\nconst timestamp = new Date();\nconst reportDate = `${timestamp.getDate() + 1}.${timestamp.getMonth()}.${timestamp.getFullYear()}`;\nconsole.log(reportDate);\ncy.get(\".modal-content\").within(() => {\n  cy.get(\"#addExpenseMileage\").type(`{selectAll}{backspace}${car.mileage + 1}`).focus().blur();\n  cy.get(\"#addExpenseDate\").type(`{selectAll}{backspace}${reportDate}`).focus().blur();\n  cy.get(\"#addExpenseLiters\").type(`${_faker.faker.number.float({\n    min: 0.01,\n    max: 9999\n  })}`).focus().blur();\n  cy.get(\"#addExpenseTotalCost\").type(`${_faker.faker.number.float({\n    min: 0.01,\n    max: 1000000\n  })}`).focus().blur();\n  cy.get(\".btn-primary\").contains(\"Add\").as(\"addExpenseButton\").should(\"be.enabled\");\n  cy.get(\"@addExpenseButton\").click();\n  cy.get(\".alert-danger\").should(\"be.visible\");\n  cy.get(\".btn-secondary\").contains(\"Cancel\").click();\n});",
              "err": {},
              "uuid": "ce5e5ad1-8d82-4f7b-80a0-df95554a4a6f",
              "parentUUID": "dd36ff01-1754-4d3c-837f-5e9780c948fd",
              "isHook": false,
              "skipped": false
            },
            {
              "title": "Report date can not be less than car creation date",
              "fullTitle": "Adding fuel expence - Garage page Report date can not be less than car creation date",
              "timedOut": null,
              "duration": 3997,
              "state": "passed",
              "speed": "fast",
              "pass": true,
              "fail": false,
              "pending": false,
              "context": null,
              "code": "cy.get(\"p.car_name\").contains(`${car.brand.title} ${car.model.title}`).parents(\"li.car-item\").within(() => {\n  cy.get(\".btn-success\").as(\"addFuelExpense\").contains(\"Add fuel expense\").should(\"be.visible\").and(\"be.enabled\");\n  cy.get(\"@addFuelExpense\").click();\n});\nconst timestamp = new Date();\nconst reportDate = `${timestamp.getDate() - 1}.${timestamp.getMonth()}.${timestamp.getFullYear()}`;\nconsole.log(reportDate);\ncy.get(\".modal-content\").within(() => {\n  cy.get(\"#addExpenseMileage\").type(`{selectAll}{backspace}${car.mileage + 1}`).focus().blur();\n  cy.get(\"#addExpenseDate\").type(`{selectAll}{backspace}${reportDate}`).focus().blur();\n  cy.get(\"#addExpenseLiters\").type(`${_faker.faker.number.float({\n    min: 0.01,\n    max: 9999\n  })}`).focus().blur();\n  cy.get(\"#addExpenseTotalCost\").type(`${_faker.faker.number.float({\n    min: 0.01,\n    max: 1000000\n  })}`).focus().blur();\n  cy.get(\".btn-primary\").contains(\"Add\").as(\"addExpenseButton\").should(\"be.enabled\");\n  cy.get(\"@addExpenseButton\").click();\n  cy.get(\".alert-danger\").should(\"be.visible\");\n  cy.get(\".btn-secondary\").contains(\"Cancel\").click();\n});",
              "err": {},
              "uuid": "0848b5e1-a56c-4045-9242-12044407e1e8",
              "parentUUID": "dd36ff01-1754-4d3c-837f-5e9780c948fd",
              "isHook": false,
              "skipped": false
            }
          ],
          "suites": [],
          "passes": [
            "08f9faa8-b43c-414b-be00-1a1cd653bfe5",
            "7153fb68-450d-4d82-a98a-6d677d2b69bd",
            "079c1e02-6b3a-4864-9517-943ddaa35cdc",
            "ce5e5ad1-8d82-4f7b-80a0-df95554a4a6f",
            "0848b5e1-a56c-4045-9242-12044407e1e8"
          ],
          "failures": [],
          "pending": [],
          "skipped": [],
          "duration": 17558,
          "root": false,
          "rootEmpty": false,
          "_timeout": 2000
        }
      ],
      "passes": [],
      "failures": [],
      "pending": [],
      "skipped": [],
      "duration": 0,
      "root": true,
      "rootEmpty": true,
      "_timeout": 2000
    }
  ],
  "meta": {
    "mocha": {
      "version": "7.2.0"
    },
    "mochawesome": {
      "options": {
        "quiet": false,
        "reportFilename": "mochawesome",
        "saveHtml": false,
        "saveJson": true,
        "consoleReporter": "spec",
        "useInlineDiffs": false,
        "code": true
      },
      "version": "7.1.4"
    },
    "marge": {
      "options": {
        "reportDir": "cypress/results",
        "overwrite": false,
        "html": false,
        "json": true
      },
      "version": "6.3.2"
    }
  }
}