{
  "stats": {
    "suites": 3,
    "tests": 41,
    "passes": 37,
    "pending": 0,
    "failures": 4,
    "start": "2025-11-22T17:28:36.333Z",
    "end": "2025-11-22T17:30:48.972Z",
    "duration": 132639,
    "testsRegistered": 41,
    "passPercent": 90.2439024390244,
    "pendingPercent": 0,
    "other": 0,
    "hasOther": false,
    "skipped": 0,
    "hasSkipped": false
  },
  "results": [
    {
      "uuid": "3fe49a23-a13b-4030-9245-296cf6bbb943",
      "title": "",
      "fullFile": "cypress/e2e/cars_hw21.1/addCars.test.js",
      "file": "cypress/e2e/cars_hw21.1/addCars.test.js",
      "beforeHooks": [],
      "afterHooks": [],
      "tests": [],
      "suites": [
        {
          "uuid": "d0a42043-54f8-45f5-b79b-88f9abe31467",
          "title": "Check card creation modal content",
          "fullFile": "",
          "file": "",
          "beforeHooks": [],
          "afterHooks": [],
          "tests": [
            {
              "title": "Check modal title",
              "fullTitle": "Check card creation modal content Check modal title",
              "timedOut": null,
              "duration": 2857,
              "state": "passed",
              "speed": "fast",
              "pass": true,
              "fail": false,
              "pending": false,
              "context": null,
              "code": "cy.get(\".btn-primary\").contains(\"Add car\").click();\ncy.get(\".modal-content\").within(() => {\n  cy.get(\".modal-title\").contains(\"Add a car\");\n});",
              "err": {},
              "uuid": "d6746488-3b4d-4f85-b3e0-2c1ce916584d",
              "parentUUID": "d0a42043-54f8-45f5-b79b-88f9abe31467",
              "isHook": false,
              "skipped": false
            },
            {
              "title": "Check modal closing",
              "fullTitle": "Check card creation modal content Check modal closing",
              "timedOut": null,
              "duration": 2025,
              "state": "passed",
              "speed": "fast",
              "pass": true,
              "fail": false,
              "pending": false,
              "context": null,
              "code": "cy.get(\".btn-primary\").contains(\"Add car\").click();\ncy.get(\".modal-content\").within(() => {\n  cy.get(\".close\").as(\"closeButton\").should(\"exist\").and(\"be.enabled\");\n  cy.get(\"@closeButton\").click();\n  cy.get(\".btn-primary\").should(\"not.exist\");\n});",
              "err": {},
              "uuid": "a5895289-86a5-4284-9403-7e5f6a373e91",
              "parentUUID": "d0a42043-54f8-45f5-b79b-88f9abe31467",
              "isHook": false,
              "skipped": false
            },
            {
              "title": "Check cancel button is enabled and closes modal",
              "fullTitle": "Check card creation modal content Check cancel button is enabled and closes modal",
              "timedOut": null,
              "duration": 1883,
              "state": "passed",
              "speed": "fast",
              "pass": true,
              "fail": false,
              "pending": false,
              "context": null,
              "code": "cy.get(\".btn-primary\").contains(\"Add car\").click();\ncy.get(\".modal-content\").within(() => {\n  cy.get(\".btn-secondary\").as(\"cancelButton\").should(\"exist\").and(\"be.enabled\");\n  cy.get(\"@cancelButton\").click();\n  cy.get(\".btn-secondary\").should(\"not.exist\");\n});",
              "err": {},
              "uuid": "29f8925f-e99d-47f2-8148-28134247624c",
              "parentUUID": "d0a42043-54f8-45f5-b79b-88f9abe31467",
              "isHook": false,
              "skipped": false
            },
            {
              "title": "Check add button is present and diabled by default",
              "fullTitle": "Check card creation modal content Check add button is present and diabled by default",
              "timedOut": null,
              "duration": 1801,
              "state": "passed",
              "speed": "fast",
              "pass": true,
              "fail": false,
              "pending": false,
              "context": null,
              "code": "cy.get(\".btn-primary\").contains(\"Add car\").click();\ncy.get(\".modal-content\").within(() => {\n  cy.get(\".btn-primary\").contains(\"Add\").should(\"exist\").and(\"be.disabled\");\n});",
              "err": {},
              "uuid": "a9a8d076-ca2a-4a61-a1bb-eaadf0ccbe0a",
              "parentUUID": "d0a42043-54f8-45f5-b79b-88f9abe31467",
              "isHook": false,
              "skipped": false
            }
          ],
          "suites": [],
          "passes": [
            "d6746488-3b4d-4f85-b3e0-2c1ce916584d",
            "a5895289-86a5-4284-9403-7e5f6a373e91",
            "29f8925f-e99d-47f2-8148-28134247624c",
            "a9a8d076-ca2a-4a61-a1bb-eaadf0ccbe0a"
          ],
          "failures": [],
          "pending": [],
          "skipped": [],
          "duration": 8566,
          "root": false,
          "rootEmpty": false,
          "_timeout": 2000
        },
        {
          "uuid": "5386602e-19dc-49c0-a6ad-2ec8d50e6885",
          "title": "Invalid car creating",
          "fullFile": "",
          "file": "",
          "beforeHooks": [],
          "afterHooks": [],
          "tests": [
            {
              "title": "Check if car with invalid brand-model can not be created - Audi Fusion",
              "fullTitle": "Invalid car creating Check if car with invalid brand-model can not be created - Audi Fusion",
              "timedOut": null,
              "duration": 1899,
              "state": "passed",
              "speed": "fast",
              "pass": true,
              "fail": false,
              "pending": false,
              "context": null,
              "code": "cy.get(\".btn-primary\").contains(\"Add car\").click();\ncy.get(\".modal-content\").within(() => {\n  cy.get(\"#addCarBrand\").select(brand.title);\n  cy.get(\"#addCarModel\").filter(`:contains(\"${model.title}\")`).should(\"not.exist\");\n});",
              "err": {},
              "uuid": "4a87109a-4201-4326-8638-8c348869efc2",
              "parentUUID": "5386602e-19dc-49c0-a6ad-2ec8d50e6885",
              "isHook": false,
              "skipped": false
            },
            {
              "title": "Check if car with invalid brand-model can not be created - BMW Panamera",
              "fullTitle": "Invalid car creating Check if car with invalid brand-model can not be created - BMW Panamera",
              "timedOut": null,
              "duration": 1924,
              "state": "passed",
              "speed": "fast",
              "pass": true,
              "fail": false,
              "pending": false,
              "context": null,
              "code": "cy.get(\".btn-primary\").contains(\"Add car\").click();\ncy.get(\".modal-content\").within(() => {\n  cy.get(\"#addCarBrand\").select(brand.title);\n  cy.get(\"#addCarModel\").filter(`:contains(\"${model.title}\")`).should(\"not.exist\");\n});",
              "err": {},
              "uuid": "9d109b6e-f528-4512-ab97-d07227268de9",
              "parentUUID": "5386602e-19dc-49c0-a6ad-2ec8d50e6885",
              "isHook": false,
              "skipped": false
            },
            {
              "title": "Check if car with invalid brand-model can not be created - Ford Scudo",
              "fullTitle": "Invalid car creating Check if car with invalid brand-model can not be created - Ford Scudo",
              "timedOut": null,
              "duration": 2043,
              "state": "passed",
              "speed": "fast",
              "pass": true,
              "fail": false,
              "pending": false,
              "context": null,
              "code": "cy.get(\".btn-primary\").contains(\"Add car\").click();\ncy.get(\".modal-content\").within(() => {\n  cy.get(\"#addCarBrand\").select(brand.title);\n  cy.get(\"#addCarModel\").filter(`:contains(\"${model.title}\")`).should(\"not.exist\");\n});",
              "err": {},
              "uuid": "4bbb2711-7298-4683-bbec-ad409472ed25",
              "parentUUID": "5386602e-19dc-49c0-a6ad-2ec8d50e6885",
              "isHook": false,
              "skipped": false
            },
            {
              "title": "Check if car with invalid brand-model can not be created - Porsche Scudo",
              "fullTitle": "Invalid car creating Check if car with invalid brand-model can not be created - Porsche Scudo",
              "timedOut": null,
              "duration": 2011,
              "state": "passed",
              "speed": "fast",
              "pass": true,
              "fail": false,
              "pending": false,
              "context": null,
              "code": "cy.get(\".btn-primary\").contains(\"Add car\").click();\ncy.get(\".modal-content\").within(() => {\n  cy.get(\"#addCarBrand\").select(brand.title);\n  cy.get(\"#addCarModel\").filter(`:contains(\"${model.title}\")`).should(\"not.exist\");\n});",
              "err": {},
              "uuid": "9f26cb3c-9a91-4794-a043-b5826f87e8bc",
              "parentUUID": "5386602e-19dc-49c0-a6ad-2ec8d50e6885",
              "isHook": false,
              "skipped": false
            },
            {
              "title": "Check if car with invalid brand-model can not be created - Fiat Sierra",
              "fullTitle": "Invalid car creating Check if car with invalid brand-model can not be created - Fiat Sierra",
              "timedOut": null,
              "duration": 2053,
              "state": "passed",
              "speed": "fast",
              "pass": true,
              "fail": false,
              "pending": false,
              "context": null,
              "code": "cy.get(\".btn-primary\").contains(\"Add car\").click();\ncy.get(\".modal-content\").within(() => {\n  cy.get(\"#addCarBrand\").select(brand.title);\n  cy.get(\"#addCarModel\").filter(`:contains(\"${model.title}\")`).should(\"not.exist\");\n});",
              "err": {},
              "uuid": "2f17fa01-eeb7-4dcb-b522-7639c693935b",
              "parentUUID": "5386602e-19dc-49c0-a6ad-2ec8d50e6885",
              "isHook": false,
              "skipped": false
            },
            {
              "title": "Check milage - Milage is minimum valid value (0)",
              "fullTitle": "Invalid car creating Check milage - Milage is minimum valid value (0)",
              "timedOut": null,
              "duration": 2126,
              "state": "passed",
              "speed": "fast",
              "pass": true,
              "fail": false,
              "pending": false,
              "context": null,
              "code": "cy.get(\".btn-primary\").contains(\"Add car\").click();\ncy.get(\".modal-content\").within(() => {\n  cy.get(\"#addCarMileage\").type(input.milage).focus().blur();\n  if (error.message === \"Valid\") {\n    cy.get(\"#addCarMileage\").parents(\".form-group\").within(() => {\n      cy.get(\".invalid-feedback\").should(\"not.exist\");\n    });\n    cy.get(\".btn-primary\").as(\"addCarButton\").should(\"be.enabled\");\n    cy.get(\"@addCarButton\").click();\n    wasCarCreated = true;\n  } else {\n    cy.get(\"#addCarMileage\").parents(\".form-group\").within(() => {\n      cy.get(\".invalid-feedback\").should(\"exist\").and(\"be.visible\").and('have.text', error.message);\n    });\n    cy.get(\".btn-primary\").should(\"be.disabled\");\n  }\n});",
              "err": {},
              "uuid": "4f264ab7-1978-4ade-959e-4127f29a5e62",
              "parentUUID": "5386602e-19dc-49c0-a6ad-2ec8d50e6885",
              "isHook": false,
              "skipped": false
            },
            {
              "title": "Check milage - Milage is maximum valid value (999999)",
              "fullTitle": "Invalid car creating Check milage - Milage is maximum valid value (999999)",
              "timedOut": null,
              "duration": 2087,
              "state": "passed",
              "speed": "fast",
              "pass": true,
              "fail": false,
              "pending": false,
              "context": null,
              "code": "cy.get(\".btn-primary\").contains(\"Add car\").click();\ncy.get(\".modal-content\").within(() => {\n  cy.get(\"#addCarMileage\").type(input.milage).focus().blur();\n  if (error.message === \"Valid\") {\n    cy.get(\"#addCarMileage\").parents(\".form-group\").within(() => {\n      cy.get(\".invalid-feedback\").should(\"not.exist\");\n    });\n    cy.get(\".btn-primary\").as(\"addCarButton\").should(\"be.enabled\");\n    cy.get(\"@addCarButton\").click();\n    wasCarCreated = true;\n  } else {\n    cy.get(\"#addCarMileage\").parents(\".form-group\").within(() => {\n      cy.get(\".invalid-feedback\").should(\"exist\").and(\"be.visible\").and('have.text', error.message);\n    });\n    cy.get(\".btn-primary\").should(\"be.disabled\");\n  }\n});",
              "err": {},
              "uuid": "0da8b07c-dd22-419c-9741-1c9831610752",
              "parentUUID": "5386602e-19dc-49c0-a6ad-2ec8d50e6885",
              "isHook": false,
              "skipped": false
            },
            {
              "title": "Check milage - Milage is some valid value",
              "fullTitle": "Invalid car creating Check milage - Milage is some valid value",
              "timedOut": null,
              "duration": 2037,
              "state": "passed",
              "speed": "fast",
              "pass": true,
              "fail": false,
              "pending": false,
              "context": null,
              "code": "cy.get(\".btn-primary\").contains(\"Add car\").click();\ncy.get(\".modal-content\").within(() => {\n  cy.get(\"#addCarMileage\").type(input.milage).focus().blur();\n  if (error.message === \"Valid\") {\n    cy.get(\"#addCarMileage\").parents(\".form-group\").within(() => {\n      cy.get(\".invalid-feedback\").should(\"not.exist\");\n    });\n    cy.get(\".btn-primary\").as(\"addCarButton\").should(\"be.enabled\");\n    cy.get(\"@addCarButton\").click();\n    wasCarCreated = true;\n  } else {\n    cy.get(\"#addCarMileage\").parents(\".form-group\").within(() => {\n      cy.get(\".invalid-feedback\").should(\"exist\").and(\"be.visible\").and('have.text', error.message);\n    });\n    cy.get(\".btn-primary\").should(\"be.disabled\");\n  }\n});",
              "err": {},
              "uuid": "248c31b7-b504-4217-82ca-1cf1289dbeb4",
              "parentUUID": "5386602e-19dc-49c0-a6ad-2ec8d50e6885",
              "isHook": false,
              "skipped": false
            },
            {
              "title": "Check milage - Milage is less than minimum",
              "fullTitle": "Invalid car creating Check milage - Milage is less than minimum",
              "timedOut": null,
              "duration": 1896,
              "state": "passed",
              "speed": "fast",
              "pass": true,
              "fail": false,
              "pending": false,
              "context": null,
              "code": "cy.get(\".btn-primary\").contains(\"Add car\").click();\ncy.get(\".modal-content\").within(() => {\n  cy.get(\"#addCarMileage\").type(input.milage).focus().blur();\n  if (error.message === \"Valid\") {\n    cy.get(\"#addCarMileage\").parents(\".form-group\").within(() => {\n      cy.get(\".invalid-feedback\").should(\"not.exist\");\n    });\n    cy.get(\".btn-primary\").as(\"addCarButton\").should(\"be.enabled\");\n    cy.get(\"@addCarButton\").click();\n    wasCarCreated = true;\n  } else {\n    cy.get(\"#addCarMileage\").parents(\".form-group\").within(() => {\n      cy.get(\".invalid-feedback\").should(\"exist\").and(\"be.visible\").and('have.text', error.message);\n    });\n    cy.get(\".btn-primary\").should(\"be.disabled\");\n  }\n});",
              "err": {},
              "uuid": "e35314d8-20bb-4837-a3f2-ab55e630bd51",
              "parentUUID": "5386602e-19dc-49c0-a6ad-2ec8d50e6885",
              "isHook": false,
              "skipped": false
            },
            {
              "title": "Check milage - Milage is more than maximum",
              "fullTitle": "Invalid car creating Check milage - Milage is more than maximum",
              "timedOut": null,
              "duration": 2069,
              "state": "passed",
              "speed": "fast",
              "pass": true,
              "fail": false,
              "pending": false,
              "context": null,
              "code": "cy.get(\".btn-primary\").contains(\"Add car\").click();\ncy.get(\".modal-content\").within(() => {\n  cy.get(\"#addCarMileage\").type(input.milage).focus().blur();\n  if (error.message === \"Valid\") {\n    cy.get(\"#addCarMileage\").parents(\".form-group\").within(() => {\n      cy.get(\".invalid-feedback\").should(\"not.exist\");\n    });\n    cy.get(\".btn-primary\").as(\"addCarButton\").should(\"be.enabled\");\n    cy.get(\"@addCarButton\").click();\n    wasCarCreated = true;\n  } else {\n    cy.get(\"#addCarMileage\").parents(\".form-group\").within(() => {\n      cy.get(\".invalid-feedback\").should(\"exist\").and(\"be.visible\").and('have.text', error.message);\n    });\n    cy.get(\".btn-primary\").should(\"be.disabled\");\n  }\n});",
              "err": {},
              "uuid": "5d7d56b2-9783-43cb-bea6-9dff6c13f4d3",
              "parentUUID": "5386602e-19dc-49c0-a6ad-2ec8d50e6885",
              "isHook": false,
              "skipped": false
            },
            {
              "title": "Check milage - Milage is not integer",
              "fullTitle": "Invalid car creating Check milage - Milage is not integer",
              "timedOut": null,
              "duration": 9128,
              "state": "failed",
              "speed": null,
              "pass": false,
              "fail": true,
              "pending": false,
              "context": null,
              "code": "cy.get(\".btn-primary\").contains(\"Add car\").click();\ncy.get(\".modal-content\").within(() => {\n  cy.get(\"#addCarMileage\").type(input.milage).focus().blur();\n  if (error.message === \"Valid\") {\n    cy.get(\"#addCarMileage\").parents(\".form-group\").within(() => {\n      cy.get(\".invalid-feedback\").should(\"not.exist\");\n    });\n    cy.get(\".btn-primary\").as(\"addCarButton\").should(\"be.enabled\");\n    cy.get(\"@addCarButton\").click();\n    wasCarCreated = true;\n  } else {\n    cy.get(\"#addCarMileage\").parents(\".form-group\").within(() => {\n      cy.get(\".invalid-feedback\").should(\"exist\").and(\"be.visible\").and('have.text', error.message);\n    });\n    cy.get(\".btn-primary\").should(\"be.disabled\");\n  }\n});",
              "err": {
                "message": "AssertionError: Timed out retrying after 7000ms: Expected to find element: `.invalid-feedback`, but never found it.",
                "estack": "AssertionError: Timed out retrying after 7000ms: Expected to find element: `.invalid-feedback`, but never found it.\n    at Context.eval (webpack://qa-cypress/./cypress/e2e/cars_hw21.1/addCars.test.js:79:52)\n    at withinFn (https://qauto2.forstudy.space/__cypress/runner/cypress_runner.js:135235:8)\n    at <unknown> (https://qauto2.forstudy.space/__cypress/runner/cypress_runner.js:135316:16)\n    at __WEBPACK_DEFAULT_EXPORT__ (https://qauto2.forstudy.space/__cypress/runner/cypress_runner.js:133169:10)\n    at Context.within (https://qauto2.forstudy.space/__cypress/runner/cypress_runner.js:135302:67)\n    at wrapped (https://qauto2.forstudy.space/__cypress/runner/cypress_runner.js:145577:19)",
                "diff": null
              },
              "uuid": "c50085bb-e6c2-4944-8222-46a360789a8c",
              "parentUUID": "5386602e-19dc-49c0-a6ad-2ec8d50e6885",
              "isHook": false,
              "skipped": false
            },
            {
              "title": "Check milage - Milage is not a number",
              "fullTitle": "Invalid car creating Check milage - Milage is not a number",
              "timedOut": null,
              "duration": 2070,
              "state": "passed",
              "speed": "fast",
              "pass": true,
              "fail": false,
              "pending": false,
              "context": null,
              "code": "cy.get(\".btn-primary\").contains(\"Add car\").click();\ncy.get(\".modal-content\").within(() => {\n  cy.get(\"#addCarMileage\").type(input.milage).focus().blur();\n  if (error.message === \"Valid\") {\n    cy.get(\"#addCarMileage\").parents(\".form-group\").within(() => {\n      cy.get(\".invalid-feedback\").should(\"not.exist\");\n    });\n    cy.get(\".btn-primary\").as(\"addCarButton\").should(\"be.enabled\");\n    cy.get(\"@addCarButton\").click();\n    wasCarCreated = true;\n  } else {\n    cy.get(\"#addCarMileage\").parents(\".form-group\").within(() => {\n      cy.get(\".invalid-feedback\").should(\"exist\").and(\"be.visible\").and('have.text', error.message);\n    });\n    cy.get(\".btn-primary\").should(\"be.disabled\");\n  }\n});",
              "err": {},
              "uuid": "1f2b0860-e036-469e-917d-781289e4fe88",
              "parentUUID": "5386602e-19dc-49c0-a6ad-2ec8d50e6885",
              "isHook": false,
              "skipped": false
            },
            {
              "title": "Check if milage is required",
              "fullTitle": "Invalid car creating Check if milage is required",
              "timedOut": null,
              "duration": 1899,
              "state": "passed",
              "speed": "fast",
              "pass": true,
              "fail": false,
              "pending": false,
              "context": null,
              "code": "cy.get(\".btn-primary\").contains(\"Add car\").click();\ncy.get(\".modal-content\").within(() => {\n  cy.get(\"#addCarMileage\").focus().blur();\n  cy.get(\"#addCarMileage\").parents(\".form-group\").within(() => {\n    cy.get(\".invalid-feedback\").should(\"exist\").and(\"be.visible\").and('have.text', \"Mileage cost required\");\n  });\n});",
              "err": {},
              "uuid": "33db002a-90dd-4a55-8ab7-510f96f5b065",
              "parentUUID": "5386602e-19dc-49c0-a6ad-2ec8d50e6885",
              "isHook": false,
              "skipped": false
            }
          ],
          "suites": [],
          "passes": [
            "4a87109a-4201-4326-8638-8c348869efc2",
            "9d109b6e-f528-4512-ab97-d07227268de9",
            "4bbb2711-7298-4683-bbec-ad409472ed25",
            "9f26cb3c-9a91-4794-a043-b5826f87e8bc",
            "2f17fa01-eeb7-4dcb-b522-7639c693935b",
            "4f264ab7-1978-4ade-959e-4127f29a5e62",
            "0da8b07c-dd22-419c-9741-1c9831610752",
            "248c31b7-b504-4217-82ca-1cf1289dbeb4",
            "e35314d8-20bb-4837-a3f2-ab55e630bd51",
            "5d7d56b2-9783-43cb-bea6-9dff6c13f4d3",
            "1f2b0860-e036-469e-917d-781289e4fe88",
            "33db002a-90dd-4a55-8ab7-510f96f5b065"
          ],
          "failures": [
            "c50085bb-e6c2-4944-8222-46a360789a8c"
          ],
          "pending": [],
          "skipped": [],
          "duration": 33242,
          "root": false,
          "rootEmpty": false,
          "_timeout": 2000
        },
        {
          "uuid": "c522e53b-a879-4e8d-ba85-b706e32609fb",
          "title": "Adding new valid cars",
          "fullFile": "",
          "file": "",
          "beforeHooks": [],
          "afterHooks": [],
          "tests": [
            {
              "title": "Check if valid car with valid brand-model can be created - Audi TT",
              "fullTitle": "Adding new valid cars Check if valid car with valid brand-model can be created - Audi TT",
              "timedOut": null,
              "duration": 2419,
              "state": "passed",
              "speed": "fast",
              "pass": true,
              "fail": false,
              "pending": false,
              "context": null,
              "code": "cy.get(\".btn-primary\").contains(\"Add car\").click();\ncy.get(\".modal-content\").within(() => {\n  cy.get(\"#addCarBrand\").select(brand.title);\n  cy.get(\"#addCarModel\").select(model.title);\n  cy.get(\"#addCarMileage\").type(`${_faker.faker.number.int({\n    min: 1,\n    max: 999999\n  })}`).focus().blur();\n  cy.get(\"#addCarMileage\").parents(\".form-group\").within(() => {\n    cy.get(\".invalid-feedback\").should('not.exist');\n  });\n  cy.get(\".btn-primary\").contains(\"Add\").click();\n});\ncy.location(\"pathname\").should(\"eq\", \"/panel/garage\");\ncy.get(\"ul.car-list\").should(\"exist\");\ncy.get(\"ul.car-list\").within(() => {\n  cy.get(\"li.car-item p.car_name\").contains(`${brand.title} ${model.title}`).should(\"exist\").should(() => {\n    wasCarCreated = true;\n    console.log(wasCarCreated);\n  });\n});",
              "err": {},
              "uuid": "1ca3da74-1874-4e56-9e65-848b47eb409c",
              "parentUUID": "c522e53b-a879-4e8d-ba85-b706e32609fb",
              "isHook": false,
              "skipped": false
            },
            {
              "title": "Check if valid car with valid brand-model can be created - Audi R8",
              "fullTitle": "Adding new valid cars Check if valid car with valid brand-model can be created - Audi R8",
              "timedOut": null,
              "duration": 2361,
              "state": "passed",
              "speed": "fast",
              "pass": true,
              "fail": false,
              "pending": false,
              "context": null,
              "code": "cy.get(\".btn-primary\").contains(\"Add car\").click();\ncy.get(\".modal-content\").within(() => {\n  cy.get(\"#addCarBrand\").select(brand.title);\n  cy.get(\"#addCarModel\").select(model.title);\n  cy.get(\"#addCarMileage\").type(`${_faker.faker.number.int({\n    min: 1,\n    max: 999999\n  })}`).focus().blur();\n  cy.get(\"#addCarMileage\").parents(\".form-group\").within(() => {\n    cy.get(\".invalid-feedback\").should('not.exist');\n  });\n  cy.get(\".btn-primary\").contains(\"Add\").click();\n});\ncy.location(\"pathname\").should(\"eq\", \"/panel/garage\");\ncy.get(\"ul.car-list\").should(\"exist\");\ncy.get(\"ul.car-list\").within(() => {\n  cy.get(\"li.car-item p.car_name\").contains(`${brand.title} ${model.title}`).should(\"exist\").should(() => {\n    wasCarCreated = true;\n    console.log(wasCarCreated);\n  });\n});",
              "err": {},
              "uuid": "d02bfcfb-edd9-42bd-90d3-395175ce3fac",
              "parentUUID": "c522e53b-a879-4e8d-ba85-b706e32609fb",
              "isHook": false,
              "skipped": false
            },
            {
              "title": "Check if valid car with valid brand-model can be created - Audi Q7",
              "fullTitle": "Adding new valid cars Check if valid car with valid brand-model can be created - Audi Q7",
              "timedOut": null,
              "duration": 9433,
              "state": "failed",
              "speed": null,
              "pass": false,
              "fail": true,
              "pending": false,
              "context": null,
              "code": "cy.get(\".btn-primary\").contains(\"Add car\").click();\ncy.get(\".modal-content\").within(() => {\n  cy.get(\"#addCarBrand\").select(brand.title);\n  cy.get(\"#addCarModel\").select(model.title);\n  cy.get(\"#addCarMileage\").type(`${_faker.faker.number.int({\n    min: 1,\n    max: 999999\n  })}`).focus().blur();\n  cy.get(\"#addCarMileage\").parents(\".form-group\").within(() => {\n    cy.get(\".invalid-feedback\").should('not.exist');\n  });\n  cy.get(\".btn-primary\").contains(\"Add\").click();\n});\ncy.location(\"pathname\").should(\"eq\", \"/panel/garage\");\ncy.get(\"ul.car-list\").should(\"exist\");\ncy.get(\"ul.car-list\").within(() => {\n  cy.get(\"li.car-item p.car_name\").contains(`${brand.title} ${model.title}`).should(\"exist\").should(() => {\n    wasCarCreated = true;\n    console.log(wasCarCreated);\n  });\n});",
              "err": {
                "message": "AssertionError: Timed out retrying after 7000ms: Expected to find element: `ul.car-list`, but never found it.",
                "estack": "AssertionError: Timed out retrying after 7000ms: Expected to find element: `ul.car-list`, but never found it.\n    at Context.eval (webpack://qa-cypress/./cypress/e2e/cars_hw21.1/addCars.test.js:138:38)",
                "diff": null
              },
              "uuid": "a9fbec45-291f-4932-a1ab-0d677e93ee27",
              "parentUUID": "c522e53b-a879-4e8d-ba85-b706e32609fb",
              "isHook": false,
              "skipped": false
            },
            {
              "title": "Check if valid car with valid brand-model can be created - Audi A6",
              "fullTitle": "Adding new valid cars Check if valid car with valid brand-model can be created - Audi A6",
              "timedOut": null,
              "duration": 9495,
              "state": "failed",
              "speed": null,
              "pass": false,
              "fail": true,
              "pending": false,
              "context": null,
              "code": "cy.get(\".btn-primary\").contains(\"Add car\").click();\ncy.get(\".modal-content\").within(() => {\n  cy.get(\"#addCarBrand\").select(brand.title);\n  cy.get(\"#addCarModel\").select(model.title);\n  cy.get(\"#addCarMileage\").type(`${_faker.faker.number.int({\n    min: 1,\n    max: 999999\n  })}`).focus().blur();\n  cy.get(\"#addCarMileage\").parents(\".form-group\").within(() => {\n    cy.get(\".invalid-feedback\").should('not.exist');\n  });\n  cy.get(\".btn-primary\").contains(\"Add\").click();\n});\ncy.location(\"pathname\").should(\"eq\", \"/panel/garage\");\ncy.get(\"ul.car-list\").should(\"exist\");\ncy.get(\"ul.car-list\").within(() => {\n  cy.get(\"li.car-item p.car_name\").contains(`${brand.title} ${model.title}`).should(\"exist\").should(() => {\n    wasCarCreated = true;\n    console.log(wasCarCreated);\n  });\n});",
              "err": {
                "message": "AssertionError: Timed out retrying after 7000ms: Expected to find element: `ul.car-list`, but never found it.",
                "estack": "AssertionError: Timed out retrying after 7000ms: Expected to find element: `ul.car-list`, but never found it.\n    at Context.eval (webpack://qa-cypress/./cypress/e2e/cars_hw21.1/addCars.test.js:138:38)",
                "diff": null
              },
              "uuid": "54e6aab0-522b-43b8-bb18-7c5a7b55a898",
              "parentUUID": "c522e53b-a879-4e8d-ba85-b706e32609fb",
              "isHook": false,
              "skipped": false
            },
            {
              "title": "Check if valid car with valid brand-model can be created - Audi A8",
              "fullTitle": "Adding new valid cars Check if valid car with valid brand-model can be created - Audi A8",
              "timedOut": null,
              "duration": 2402,
              "state": "passed",
              "speed": "fast",
              "pass": true,
              "fail": false,
              "pending": false,
              "context": null,
              "code": "cy.get(\".btn-primary\").contains(\"Add car\").click();\ncy.get(\".modal-content\").within(() => {\n  cy.get(\"#addCarBrand\").select(brand.title);\n  cy.get(\"#addCarModel\").select(model.title);\n  cy.get(\"#addCarMileage\").type(`${_faker.faker.number.int({\n    min: 1,\n    max: 999999\n  })}`).focus().blur();\n  cy.get(\"#addCarMileage\").parents(\".form-group\").within(() => {\n    cy.get(\".invalid-feedback\").should('not.exist');\n  });\n  cy.get(\".btn-primary\").contains(\"Add\").click();\n});\ncy.location(\"pathname\").should(\"eq\", \"/panel/garage\");\ncy.get(\"ul.car-list\").should(\"exist\");\ncy.get(\"ul.car-list\").within(() => {\n  cy.get(\"li.car-item p.car_name\").contains(`${brand.title} ${model.title}`).should(\"exist\").should(() => {\n    wasCarCreated = true;\n    console.log(wasCarCreated);\n  });\n});",
              "err": {},
              "uuid": "c3f9b25b-6a31-4c3e-a267-daef2e5d0a82",
              "parentUUID": "c522e53b-a879-4e8d-ba85-b706e32609fb",
              "isHook": false,
              "skipped": false
            },
            {
              "title": "Check if valid car with valid brand-model can be created - BMW 3",
              "fullTitle": "Adding new valid cars Check if valid car with valid brand-model can be created - BMW 3",
              "timedOut": null,
              "duration": 2401,
              "state": "passed",
              "speed": "fast",
              "pass": true,
              "fail": false,
              "pending": false,
              "context": null,
              "code": "cy.get(\".btn-primary\").contains(\"Add car\").click();\ncy.get(\".modal-content\").within(() => {\n  cy.get(\"#addCarBrand\").select(brand.title);\n  cy.get(\"#addCarModel\").select(model.title);\n  cy.get(\"#addCarMileage\").type(`${_faker.faker.number.int({\n    min: 1,\n    max: 999999\n  })}`).focus().blur();\n  cy.get(\"#addCarMileage\").parents(\".form-group\").within(() => {\n    cy.get(\".invalid-feedback\").should('not.exist');\n  });\n  cy.get(\".btn-primary\").contains(\"Add\").click();\n});\ncy.location(\"pathname\").should(\"eq\", \"/panel/garage\");\ncy.get(\"ul.car-list\").should(\"exist\");\ncy.get(\"ul.car-list\").within(() => {\n  cy.get(\"li.car-item p.car_name\").contains(`${brand.title} ${model.title}`).should(\"exist\").should(() => {\n    wasCarCreated = true;\n    console.log(wasCarCreated);\n  });\n});",
              "err": {},
              "uuid": "9619a302-f281-49d9-be60-a1a2bcb1dc63",
              "parentUUID": "c522e53b-a879-4e8d-ba85-b706e32609fb",
              "isHook": false,
              "skipped": false
            },
            {
              "title": "Check if valid car with valid brand-model can be created - BMW 5",
              "fullTitle": "Adding new valid cars Check if valid car with valid brand-model can be created - BMW 5",
              "timedOut": null,
              "duration": 2392,
              "state": "passed",
              "speed": "fast",
              "pass": true,
              "fail": false,
              "pending": false,
              "context": null,
              "code": "cy.get(\".btn-primary\").contains(\"Add car\").click();\ncy.get(\".modal-content\").within(() => {\n  cy.get(\"#addCarBrand\").select(brand.title);\n  cy.get(\"#addCarModel\").select(model.title);\n  cy.get(\"#addCarMileage\").type(`${_faker.faker.number.int({\n    min: 1,\n    max: 999999\n  })}`).focus().blur();\n  cy.get(\"#addCarMileage\").parents(\".form-group\").within(() => {\n    cy.get(\".invalid-feedback\").should('not.exist');\n  });\n  cy.get(\".btn-primary\").contains(\"Add\").click();\n});\ncy.location(\"pathname\").should(\"eq\", \"/panel/garage\");\ncy.get(\"ul.car-list\").should(\"exist\");\ncy.get(\"ul.car-list\").within(() => {\n  cy.get(\"li.car-item p.car_name\").contains(`${brand.title} ${model.title}`).should(\"exist\").should(() => {\n    wasCarCreated = true;\n    console.log(wasCarCreated);\n  });\n});",
              "err": {},
              "uuid": "57cb2ea3-57c7-4733-872d-e4e388e9fad2",
              "parentUUID": "c522e53b-a879-4e8d-ba85-b706e32609fb",
              "isHook": false,
              "skipped": false
            },
            {
              "title": "Check if valid car with valid brand-model can be created - BMW X5",
              "fullTitle": "Adding new valid cars Check if valid car with valid brand-model can be created - BMW X5",
              "timedOut": null,
              "duration": 2398,
              "state": "passed",
              "speed": "fast",
              "pass": true,
              "fail": false,
              "pending": false,
              "context": null,
              "code": "cy.get(\".btn-primary\").contains(\"Add car\").click();\ncy.get(\".modal-content\").within(() => {\n  cy.get(\"#addCarBrand\").select(brand.title);\n  cy.get(\"#addCarModel\").select(model.title);\n  cy.get(\"#addCarMileage\").type(`${_faker.faker.number.int({\n    min: 1,\n    max: 999999\n  })}`).focus().blur();\n  cy.get(\"#addCarMileage\").parents(\".form-group\").within(() => {\n    cy.get(\".invalid-feedback\").should('not.exist');\n  });\n  cy.get(\".btn-primary\").contains(\"Add\").click();\n});\ncy.location(\"pathname\").should(\"eq\", \"/panel/garage\");\ncy.get(\"ul.car-list\").should(\"exist\");\ncy.get(\"ul.car-list\").within(() => {\n  cy.get(\"li.car-item p.car_name\").contains(`${brand.title} ${model.title}`).should(\"exist\").should(() => {\n    wasCarCreated = true;\n    console.log(wasCarCreated);\n  });\n});",
              "err": {},
              "uuid": "e54df5fa-4f12-4a8b-806b-937a70727197",
              "parentUUID": "c522e53b-a879-4e8d-ba85-b706e32609fb",
              "isHook": false,
              "skipped": false
            },
            {
              "title": "Check if valid car with valid brand-model can be created - BMW X6",
              "fullTitle": "Adding new valid cars Check if valid car with valid brand-model can be created - BMW X6",
              "timedOut": null,
              "duration": 2383,
              "state": "passed",
              "speed": "fast",
              "pass": true,
              "fail": false,
              "pending": false,
              "context": null,
              "code": "cy.get(\".btn-primary\").contains(\"Add car\").click();\ncy.get(\".modal-content\").within(() => {\n  cy.get(\"#addCarBrand\").select(brand.title);\n  cy.get(\"#addCarModel\").select(model.title);\n  cy.get(\"#addCarMileage\").type(`${_faker.faker.number.int({\n    min: 1,\n    max: 999999\n  })}`).focus().blur();\n  cy.get(\"#addCarMileage\").parents(\".form-group\").within(() => {\n    cy.get(\".invalid-feedback\").should('not.exist');\n  });\n  cy.get(\".btn-primary\").contains(\"Add\").click();\n});\ncy.location(\"pathname\").should(\"eq\", \"/panel/garage\");\ncy.get(\"ul.car-list\").should(\"exist\");\ncy.get(\"ul.car-list\").within(() => {\n  cy.get(\"li.car-item p.car_name\").contains(`${brand.title} ${model.title}`).should(\"exist\").should(() => {\n    wasCarCreated = true;\n    console.log(wasCarCreated);\n  });\n});",
              "err": {},
              "uuid": "c27bd8ce-949f-4621-8cbe-630729ddcd13",
              "parentUUID": "c522e53b-a879-4e8d-ba85-b706e32609fb",
              "isHook": false,
              "skipped": false
            },
            {
              "title": "Check if valid car with valid brand-model can be created - BMW Z3",
              "fullTitle": "Adding new valid cars Check if valid car with valid brand-model can be created - BMW Z3",
              "timedOut": null,
              "duration": 2445,
              "state": "passed",
              "speed": "fast",
              "pass": true,
              "fail": false,
              "pending": false,
              "context": null,
              "code": "cy.get(\".btn-primary\").contains(\"Add car\").click();\ncy.get(\".modal-content\").within(() => {\n  cy.get(\"#addCarBrand\").select(brand.title);\n  cy.get(\"#addCarModel\").select(model.title);\n  cy.get(\"#addCarMileage\").type(`${_faker.faker.number.int({\n    min: 1,\n    max: 999999\n  })}`).focus().blur();\n  cy.get(\"#addCarMileage\").parents(\".form-group\").within(() => {\n    cy.get(\".invalid-feedback\").should('not.exist');\n  });\n  cy.get(\".btn-primary\").contains(\"Add\").click();\n});\ncy.location(\"pathname\").should(\"eq\", \"/panel/garage\");\ncy.get(\"ul.car-list\").should(\"exist\");\ncy.get(\"ul.car-list\").within(() => {\n  cy.get(\"li.car-item p.car_name\").contains(`${brand.title} ${model.title}`).should(\"exist\").should(() => {\n    wasCarCreated = true;\n    console.log(wasCarCreated);\n  });\n});",
              "err": {},
              "uuid": "c4219a4b-815d-4e0b-98b8-6bcc5fdc0d2c",
              "parentUUID": "c522e53b-a879-4e8d-ba85-b706e32609fb",
              "isHook": false,
              "skipped": false
            },
            {
              "title": "Check if valid car with valid brand-model can be created - Ford Fiesta",
              "fullTitle": "Adding new valid cars Check if valid car with valid brand-model can be created - Ford Fiesta",
              "timedOut": null,
              "duration": 2390,
              "state": "passed",
              "speed": "fast",
              "pass": true,
              "fail": false,
              "pending": false,
              "context": null,
              "code": "cy.get(\".btn-primary\").contains(\"Add car\").click();\ncy.get(\".modal-content\").within(() => {\n  cy.get(\"#addCarBrand\").select(brand.title);\n  cy.get(\"#addCarModel\").select(model.title);\n  cy.get(\"#addCarMileage\").type(`${_faker.faker.number.int({\n    min: 1,\n    max: 999999\n  })}`).focus().blur();\n  cy.get(\"#addCarMileage\").parents(\".form-group\").within(() => {\n    cy.get(\".invalid-feedback\").should('not.exist');\n  });\n  cy.get(\".btn-primary\").contains(\"Add\").click();\n});\ncy.location(\"pathname\").should(\"eq\", \"/panel/garage\");\ncy.get(\"ul.car-list\").should(\"exist\");\ncy.get(\"ul.car-list\").within(() => {\n  cy.get(\"li.car-item p.car_name\").contains(`${brand.title} ${model.title}`).should(\"exist\").should(() => {\n    wasCarCreated = true;\n    console.log(wasCarCreated);\n  });\n});",
              "err": {},
              "uuid": "52e023a3-2bec-4398-a8ac-9de5017784c2",
              "parentUUID": "c522e53b-a879-4e8d-ba85-b706e32609fb",
              "isHook": false,
              "skipped": false
            },
            {
              "title": "Check if valid car with valid brand-model can be created - Ford Focus",
              "fullTitle": "Adding new valid cars Check if valid car with valid brand-model can be created - Ford Focus",
              "timedOut": null,
              "duration": 2413,
              "state": "passed",
              "speed": "fast",
              "pass": true,
              "fail": false,
              "pending": false,
              "context": null,
              "code": "cy.get(\".btn-primary\").contains(\"Add car\").click();\ncy.get(\".modal-content\").within(() => {\n  cy.get(\"#addCarBrand\").select(brand.title);\n  cy.get(\"#addCarModel\").select(model.title);\n  cy.get(\"#addCarMileage\").type(`${_faker.faker.number.int({\n    min: 1,\n    max: 999999\n  })}`).focus().blur();\n  cy.get(\"#addCarMileage\").parents(\".form-group\").within(() => {\n    cy.get(\".invalid-feedback\").should('not.exist');\n  });\n  cy.get(\".btn-primary\").contains(\"Add\").click();\n});\ncy.location(\"pathname\").should(\"eq\", \"/panel/garage\");\ncy.get(\"ul.car-list\").should(\"exist\");\ncy.get(\"ul.car-list\").within(() => {\n  cy.get(\"li.car-item p.car_name\").contains(`${brand.title} ${model.title}`).should(\"exist\").should(() => {\n    wasCarCreated = true;\n    console.log(wasCarCreated);\n  });\n});",
              "err": {},
              "uuid": "48dac6ff-fc11-4646-ad1e-705f874ebd6a",
              "parentUUID": "c522e53b-a879-4e8d-ba85-b706e32609fb",
              "isHook": false,
              "skipped": false
            },
            {
              "title": "Check if valid car with valid brand-model can be created - Ford Fusion",
              "fullTitle": "Adding new valid cars Check if valid car with valid brand-model can be created - Ford Fusion",
              "timedOut": null,
              "duration": 2336,
              "state": "passed",
              "speed": "fast",
              "pass": true,
              "fail": false,
              "pending": false,
              "context": null,
              "code": "cy.get(\".btn-primary\").contains(\"Add car\").click();\ncy.get(\".modal-content\").within(() => {\n  cy.get(\"#addCarBrand\").select(brand.title);\n  cy.get(\"#addCarModel\").select(model.title);\n  cy.get(\"#addCarMileage\").type(`${_faker.faker.number.int({\n    min: 1,\n    max: 999999\n  })}`).focus().blur();\n  cy.get(\"#addCarMileage\").parents(\".form-group\").within(() => {\n    cy.get(\".invalid-feedback\").should('not.exist');\n  });\n  cy.get(\".btn-primary\").contains(\"Add\").click();\n});\ncy.location(\"pathname\").should(\"eq\", \"/panel/garage\");\ncy.get(\"ul.car-list\").should(\"exist\");\ncy.get(\"ul.car-list\").within(() => {\n  cy.get(\"li.car-item p.car_name\").contains(`${brand.title} ${model.title}`).should(\"exist\").should(() => {\n    wasCarCreated = true;\n    console.log(wasCarCreated);\n  });\n});",
              "err": {},
              "uuid": "652432de-c871-480a-aab3-ba907ce3b473",
              "parentUUID": "c522e53b-a879-4e8d-ba85-b706e32609fb",
              "isHook": false,
              "skipped": false
            },
            {
              "title": "Check if valid car with valid brand-model can be created - Ford Mondeo",
              "fullTitle": "Adding new valid cars Check if valid car with valid brand-model can be created - Ford Mondeo",
              "timedOut": null,
              "duration": 2370,
              "state": "passed",
              "speed": "fast",
              "pass": true,
              "fail": false,
              "pending": false,
              "context": null,
              "code": "cy.get(\".btn-primary\").contains(\"Add car\").click();\ncy.get(\".modal-content\").within(() => {\n  cy.get(\"#addCarBrand\").select(brand.title);\n  cy.get(\"#addCarModel\").select(model.title);\n  cy.get(\"#addCarMileage\").type(`${_faker.faker.number.int({\n    min: 1,\n    max: 999999\n  })}`).focus().blur();\n  cy.get(\"#addCarMileage\").parents(\".form-group\").within(() => {\n    cy.get(\".invalid-feedback\").should('not.exist');\n  });\n  cy.get(\".btn-primary\").contains(\"Add\").click();\n});\ncy.location(\"pathname\").should(\"eq\", \"/panel/garage\");\ncy.get(\"ul.car-list\").should(\"exist\");\ncy.get(\"ul.car-list\").within(() => {\n  cy.get(\"li.car-item p.car_name\").contains(`${brand.title} ${model.title}`).should(\"exist\").should(() => {\n    wasCarCreated = true;\n    console.log(wasCarCreated);\n  });\n});",
              "err": {},
              "uuid": "f80b5c57-e75f-4243-a0aa-decde134ce62",
              "parentUUID": "c522e53b-a879-4e8d-ba85-b706e32609fb",
              "isHook": false,
              "skipped": false
            },
            {
              "title": "Check if valid car with valid brand-model can be created - Ford Sierra",
              "fullTitle": "Adding new valid cars Check if valid car with valid brand-model can be created - Ford Sierra",
              "timedOut": null,
              "duration": 2351,
              "state": "passed",
              "speed": "fast",
              "pass": true,
              "fail": false,
              "pending": false,
              "context": null,
              "code": "cy.get(\".btn-primary\").contains(\"Add car\").click();\ncy.get(\".modal-content\").within(() => {\n  cy.get(\"#addCarBrand\").select(brand.title);\n  cy.get(\"#addCarModel\").select(model.title);\n  cy.get(\"#addCarMileage\").type(`${_faker.faker.number.int({\n    min: 1,\n    max: 999999\n  })}`).focus().blur();\n  cy.get(\"#addCarMileage\").parents(\".form-group\").within(() => {\n    cy.get(\".invalid-feedback\").should('not.exist');\n  });\n  cy.get(\".btn-primary\").contains(\"Add\").click();\n});\ncy.location(\"pathname\").should(\"eq\", \"/panel/garage\");\ncy.get(\"ul.car-list\").should(\"exist\");\ncy.get(\"ul.car-list\").within(() => {\n  cy.get(\"li.car-item p.car_name\").contains(`${brand.title} ${model.title}`).should(\"exist\").should(() => {\n    wasCarCreated = true;\n    console.log(wasCarCreated);\n  });\n});",
              "err": {},
              "uuid": "e4044b6a-3742-490c-afde-755890848287",
              "parentUUID": "c522e53b-a879-4e8d-ba85-b706e32609fb",
              "isHook": false,
              "skipped": false
            },
            {
              "title": "Check if valid car with valid brand-model can be created - Porsche 911",
              "fullTitle": "Adding new valid cars Check if valid car with valid brand-model can be created - Porsche 911",
              "timedOut": null,
              "duration": 9528,
              "state": "failed",
              "speed": null,
              "pass": false,
              "fail": true,
              "pending": false,
              "context": null,
              "code": "cy.get(\".btn-primary\").contains(\"Add car\").click();\ncy.get(\".modal-content\").within(() => {\n  cy.get(\"#addCarBrand\").select(brand.title);\n  cy.get(\"#addCarModel\").select(model.title);\n  cy.get(\"#addCarMileage\").type(`${_faker.faker.number.int({\n    min: 1,\n    max: 999999\n  })}`).focus().blur();\n  cy.get(\"#addCarMileage\").parents(\".form-group\").within(() => {\n    cy.get(\".invalid-feedback\").should('not.exist');\n  });\n  cy.get(\".btn-primary\").contains(\"Add\").click();\n});\ncy.location(\"pathname\").should(\"eq\", \"/panel/garage\");\ncy.get(\"ul.car-list\").should(\"exist\");\ncy.get(\"ul.car-list\").within(() => {\n  cy.get(\"li.car-item p.car_name\").contains(`${brand.title} ${model.title}`).should(\"exist\").should(() => {\n    wasCarCreated = true;\n    console.log(wasCarCreated);\n  });\n});",
              "err": {
                "message": "AssertionError: Timed out retrying after 7000ms: Expected to find content: 'Porsche 911' within the element: <p.car_name.h2> but never did.",
                "estack": "AssertionError: Timed out retrying after 7000ms: Expected to find content: 'Porsche 911' within the element: <p.car_name.h2> but never did.\n    at Context.eval (webpack://qa-cypress/./cypress/e2e/cars_hw21.1/addCars.test.js:140:95)\n    at withinFn (https://qauto2.forstudy.space/__cypress/runner/cypress_runner.js:135235:8)\n    at <unknown> (https://qauto2.forstudy.space/__cypress/runner/cypress_runner.js:135316:16)\n    at __WEBPACK_DEFAULT_EXPORT__ (https://qauto2.forstudy.space/__cypress/runner/cypress_runner.js:133169:10)\n    at Context.within (https://qauto2.forstudy.space/__cypress/runner/cypress_runner.js:135302:67)\n    at wrapped (https://qauto2.forstudy.space/__cypress/runner/cypress_runner.js:145577:19)",
                "diff": null
              },
              "uuid": "5020f628-e5c0-4154-be05-3c1bf271f326",
              "parentUUID": "c522e53b-a879-4e8d-ba85-b706e32609fb",
              "isHook": false,
              "skipped": false
            },
            {
              "title": "Check if valid car with valid brand-model can be created - Porsche Cayenne",
              "fullTitle": "Adding new valid cars Check if valid car with valid brand-model can be created - Porsche Cayenne",
              "timedOut": null,
              "duration": 2510,
              "state": "passed",
              "speed": "fast",
              "pass": true,
              "fail": false,
              "pending": false,
              "context": null,
              "code": "cy.get(\".btn-primary\").contains(\"Add car\").click();\ncy.get(\".modal-content\").within(() => {\n  cy.get(\"#addCarBrand\").select(brand.title);\n  cy.get(\"#addCarModel\").select(model.title);\n  cy.get(\"#addCarMileage\").type(`${_faker.faker.number.int({\n    min: 1,\n    max: 999999\n  })}`).focus().blur();\n  cy.get(\"#addCarMileage\").parents(\".form-group\").within(() => {\n    cy.get(\".invalid-feedback\").should('not.exist');\n  });\n  cy.get(\".btn-primary\").contains(\"Add\").click();\n});\ncy.location(\"pathname\").should(\"eq\", \"/panel/garage\");\ncy.get(\"ul.car-list\").should(\"exist\");\ncy.get(\"ul.car-list\").within(() => {\n  cy.get(\"li.car-item p.car_name\").contains(`${brand.title} ${model.title}`).should(\"exist\").should(() => {\n    wasCarCreated = true;\n    console.log(wasCarCreated);\n  });\n});",
              "err": {},
              "uuid": "17d80742-e8ea-4bb5-99d2-2bc0014b2f07",
              "parentUUID": "c522e53b-a879-4e8d-ba85-b706e32609fb",
              "isHook": false,
              "skipped": false
            },
            {
              "title": "Check if valid car with valid brand-model can be created - Porsche Panamera",
              "fullTitle": "Adding new valid cars Check if valid car with valid brand-model can be created - Porsche Panamera",
              "timedOut": null,
              "duration": 2429,
              "state": "passed",
              "speed": "fast",
              "pass": true,
              "fail": false,
              "pending": false,
              "context": null,
              "code": "cy.get(\".btn-primary\").contains(\"Add car\").click();\ncy.get(\".modal-content\").within(() => {\n  cy.get(\"#addCarBrand\").select(brand.title);\n  cy.get(\"#addCarModel\").select(model.title);\n  cy.get(\"#addCarMileage\").type(`${_faker.faker.number.int({\n    min: 1,\n    max: 999999\n  })}`).focus().blur();\n  cy.get(\"#addCarMileage\").parents(\".form-group\").within(() => {\n    cy.get(\".invalid-feedback\").should('not.exist');\n  });\n  cy.get(\".btn-primary\").contains(\"Add\").click();\n});\ncy.location(\"pathname\").should(\"eq\", \"/panel/garage\");\ncy.get(\"ul.car-list\").should(\"exist\");\ncy.get(\"ul.car-list\").within(() => {\n  cy.get(\"li.car-item p.car_name\").contains(`${brand.title} ${model.title}`).should(\"exist\").should(() => {\n    wasCarCreated = true;\n    console.log(wasCarCreated);\n  });\n});",
              "err": {},
              "uuid": "2d6ba82e-fc75-42e6-b98e-076e67a6e396",
              "parentUUID": "c522e53b-a879-4e8d-ba85-b706e32609fb",
              "isHook": false,
              "skipped": false
            },
            {
              "title": "Check if valid car with valid brand-model can be created - Fiat Palio",
              "fullTitle": "Adding new valid cars Check if valid car with valid brand-model can be created - Fiat Palio",
              "timedOut": null,
              "duration": 2561,
              "state": "passed",
              "speed": "fast",
              "pass": true,
              "fail": false,
              "pending": false,
              "context": null,
              "code": "cy.get(\".btn-primary\").contains(\"Add car\").click();\ncy.get(\".modal-content\").within(() => {\n  cy.get(\"#addCarBrand\").select(brand.title);\n  cy.get(\"#addCarModel\").select(model.title);\n  cy.get(\"#addCarMileage\").type(`${_faker.faker.number.int({\n    min: 1,\n    max: 999999\n  })}`).focus().blur();\n  cy.get(\"#addCarMileage\").parents(\".form-group\").within(() => {\n    cy.get(\".invalid-feedback\").should('not.exist');\n  });\n  cy.get(\".btn-primary\").contains(\"Add\").click();\n});\ncy.location(\"pathname\").should(\"eq\", \"/panel/garage\");\ncy.get(\"ul.car-list\").should(\"exist\");\ncy.get(\"ul.car-list\").within(() => {\n  cy.get(\"li.car-item p.car_name\").contains(`${brand.title} ${model.title}`).should(\"exist\").should(() => {\n    wasCarCreated = true;\n    console.log(wasCarCreated);\n  });\n});",
              "err": {},
              "uuid": "ec698efb-e139-48c1-96bd-b62b205fda50",
              "parentUUID": "c522e53b-a879-4e8d-ba85-b706e32609fb",
              "isHook": false,
              "skipped": false
            },
            {
              "title": "Check if valid car with valid brand-model can be created - Fiat Ducato",
              "fullTitle": "Adding new valid cars Check if valid car with valid brand-model can be created - Fiat Ducato",
              "timedOut": null,
              "duration": 2376,
              "state": "passed",
              "speed": "fast",
              "pass": true,
              "fail": false,
              "pending": false,
              "context": null,
              "code": "cy.get(\".btn-primary\").contains(\"Add car\").click();\ncy.get(\".modal-content\").within(() => {\n  cy.get(\"#addCarBrand\").select(brand.title);\n  cy.get(\"#addCarModel\").select(model.title);\n  cy.get(\"#addCarMileage\").type(`${_faker.faker.number.int({\n    min: 1,\n    max: 999999\n  })}`).focus().blur();\n  cy.get(\"#addCarMileage\").parents(\".form-group\").within(() => {\n    cy.get(\".invalid-feedback\").should('not.exist');\n  });\n  cy.get(\".btn-primary\").contains(\"Add\").click();\n});\ncy.location(\"pathname\").should(\"eq\", \"/panel/garage\");\ncy.get(\"ul.car-list\").should(\"exist\");\ncy.get(\"ul.car-list\").within(() => {\n  cy.get(\"li.car-item p.car_name\").contains(`${brand.title} ${model.title}`).should(\"exist\").should(() => {\n    wasCarCreated = true;\n    console.log(wasCarCreated);\n  });\n});",
              "err": {},
              "uuid": "4199b1f3-a8cc-47ab-96a6-6963052c0038",
              "parentUUID": "c522e53b-a879-4e8d-ba85-b706e32609fb",
              "isHook": false,
              "skipped": false
            },
            {
              "title": "Check if valid car with valid brand-model can be created - Fiat Panda",
              "fullTitle": "Adding new valid cars Check if valid car with valid brand-model can be created - Fiat Panda",
              "timedOut": null,
              "duration": 2464,
              "state": "passed",
              "speed": "fast",
              "pass": true,
              "fail": false,
              "pending": false,
              "context": null,
              "code": "cy.get(\".btn-primary\").contains(\"Add car\").click();\ncy.get(\".modal-content\").within(() => {\n  cy.get(\"#addCarBrand\").select(brand.title);\n  cy.get(\"#addCarModel\").select(model.title);\n  cy.get(\"#addCarMileage\").type(`${_faker.faker.number.int({\n    min: 1,\n    max: 999999\n  })}`).focus().blur();\n  cy.get(\"#addCarMileage\").parents(\".form-group\").within(() => {\n    cy.get(\".invalid-feedback\").should('not.exist');\n  });\n  cy.get(\".btn-primary\").contains(\"Add\").click();\n});\ncy.location(\"pathname\").should(\"eq\", \"/panel/garage\");\ncy.get(\"ul.car-list\").should(\"exist\");\ncy.get(\"ul.car-list\").within(() => {\n  cy.get(\"li.car-item p.car_name\").contains(`${brand.title} ${model.title}`).should(\"exist\").should(() => {\n    wasCarCreated = true;\n    console.log(wasCarCreated);\n  });\n});",
              "err": {},
              "uuid": "231bd32c-c04c-4bc1-bc15-640e008a4935",
              "parentUUID": "c522e53b-a879-4e8d-ba85-b706e32609fb",
              "isHook": false,
              "skipped": false
            },
            {
              "title": "Check if valid car with valid brand-model can be created - Fiat Punto",
              "fullTitle": "Adding new valid cars Check if valid car with valid brand-model can be created - Fiat Punto",
              "timedOut": null,
              "duration": 2396,
              "state": "passed",
              "speed": "fast",
              "pass": true,
              "fail": false,
              "pending": false,
              "context": null,
              "code": "cy.get(\".btn-primary\").contains(\"Add car\").click();\ncy.get(\".modal-content\").within(() => {\n  cy.get(\"#addCarBrand\").select(brand.title);\n  cy.get(\"#addCarModel\").select(model.title);\n  cy.get(\"#addCarMileage\").type(`${_faker.faker.number.int({\n    min: 1,\n    max: 999999\n  })}`).focus().blur();\n  cy.get(\"#addCarMileage\").parents(\".form-group\").within(() => {\n    cy.get(\".invalid-feedback\").should('not.exist');\n  });\n  cy.get(\".btn-primary\").contains(\"Add\").click();\n});\ncy.location(\"pathname\").should(\"eq\", \"/panel/garage\");\ncy.get(\"ul.car-list\").should(\"exist\");\ncy.get(\"ul.car-list\").within(() => {\n  cy.get(\"li.car-item p.car_name\").contains(`${brand.title} ${model.title}`).should(\"exist\").should(() => {\n    wasCarCreated = true;\n    console.log(wasCarCreated);\n  });\n});",
              "err": {},
              "uuid": "f249b38c-47a6-4c05-aa66-770063364ae9",
              "parentUUID": "c522e53b-a879-4e8d-ba85-b706e32609fb",
              "isHook": false,
              "skipped": false
            },
            {
              "title": "Check if valid car with valid brand-model can be created - Fiat Scudo",
              "fullTitle": "Adding new valid cars Check if valid car with valid brand-model can be created - Fiat Scudo",
              "timedOut": null,
              "duration": 2392,
              "state": "passed",
              "speed": "fast",
              "pass": true,
              "fail": false,
              "pending": false,
              "context": null,
              "code": "cy.get(\".btn-primary\").contains(\"Add car\").click();\ncy.get(\".modal-content\").within(() => {\n  cy.get(\"#addCarBrand\").select(brand.title);\n  cy.get(\"#addCarModel\").select(model.title);\n  cy.get(\"#addCarMileage\").type(`${_faker.faker.number.int({\n    min: 1,\n    max: 999999\n  })}`).focus().blur();\n  cy.get(\"#addCarMileage\").parents(\".form-group\").within(() => {\n    cy.get(\".invalid-feedback\").should('not.exist');\n  });\n  cy.get(\".btn-primary\").contains(\"Add\").click();\n});\ncy.location(\"pathname\").should(\"eq\", \"/panel/garage\");\ncy.get(\"ul.car-list\").should(\"exist\");\ncy.get(\"ul.car-list\").within(() => {\n  cy.get(\"li.car-item p.car_name\").contains(`${brand.title} ${model.title}`).should(\"exist\").should(() => {\n    wasCarCreated = true;\n    console.log(wasCarCreated);\n  });\n});",
              "err": {},
              "uuid": "92a06b62-8aee-411b-b8bf-c150e5485101",
              "parentUUID": "c522e53b-a879-4e8d-ba85-b706e32609fb",
              "isHook": false,
              "skipped": false
            },
            {
              "title": "Add a car without selecting brand and modal",
              "fullTitle": "Adding new valid cars Add a car without selecting brand and modal",
              "timedOut": null,
              "duration": 2091,
              "state": "passed",
              "speed": "fast",
              "pass": true,
              "fail": false,
              "pending": false,
              "context": null,
              "code": "cy.get(\".btn-primary\").contains(\"Add car\").click();\ncy.get(\".modal-content\").within(() => {\n  cy.get(\"#addCarMileage\").type(`${_faker.faker.number.int({\n    min: 1,\n    max: 999999\n  })}`).focus().blur();\n  cy.get(\"#addCarMileage\").parents(\".form-group\").within(() => {\n    cy.get(\".invalid-feedback\").should('not.exist');\n  });\n  cy.get(\".btn-primary\").contains(\"Add\").click();\n  //wasCarCreated = true;\n});\ncy.location(\"pathname\").should(\"eq\", \"/panel/garage\");\ncy.get(\"ul.car-list\").within(() => {\n  cy.get(\"li.car-item p.car_name\").contains(`${_carBrands.default[0].title} ${_carModels.default[0].title}`).should(\"be.visible\").should(() => {\n    wasCarCreated = true;\n    console.log(wasCarCreated);\n  });\n});",
              "err": {},
              "uuid": "46042213-d0ee-4c0b-b8fa-5d0c72e8fb8e",
              "parentUUID": "c522e53b-a879-4e8d-ba85-b706e32609fb",
              "isHook": false,
              "skipped": false
            }
          ],
          "suites": [],
          "passes": [
            "1ca3da74-1874-4e56-9e65-848b47eb409c",
            "d02bfcfb-edd9-42bd-90d3-395175ce3fac",
            "c3f9b25b-6a31-4c3e-a267-daef2e5d0a82",
            "9619a302-f281-49d9-be60-a1a2bcb1dc63",
            "57cb2ea3-57c7-4733-872d-e4e388e9fad2",
            "e54df5fa-4f12-4a8b-806b-937a70727197",
            "c27bd8ce-949f-4621-8cbe-630729ddcd13",
            "c4219a4b-815d-4e0b-98b8-6bcc5fdc0d2c",
            "52e023a3-2bec-4398-a8ac-9de5017784c2",
            "48dac6ff-fc11-4646-ad1e-705f874ebd6a",
            "652432de-c871-480a-aab3-ba907ce3b473",
            "f80b5c57-e75f-4243-a0aa-decde134ce62",
            "e4044b6a-3742-490c-afde-755890848287",
            "17d80742-e8ea-4bb5-99d2-2bc0014b2f07",
            "2d6ba82e-fc75-42e6-b98e-076e67a6e396",
            "ec698efb-e139-48c1-96bd-b62b205fda50",
            "4199b1f3-a8cc-47ab-96a6-6963052c0038",
            "231bd32c-c04c-4bc1-bc15-640e008a4935",
            "f249b38c-47a6-4c05-aa66-770063364ae9",
            "92a06b62-8aee-411b-b8bf-c150e5485101",
            "46042213-d0ee-4c0b-b8fa-5d0c72e8fb8e"
          ],
          "failures": [
            "a9fbec45-291f-4932-a1ab-0d677e93ee27",
            "54e6aab0-522b-43b8-bb18-7c5a7b55a898",
            "5020f628-e5c0-4154-be05-3c1bf271f326"
          ],
          "pending": [],
          "skipped": [],
          "duration": 78736,
          "root": false,
          "rootEmpty": false,
          "_timeout": 2000
        }
      ],
      "passes": [],
      "failures": [],
      "pending": [],
      "skipped": [],
      "duration": 0,
      "root": true,
      "rootEmpty": true,
      "_timeout": 2000
    }
  ],
  "meta": {
    "mocha": {
      "version": "7.2.0"
    },
    "mochawesome": {
      "options": {
        "quiet": false,
        "reportFilename": "mochawesome",
        "saveHtml": false,
        "saveJson": true,
        "consoleReporter": "spec",
        "useInlineDiffs": false,
        "code": true
      },
      "version": "7.1.4"
    },
    "marge": {
      "options": {
        "reportDir": "cypress/results",
        "overwrite": false,
        "html": false,
        "json": true
      },
      "version": "6.3.2"
    }
  }
}