{
  "stats": {
    "suites": 3,
    "tests": 8,
    "passes": 6,
    "pending": 0,
    "failures": 2,
    "start": "2025-11-22T17:16:59.774Z",
    "end": "2025-11-22T17:17:48.439Z",
    "duration": 48665,
    "testsRegistered": 28,
    "passPercent": 21.428571428571427,
    "pendingPercent": 0,
    "other": 1,
    "hasOther": true,
    "skipped": 20,
    "hasSkipped": true
  },
  "results": [
    {
      "uuid": "4d201784-ac9f-48bb-8bfe-05f0caadbb8b",
      "title": "",
      "fullFile": "cypress/e2e/cars_hw21.1/addFuelExpence.test.js",
      "file": "cypress/e2e/cars_hw21.1/addFuelExpence.test.js",
      "beforeHooks": [],
      "afterHooks": [],
      "tests": [],
      "suites": [
        {
          "uuid": "06acca93-5466-490e-b257-22b734f78378",
          "title": "Check fuel expence change modal content",
          "fullFile": "",
          "file": "",
          "beforeHooks": [],
          "afterHooks": [],
          "tests": [
            {
              "title": "Check modal title",
              "fullTitle": "Check fuel expence change modal content Check modal title",
              "timedOut": null,
              "duration": 3340,
              "state": "passed",
              "speed": "fast",
              "pass": true,
              "fail": false,
              "pending": false,
              "context": null,
              "code": "cy.get(\"p.car_name\").contains(`${brand.title} ${model.title}`).parents(\"li.car-item\").within(() => {\n  cy.get(\".btn-success\").as(\"addFuelExpense\").contains(\"Add fuel expense\").should(\"be.visible\").and(\"be.enabled\");\n  cy.get(\"@addFuelExpense\").click();\n});\ncy.get(\".modal-content\").within(() => {\n  cy.get(\"h4.modal-title\").contains(\"Add an expense\").should(\"exist\").and(\"be.visible\");\n  cy.get(\"button.close\").click();\n});",
              "err": {},
              "uuid": "bd38c03a-c444-4520-827c-1e849bde76f6",
              "parentUUID": "06acca93-5466-490e-b257-22b734f78378",
              "isHook": false,
              "skipped": false
            },
            {
              "title": "Check modal closing",
              "fullTitle": "Check fuel expence change modal content Check modal closing",
              "timedOut": null,
              "duration": 3020,
              "state": "passed",
              "speed": "fast",
              "pass": true,
              "fail": false,
              "pending": false,
              "context": null,
              "code": "cy.get(\"p.car_name\").contains(`${brand.title} ${model.title}`).parents(\"li.car-item\").within(() => {\n  cy.get(\".btn-success\").as(\"addFuelExpense\").contains(\"Add fuel expense\").should(\"be.visible\").and(\"be.enabled\");\n  cy.get(\"@addFuelExpense\").click();\n});\ncy.get(\".modal-content\").within(() => {\n  cy.get(\"button.close\").as(\"closeButton\").should(\"exist\").and(\"be.visible\").and(\"be.enabled\");\n  cy.get(\"@closeButton\").click();\n});\ncy.location(\"pathname\").should(\"eq\", \"/panel/garage\");\ncy.get(\"button.close\").should(\"not.exist\");",
              "err": {},
              "uuid": "94d7f1ea-d144-4674-8154-a9500bbe4e50",
              "parentUUID": "06acca93-5466-490e-b257-22b734f78378",
              "isHook": false,
              "skipped": false
            },
            {
              "title": "Check cancelling changes",
              "fullTitle": "Check fuel expence change modal content Check cancelling changes",
              "timedOut": null,
              "duration": 3037,
              "state": "passed",
              "speed": "fast",
              "pass": true,
              "fail": false,
              "pending": false,
              "context": null,
              "code": "cy.get(\"p.car_name\").contains(`${brand.title} ${model.title}`).parents(\"li.car-item\").within(() => {\n  cy.get(\".btn-success\").as(\"addFuelExpense\").contains(\"Add fuel expense\").should(\"be.visible\").and(\"be.enabled\");\n  cy.get(\"@addFuelExpense\").click();\n});\ncy.get(\".modal-content\").within(() => {\n  cy.get(\"button.btn-secondary\").contains(\"Cancel\").as(\"cancelButton\").should(\"exist\").and(\"be.visible\").and(\"be.enabled\");\n  cy.get(\"@cancelButton\").click();\n});\ncy.location(\"pathname\").should(\"eq\", \"/panel/garage\");\ncy.get(\"button.btn-secondary\").contains(\"Cancel\").should(\"not.exist\");",
              "err": {},
              "uuid": "ccfbc7f8-8a2a-451d-8c88-fb74b4180159",
              "parentUUID": "06acca93-5466-490e-b257-22b734f78378",
              "isHook": false,
              "skipped": false
            }
          ],
          "suites": [],
          "passes": [
            "bd38c03a-c444-4520-827c-1e849bde76f6",
            "94d7f1ea-d144-4674-8154-a9500bbe4e50",
            "ccfbc7f8-8a2a-451d-8c88-fb74b4180159"
          ],
          "failures": [],
          "pending": [],
          "skipped": [],
          "duration": 9397,
          "root": false,
          "rootEmpty": false,
          "_timeout": 2000
        },
        {
          "uuid": "77e88ad4-ae74-4b01-bcb8-ff1452e4eccf",
          "title": "Check fuel expence fields limits ",
          "fullFile": "",
          "file": "",
          "beforeHooks": [],
          "afterHooks": [],
          "tests": [
            {
              "title": "Basic valid check",
              "fullTitle": "Check fuel expence fields limits  Basic valid check",
              "timedOut": null,
              "duration": 3343,
              "state": "passed",
              "speed": "fast",
              "pass": true,
              "fail": false,
              "pending": false,
              "context": null,
              "code": "cy.visit('/panel/garage');\ncy.get(\"p.car_name\").contains(`${car.brand.title} ${car.model.title}`).parents(\"li.car-item\").within(() => {\n  cy.get(\".btn-success\").as(\"addFuelExpense\").contains(\"Add fuel expense\").should(\"be.visible\").and(\"be.enabled\");\n  cy.get(\"@addFuelExpense\").click();\n});\ncy.get(\".modal-content\").within(() => {\n  cy.get(\"#addExpenseMileage\").type(`{selectAll}{backspace}${input.millage}`).focus().blur();\n  cy.get(\"#addExpenseLiters\").type(input.numLiters).focus().blur();\n  cy.get(\"#addExpenseTotalCost\").type(input.totalCost).focus().blur();\n  if (error.message !== \"Valid\") {\n    cy.get(\".btn-primary\").contains(\"Add\").should(\"be.disabled\");\n    cy.get(\"#addExpenseMileage\").parents(\".form-group\").within(() => {\n      cy.get(\".invalid-feedback p\").should(\"have.text\", error.message);\n    });\n  } else {\n    cy.get(\".btn-primary\").contains(\"Add\").as(\"addExpenseButton\").should(\"be.enabled\");\n    cy.get(\"@addExpenseButton\").click();\n  }\n});\nif (error.message === \"Valid\") {\n  cy.location(\"pathname\").should(\"eq\", \"/panel/expenses\");\n  cy.get(\".main\").within(() => {\n    cy.get('#carSelectDropdown').should(\"be.visible\").and(\"have.text\", `${car.brand.title} ${car.model.title}`);\n    cy.get(\".panel-page_content .expenses tbody\").within(() => {\n      cy.get(\"td\").eq(1).should(\"have.text\", input.millage);\n      cy.get(\"td\").eq(2).should(\"have.text\", `${input.numLiters}L`);\n      cy.get(\"td\").eq(3).should(\"have.text\", `${input.totalCost} USD`);\n    });\n  });\n}",
              "err": {},
              "uuid": "9441405c-37ce-4828-b84e-fedc022f20a9",
              "parentUUID": "77e88ad4-ae74-4b01-bcb8-ff1452e4eccf",
              "isHook": false,
              "skipped": false
            },
            {
              "title": "Invalid millage - more than maximum",
              "fullTitle": "Check fuel expence fields limits  Invalid millage - more than maximum",
              "timedOut": null,
              "duration": 3198,
              "state": "passed",
              "speed": "fast",
              "pass": true,
              "fail": false,
              "pending": false,
              "context": null,
              "code": "cy.visit('/panel/garage');\ncy.get(\"p.car_name\").contains(`${car.brand.title} ${car.model.title}`).parents(\"li.car-item\").within(() => {\n  cy.get(\".btn-success\").as(\"addFuelExpense\").contains(\"Add fuel expense\").should(\"be.visible\").and(\"be.enabled\");\n  cy.get(\"@addFuelExpense\").click();\n});\ncy.get(\".modal-content\").within(() => {\n  cy.get(\"#addExpenseMileage\").type(`{selectAll}{backspace}${input.millage}`).focus().blur();\n  cy.get(\"#addExpenseLiters\").type(input.numLiters).focus().blur();\n  cy.get(\"#addExpenseTotalCost\").type(input.totalCost).focus().blur();\n  if (error.message !== \"Valid\") {\n    cy.get(\".btn-primary\").contains(\"Add\").should(\"be.disabled\");\n    cy.get(\"#addExpenseMileage\").parents(\".form-group\").within(() => {\n      cy.get(\".invalid-feedback p\").should(\"have.text\", error.message);\n    });\n  } else {\n    cy.get(\".btn-primary\").contains(\"Add\").as(\"addExpenseButton\").should(\"be.enabled\");\n    cy.get(\"@addExpenseButton\").click();\n  }\n});\nif (error.message === \"Valid\") {\n  cy.location(\"pathname\").should(\"eq\", \"/panel/expenses\");\n  cy.get(\".main\").within(() => {\n    cy.get('#carSelectDropdown').should(\"be.visible\").and(\"have.text\", `${car.brand.title} ${car.model.title}`);\n    cy.get(\".panel-page_content .expenses tbody\").within(() => {\n      cy.get(\"td\").eq(1).should(\"have.text\", input.millage);\n      cy.get(\"td\").eq(2).should(\"have.text\", `${input.numLiters}L`);\n      cy.get(\"td\").eq(3).should(\"have.text\", `${input.totalCost} USD`);\n    });\n  });\n}",
              "err": {},
              "uuid": "e4eaf972-3e81-4257-818e-1aaa2cdf3f6d",
              "parentUUID": "77e88ad4-ae74-4b01-bcb8-ff1452e4eccf",
              "isHook": false,
              "skipped": false
            },
            {
              "title": "Invalid millage - negative number",
              "fullTitle": "Check fuel expence fields limits  Invalid millage - negative number",
              "timedOut": null,
              "duration": 3138,
              "state": "passed",
              "speed": "fast",
              "pass": true,
              "fail": false,
              "pending": false,
              "context": null,
              "code": "cy.visit('/panel/garage');\ncy.get(\"p.car_name\").contains(`${car.brand.title} ${car.model.title}`).parents(\"li.car-item\").within(() => {\n  cy.get(\".btn-success\").as(\"addFuelExpense\").contains(\"Add fuel expense\").should(\"be.visible\").and(\"be.enabled\");\n  cy.get(\"@addFuelExpense\").click();\n});\ncy.get(\".modal-content\").within(() => {\n  cy.get(\"#addExpenseMileage\").type(`{selectAll}{backspace}${input.millage}`).focus().blur();\n  cy.get(\"#addExpenseLiters\").type(input.numLiters).focus().blur();\n  cy.get(\"#addExpenseTotalCost\").type(input.totalCost).focus().blur();\n  if (error.message !== \"Valid\") {\n    cy.get(\".btn-primary\").contains(\"Add\").should(\"be.disabled\");\n    cy.get(\"#addExpenseMileage\").parents(\".form-group\").within(() => {\n      cy.get(\".invalid-feedback p\").should(\"have.text\", error.message);\n    });\n  } else {\n    cy.get(\".btn-primary\").contains(\"Add\").as(\"addExpenseButton\").should(\"be.enabled\");\n    cy.get(\"@addExpenseButton\").click();\n  }\n});\nif (error.message === \"Valid\") {\n  cy.location(\"pathname\").should(\"eq\", \"/panel/expenses\");\n  cy.get(\".main\").within(() => {\n    cy.get('#carSelectDropdown').should(\"be.visible\").and(\"have.text\", `${car.brand.title} ${car.model.title}`);\n    cy.get(\".panel-page_content .expenses tbody\").within(() => {\n      cy.get(\"td\").eq(1).should(\"have.text\", input.millage);\n      cy.get(\"td\").eq(2).should(\"have.text\", `${input.numLiters}L`);\n      cy.get(\"td\").eq(3).should(\"have.text\", `${input.totalCost} USD`);\n    });\n  });\n}",
              "err": {},
              "uuid": "156eaa00-955f-4a8e-a6ee-fddd158878c3",
              "parentUUID": "77e88ad4-ae74-4b01-bcb8-ff1452e4eccf",
              "isHook": false,
              "skipped": false
            },
            {
              "title": "Invalid millage - not a number",
              "fullTitle": "Check fuel expence fields limits  Invalid millage - not a number",
              "timedOut": null,
              "duration": 7242,
              "state": "failed",
              "speed": null,
              "pass": false,
              "fail": true,
              "pending": false,
              "context": null,
              "code": "cy.visit('/panel/garage');\ncy.get(\"p.car_name\").contains(`${car.brand.title} ${car.model.title}`).parents(\"li.car-item\").within(() => {\n  cy.get(\".btn-success\").as(\"addFuelExpense\").contains(\"Add fuel expense\").should(\"be.visible\").and(\"be.enabled\");\n  cy.get(\"@addFuelExpense\").click();\n});\ncy.get(\".modal-content\").within(() => {\n  cy.get(\"#addExpenseMileage\").type(`{selectAll}{backspace}${input.millage}`).focus().blur();\n  cy.get(\"#addExpenseLiters\").type(input.numLiters).focus().blur();\n  cy.get(\"#addExpenseTotalCost\").type(input.totalCost).focus().blur();\n  if (error.message !== \"Valid\") {\n    cy.get(\".btn-primary\").contains(\"Add\").should(\"be.disabled\");\n    cy.get(\"#addExpenseMileage\").parents(\".form-group\").within(() => {\n      cy.get(\".invalid-feedback p\").should(\"have.text\", error.message);\n    });\n  } else {\n    cy.get(\".btn-primary\").contains(\"Add\").as(\"addExpenseButton\").should(\"be.enabled\");\n    cy.get(\"@addExpenseButton\").click();\n  }\n});\nif (error.message === \"Valid\") {\n  cy.location(\"pathname\").should(\"eq\", \"/panel/expenses\");\n  cy.get(\".main\").within(() => {\n    cy.get('#carSelectDropdown').should(\"be.visible\").and(\"have.text\", `${car.brand.title} ${car.model.title}`);\n    cy.get(\".panel-page_content .expenses tbody\").within(() => {\n      cy.get(\"td\").eq(1).should(\"have.text\", input.millage);\n      cy.get(\"td\").eq(2).should(\"have.text\", `${input.numLiters}L`);\n      cy.get(\"td\").eq(3).should(\"have.text\", `${input.totalCost} USD`);\n    });\n  });\n}",
              "err": {
                "message": "AssertionError: Timed out retrying after 7000ms: Expected to find element: `.car-list`, but never found it.\n\nBecause this error occurred during a `after each` hook we are skipping the remaining tests in the current suite: `Check fuel expence fields l...`",
                "estack": "AssertionError: Timed out retrying after 7000ms: Expected to find element: `.car-list`, but never found it.\n\nBecause this error occurred during a `after each` hook we are skipping the remaining tests in the current suite: `Check fuel expence fields l...`\n    at Context.eval (webpack://qa-cypress/./cypress/e2e/cars_hw21.1/addFuelExpence.test.js:283:15)",
                "diff": null
              },
              "uuid": "bc273ad0-1b82-4beb-83ec-9a35d5f3a4e2",
              "parentUUID": "77e88ad4-ae74-4b01-bcb8-ff1452e4eccf",
              "isHook": false,
              "skipped": false
            },
            {
              "title": "Invalid millage - spaces",
              "fullTitle": "Check fuel expence fields limits  Invalid millage - spaces",
              "timedOut": null,
              "duration": 0,
              "state": "skipped",
              "speed": null,
              "pass": false,
              "fail": false,
              "pending": false,
              "context": null,
              "code": "cy.visit('/panel/garage');\ncy.get(\"p.car_name\").contains(`${car.brand.title} ${car.model.title}`).parents(\"li.car-item\").within(() => {\n  cy.get(\".btn-success\").as(\"addFuelExpense\").contains(\"Add fuel expense\").should(\"be.visible\").and(\"be.enabled\");\n  cy.get(\"@addFuelExpense\").click();\n});\ncy.get(\".modal-content\").within(() => {\n  cy.get(\"#addExpenseMileage\").type(`{selectAll}{backspace}${input.millage}`).focus().blur();\n  cy.get(\"#addExpenseLiters\").type(input.numLiters).focus().blur();\n  cy.get(\"#addExpenseTotalCost\").type(input.totalCost).focus().blur();\n  if (error.message !== \"Valid\") {\n    cy.get(\".btn-primary\").contains(\"Add\").should(\"be.disabled\");\n    cy.get(\"#addExpenseMileage\").parents(\".form-group\").within(() => {\n      cy.get(\".invalid-feedback p\").should(\"have.text\", error.message);\n    });\n  } else {\n    cy.get(\".btn-primary\").contains(\"Add\").as(\"addExpenseButton\").should(\"be.enabled\");\n    cy.get(\"@addExpenseButton\").click();\n  }\n});\nif (error.message === \"Valid\") {\n  cy.location(\"pathname\").should(\"eq\", \"/panel/expenses\");\n  cy.get(\".main\").within(() => {\n    cy.get('#carSelectDropdown').should(\"be.visible\").and(\"have.text\", `${car.brand.title} ${car.model.title}`);\n    cy.get(\".panel-page_content .expenses tbody\").within(() => {\n      cy.get(\"td\").eq(1).should(\"have.text\", input.millage);\n      cy.get(\"td\").eq(2).should(\"have.text\", `${input.numLiters}L`);\n      cy.get(\"td\").eq(3).should(\"have.text\", `${input.totalCost} USD`);\n    });\n  });\n}",
              "err": {},
              "uuid": "8ffa59cf-2c57-472f-9acf-261594174175",
              "parentUUID": "77e88ad4-ae74-4b01-bcb8-ff1452e4eccf",
              "isHook": false,
              "skipped": true
            },
            {
              "title": "Invalid millage - empty",
              "fullTitle": "Check fuel expence fields limits  Invalid millage - empty",
              "timedOut": null,
              "duration": 0,
              "state": "skipped",
              "speed": null,
              "pass": false,
              "fail": false,
              "pending": false,
              "context": null,
              "code": "cy.visit('/panel/garage');\ncy.get(\"p.car_name\").contains(`${car.brand.title} ${car.model.title}`).parents(\"li.car-item\").within(() => {\n  cy.get(\".btn-success\").as(\"addFuelExpense\").contains(\"Add fuel expense\").should(\"be.visible\").and(\"be.enabled\");\n  cy.get(\"@addFuelExpense\").click();\n});\ncy.get(\".modal-content\").within(() => {\n  cy.get(\"#addExpenseMileage\").type(\"{selectAll}{backspace}\").focus().blur();\n  cy.get(\"#addExpenseLiters\").type(_faker.faker.number.float({\n    min: 0.01,\n    max: 9999\n  })).focus().blur();\n  cy.get(\"#addExpenseTotalCost\").type(_faker.faker.number.float({\n    min: 0.01,\n    max: 10000\n  })).focus().blur();\n  cy.get(\".btn-primary\").contains(\"Add\").should(\"be.disabled\");\n  cy.get(\"#addExpenseMileage\").parents(\".form-group\").within(() => {\n    cy.get(\".invalid-feedback p\").should(\"have.text\", \"Mileage required\");\n  });\n});",
              "err": {},
              "uuid": "84a2ee73-def2-4849-aaf5-4328564b36b3",
              "parentUUID": "77e88ad4-ae74-4b01-bcb8-ff1452e4eccf",
              "isHook": false,
              "skipped": true
            },
            {
              "title": "Invalid number of liters - less than minimum",
              "fullTitle": "Check fuel expence fields limits  Invalid number of liters - less than minimum",
              "timedOut": null,
              "duration": 0,
              "state": "skipped",
              "speed": null,
              "pass": false,
              "fail": false,
              "pending": false,
              "context": null,
              "code": "cy.visit('/panel/garage');\ncy.get(\"p.car_name\").contains(`${car.brand.title} ${car.model.title}`).parents(\"li.car-item\").within(() => {\n  cy.get(\".btn-success\").as(\"addFuelExpense\").contains(\"Add fuel expense\").should(\"be.visible\").and(\"be.enabled\");\n  cy.get(\"@addFuelExpense\").click();\n});\ncy.get(\".modal-content\").within(() => {\n  cy.get(\"#addExpenseMileage\").type(`{selectAll}{backspace}${input.millage}`).focus().blur();\n  cy.get(\"#addExpenseLiters\").type(input.numLiters).focus().blur();\n  cy.get(\"#addExpenseTotalCost\").type(input.totalCost).focus().blur();\n  if (error.message !== \"Valid\") {\n    cy.get(\".btn-primary\").contains(\"Add\").should(\"be.disabled\");\n    cy.get(\"#addExpenseLiters\").parents(\".form-group\").within(() => {\n      cy.get(\".invalid-feedback p\").should(\"have.text\", error.message);\n    });\n  } else {\n    cy.get(\".btn-primary\").contains(\"Add\").as(\"addExpenseButton\").should(\"be.enabled\");\n    cy.get(\"@addExpenseButton\").click();\n  }\n});\nif (error.message === \"Valid\") {\n  cy.location(\"pathname\").should(\"eq\", \"/panel/expenses\");\n  cy.get(\".main\").within(() => {\n    cy.get('#carSelectDropdown').should(\"be.visible\").and(\"have.text\", `${car.brand.title} ${car.model.title}`);\n    cy.get(\".panel-page_content .expenses tbody\").within(() => {\n      cy.get(\"td\").eq(1).should(\"have.text\", input.millage);\n      cy.get(\"td\").eq(2).should(\"have.text\", `${input.numLiters}L`);\n      cy.get(\"td\").eq(3).should(\"have.text\", `${input.totalCost} USD`);\n    });\n  });\n}",
              "err": {},
              "uuid": "4dc98e95-94e6-4430-95dd-a1c1a764fef5",
              "parentUUID": "77e88ad4-ae74-4b01-bcb8-ff1452e4eccf",
              "isHook": false,
              "skipped": true
            },
            {
              "title": "Invalid number of liters - zero",
              "fullTitle": "Check fuel expence fields limits  Invalid number of liters - zero",
              "timedOut": null,
              "duration": 0,
              "state": "skipped",
              "speed": null,
              "pass": false,
              "fail": false,
              "pending": false,
              "context": null,
              "code": "cy.visit('/panel/garage');\ncy.get(\"p.car_name\").contains(`${car.brand.title} ${car.model.title}`).parents(\"li.car-item\").within(() => {\n  cy.get(\".btn-success\").as(\"addFuelExpense\").contains(\"Add fuel expense\").should(\"be.visible\").and(\"be.enabled\");\n  cy.get(\"@addFuelExpense\").click();\n});\ncy.get(\".modal-content\").within(() => {\n  cy.get(\"#addExpenseMileage\").type(`{selectAll}{backspace}${input.millage}`).focus().blur();\n  cy.get(\"#addExpenseLiters\").type(input.numLiters).focus().blur();\n  cy.get(\"#addExpenseTotalCost\").type(input.totalCost).focus().blur();\n  if (error.message !== \"Valid\") {\n    cy.get(\".btn-primary\").contains(\"Add\").should(\"be.disabled\");\n    cy.get(\"#addExpenseLiters\").parents(\".form-group\").within(() => {\n      cy.get(\".invalid-feedback p\").should(\"have.text\", error.message);\n    });\n  } else {\n    cy.get(\".btn-primary\").contains(\"Add\").as(\"addExpenseButton\").should(\"be.enabled\");\n    cy.get(\"@addExpenseButton\").click();\n  }\n});\nif (error.message === \"Valid\") {\n  cy.location(\"pathname\").should(\"eq\", \"/panel/expenses\");\n  cy.get(\".main\").within(() => {\n    cy.get('#carSelectDropdown').should(\"be.visible\").and(\"have.text\", `${car.brand.title} ${car.model.title}`);\n    cy.get(\".panel-page_content .expenses tbody\").within(() => {\n      cy.get(\"td\").eq(1).should(\"have.text\", input.millage);\n      cy.get(\"td\").eq(2).should(\"have.text\", `${input.numLiters}L`);\n      cy.get(\"td\").eq(3).should(\"have.text\", `${input.totalCost} USD`);\n    });\n  });\n}",
              "err": {},
              "uuid": "4ccd5fea-45b9-476c-8a4b-81231ba532b7",
              "parentUUID": "77e88ad4-ae74-4b01-bcb8-ff1452e4eccf",
              "isHook": false,
              "skipped": true
            },
            {
              "title": "Invalid number of liters - more than maximum",
              "fullTitle": "Check fuel expence fields limits  Invalid number of liters - more than maximum",
              "timedOut": null,
              "duration": 0,
              "state": "skipped",
              "speed": null,
              "pass": false,
              "fail": false,
              "pending": false,
              "context": null,
              "code": "cy.visit('/panel/garage');\ncy.get(\"p.car_name\").contains(`${car.brand.title} ${car.model.title}`).parents(\"li.car-item\").within(() => {\n  cy.get(\".btn-success\").as(\"addFuelExpense\").contains(\"Add fuel expense\").should(\"be.visible\").and(\"be.enabled\");\n  cy.get(\"@addFuelExpense\").click();\n});\ncy.get(\".modal-content\").within(() => {\n  cy.get(\"#addExpenseMileage\").type(`{selectAll}{backspace}${input.millage}`).focus().blur();\n  cy.get(\"#addExpenseLiters\").type(input.numLiters).focus().blur();\n  cy.get(\"#addExpenseTotalCost\").type(input.totalCost).focus().blur();\n  if (error.message !== \"Valid\") {\n    cy.get(\".btn-primary\").contains(\"Add\").should(\"be.disabled\");\n    cy.get(\"#addExpenseLiters\").parents(\".form-group\").within(() => {\n      cy.get(\".invalid-feedback p\").should(\"have.text\", error.message);\n    });\n  } else {\n    cy.get(\".btn-primary\").contains(\"Add\").as(\"addExpenseButton\").should(\"be.enabled\");\n    cy.get(\"@addExpenseButton\").click();\n  }\n});\nif (error.message === \"Valid\") {\n  cy.location(\"pathname\").should(\"eq\", \"/panel/expenses\");\n  cy.get(\".main\").within(() => {\n    cy.get('#carSelectDropdown').should(\"be.visible\").and(\"have.text\", `${car.brand.title} ${car.model.title}`);\n    cy.get(\".panel-page_content .expenses tbody\").within(() => {\n      cy.get(\"td\").eq(1).should(\"have.text\", input.millage);\n      cy.get(\"td\").eq(2).should(\"have.text\", `${input.numLiters}L`);\n      cy.get(\"td\").eq(3).should(\"have.text\", `${input.totalCost} USD`);\n    });\n  });\n}",
              "err": {},
              "uuid": "42b14214-61b6-44b1-b1d4-dfc438bb400d",
              "parentUUID": "77e88ad4-ae74-4b01-bcb8-ff1452e4eccf",
              "isHook": false,
              "skipped": true
            },
            {
              "title": "Invalid number of liters - negative number",
              "fullTitle": "Check fuel expence fields limits  Invalid number of liters - negative number",
              "timedOut": null,
              "duration": 0,
              "state": "skipped",
              "speed": null,
              "pass": false,
              "fail": false,
              "pending": false,
              "context": null,
              "code": "cy.visit('/panel/garage');\ncy.get(\"p.car_name\").contains(`${car.brand.title} ${car.model.title}`).parents(\"li.car-item\").within(() => {\n  cy.get(\".btn-success\").as(\"addFuelExpense\").contains(\"Add fuel expense\").should(\"be.visible\").and(\"be.enabled\");\n  cy.get(\"@addFuelExpense\").click();\n});\ncy.get(\".modal-content\").within(() => {\n  cy.get(\"#addExpenseMileage\").type(`{selectAll}{backspace}${input.millage}`).focus().blur();\n  cy.get(\"#addExpenseLiters\").type(input.numLiters).focus().blur();\n  cy.get(\"#addExpenseTotalCost\").type(input.totalCost).focus().blur();\n  if (error.message !== \"Valid\") {\n    cy.get(\".btn-primary\").contains(\"Add\").should(\"be.disabled\");\n    cy.get(\"#addExpenseLiters\").parents(\".form-group\").within(() => {\n      cy.get(\".invalid-feedback p\").should(\"have.text\", error.message);\n    });\n  } else {\n    cy.get(\".btn-primary\").contains(\"Add\").as(\"addExpenseButton\").should(\"be.enabled\");\n    cy.get(\"@addExpenseButton\").click();\n  }\n});\nif (error.message === \"Valid\") {\n  cy.location(\"pathname\").should(\"eq\", \"/panel/expenses\");\n  cy.get(\".main\").within(() => {\n    cy.get('#carSelectDropdown').should(\"be.visible\").and(\"have.text\", `${car.brand.title} ${car.model.title}`);\n    cy.get(\".panel-page_content .expenses tbody\").within(() => {\n      cy.get(\"td\").eq(1).should(\"have.text\", input.millage);\n      cy.get(\"td\").eq(2).should(\"have.text\", `${input.numLiters}L`);\n      cy.get(\"td\").eq(3).should(\"have.text\", `${input.totalCost} USD`);\n    });\n  });\n}",
              "err": {},
              "uuid": "69aaabb6-6222-4709-84b7-940287044c96",
              "parentUUID": "77e88ad4-ae74-4b01-bcb8-ff1452e4eccf",
              "isHook": false,
              "skipped": true
            },
            {
              "title": "Invalid number of liters - not a number",
              "fullTitle": "Check fuel expence fields limits  Invalid number of liters - not a number",
              "timedOut": null,
              "duration": 0,
              "state": "skipped",
              "speed": null,
              "pass": false,
              "fail": false,
              "pending": false,
              "context": null,
              "code": "cy.visit('/panel/garage');\ncy.get(\"p.car_name\").contains(`${car.brand.title} ${car.model.title}`).parents(\"li.car-item\").within(() => {\n  cy.get(\".btn-success\").as(\"addFuelExpense\").contains(\"Add fuel expense\").should(\"be.visible\").and(\"be.enabled\");\n  cy.get(\"@addFuelExpense\").click();\n});\ncy.get(\".modal-content\").within(() => {\n  cy.get(\"#addExpenseMileage\").type(`{selectAll}{backspace}${input.millage}`).focus().blur();\n  cy.get(\"#addExpenseLiters\").type(input.numLiters).focus().blur();\n  cy.get(\"#addExpenseTotalCost\").type(input.totalCost).focus().blur();\n  if (error.message !== \"Valid\") {\n    cy.get(\".btn-primary\").contains(\"Add\").should(\"be.disabled\");\n    cy.get(\"#addExpenseLiters\").parents(\".form-group\").within(() => {\n      cy.get(\".invalid-feedback p\").should(\"have.text\", error.message);\n    });\n  } else {\n    cy.get(\".btn-primary\").contains(\"Add\").as(\"addExpenseButton\").should(\"be.enabled\");\n    cy.get(\"@addExpenseButton\").click();\n  }\n});\nif (error.message === \"Valid\") {\n  cy.location(\"pathname\").should(\"eq\", \"/panel/expenses\");\n  cy.get(\".main\").within(() => {\n    cy.get('#carSelectDropdown').should(\"be.visible\").and(\"have.text\", `${car.brand.title} ${car.model.title}`);\n    cy.get(\".panel-page_content .expenses tbody\").within(() => {\n      cy.get(\"td\").eq(1).should(\"have.text\", input.millage);\n      cy.get(\"td\").eq(2).should(\"have.text\", `${input.numLiters}L`);\n      cy.get(\"td\").eq(3).should(\"have.text\", `${input.totalCost} USD`);\n    });\n  });\n}",
              "err": {},
              "uuid": "1319231f-1332-45ea-b45f-971e0e33f1ae",
              "parentUUID": "77e88ad4-ae74-4b01-bcb8-ff1452e4eccf",
              "isHook": false,
              "skipped": true
            },
            {
              "title": "Invalid number of liters - spaces",
              "fullTitle": "Check fuel expence fields limits  Invalid number of liters - spaces",
              "timedOut": null,
              "duration": 0,
              "state": "skipped",
              "speed": null,
              "pass": false,
              "fail": false,
              "pending": false,
              "context": null,
              "code": "cy.visit('/panel/garage');\ncy.get(\"p.car_name\").contains(`${car.brand.title} ${car.model.title}`).parents(\"li.car-item\").within(() => {\n  cy.get(\".btn-success\").as(\"addFuelExpense\").contains(\"Add fuel expense\").should(\"be.visible\").and(\"be.enabled\");\n  cy.get(\"@addFuelExpense\").click();\n});\ncy.get(\".modal-content\").within(() => {\n  cy.get(\"#addExpenseMileage\").type(`{selectAll}{backspace}${input.millage}`).focus().blur();\n  cy.get(\"#addExpenseLiters\").type(input.numLiters).focus().blur();\n  cy.get(\"#addExpenseTotalCost\").type(input.totalCost).focus().blur();\n  if (error.message !== \"Valid\") {\n    cy.get(\".btn-primary\").contains(\"Add\").should(\"be.disabled\");\n    cy.get(\"#addExpenseLiters\").parents(\".form-group\").within(() => {\n      cy.get(\".invalid-feedback p\").should(\"have.text\", error.message);\n    });\n  } else {\n    cy.get(\".btn-primary\").contains(\"Add\").as(\"addExpenseButton\").should(\"be.enabled\");\n    cy.get(\"@addExpenseButton\").click();\n  }\n});\nif (error.message === \"Valid\") {\n  cy.location(\"pathname\").should(\"eq\", \"/panel/expenses\");\n  cy.get(\".main\").within(() => {\n    cy.get('#carSelectDropdown').should(\"be.visible\").and(\"have.text\", `${car.brand.title} ${car.model.title}`);\n    cy.get(\".panel-page_content .expenses tbody\").within(() => {\n      cy.get(\"td\").eq(1).should(\"have.text\", input.millage);\n      cy.get(\"td\").eq(2).should(\"have.text\", `${input.numLiters}L`);\n      cy.get(\"td\").eq(3).should(\"have.text\", `${input.totalCost} USD`);\n    });\n  });\n}",
              "err": {},
              "uuid": "d0b069bf-cae9-4404-937a-8d3cb797ceda",
              "parentUUID": "77e88ad4-ae74-4b01-bcb8-ff1452e4eccf",
              "isHook": false,
              "skipped": true
            },
            {
              "title": "Invalid number of liters - empty",
              "fullTitle": "Check fuel expence fields limits  Invalid number of liters - empty",
              "timedOut": null,
              "duration": 0,
              "state": "skipped",
              "speed": null,
              "pass": false,
              "fail": false,
              "pending": false,
              "context": null,
              "code": "cy.visit('/panel/garage');\ncy.get(\"p.car_name\").contains(`${car.brand.title} ${car.model.title}`).parents(\"li.car-item\").within(() => {\n  cy.get(\".btn-success\").as(\"addFuelExpense\").contains(\"Add fuel expense\").should(\"be.visible\").and(\"be.enabled\");\n  cy.get(\"@addFuelExpense\").click();\n});\ncy.get(\".modal-content\").within(() => {\n  cy.get(\"#addExpenseMileage\").type(\"{selectAll}{backspace}2\").focus().blur();\n  cy.get(\"#addExpenseLiters\").focus().blur();\n  cy.get(\"#addExpenseTotalCost\").type(_faker.faker.number.float({\n    min: 0.01,\n    max: 10000\n  })).focus().blur();\n  cy.get(\".btn-primary\").contains(\"Add\").should(\"be.disabled\");\n  cy.get(\"#addExpenseLiters\").parents(\".form-group\").within(() => {\n    cy.get(\".invalid-feedback p\").should(\"have.text\", \"Liters required\");\n  });\n});",
              "err": {},
              "uuid": "6440f7bf-e159-403e-be86-a6af1ddeb87c",
              "parentUUID": "77e88ad4-ae74-4b01-bcb8-ff1452e4eccf",
              "isHook": false,
              "skipped": true
            },
            {
              "title": "Invalid total costs - less than minimun",
              "fullTitle": "Check fuel expence fields limits  Invalid total costs - less than minimun",
              "timedOut": null,
              "duration": 0,
              "state": "skipped",
              "speed": null,
              "pass": false,
              "fail": false,
              "pending": false,
              "context": null,
              "code": "cy.visit('/panel/garage');\ncy.get(\"p.car_name\").contains(`${car.brand.title} ${car.model.title}`).parents(\"li.car-item\").within(() => {\n  cy.get(\".btn-success\").as(\"addFuelExpense\").contains(\"Add fuel expense\").should(\"be.visible\").and(\"be.enabled\");\n  cy.get(\"@addFuelExpense\").click();\n});\ncy.get(\".modal-content\").within(() => {\n  cy.get(\"#addExpenseMileage\").type(`{selectAll}{backspace}${input.millage}`).focus().blur();\n  cy.get(\"#addExpenseLiters\").type(input.numLiters).focus().blur();\n  cy.get(\"#addExpenseTotalCost\").type(input.totalCost).focus().blur();\n  if (error.message !== \"Valid\") {\n    cy.get(\".btn-primary\").contains(\"Add\").should(\"be.disabled\");\n    cy.get(\"#addExpenseTotalCost\").parents(\".form-group\").within(() => {\n      cy.get(\".invalid-feedback p\").should(\"have.text\", error.message);\n    });\n  } else {\n    cy.get(\".btn-primary\").contains(\"Add\").as(\"addExpenseButton\").should(\"be.enabled\");\n    cy.get(\"@addExpenseButton\").click();\n  }\n});\nif (error.message === \"Valid\") {\n  cy.location(\"pathname\").should(\"eq\", \"/panel/expenses\");\n  cy.get(\".main\").within(() => {\n    cy.get('#carSelectDropdown').should(\"be.visible\").and(\"have.text\", `${car.brand.title} ${car.model.title}`);\n    cy.get(\".panel-page_content .expenses tbody\").within(() => {\n      cy.get(\"td\").eq(1).should(\"have.text\", input.millage);\n      cy.get(\"td\").eq(2).should(\"have.text\", `${input.numLiters}L`);\n      cy.get(\"td\").eq(3).should(\"have.text\", `${input.totalCost} USD`);\n    });\n  });\n}",
              "err": {},
              "uuid": "c3467748-90dc-4d26-9d75-586b4198c09f",
              "parentUUID": "77e88ad4-ae74-4b01-bcb8-ff1452e4eccf",
              "isHook": false,
              "skipped": true
            },
            {
              "title": "Invalid total costs - zero",
              "fullTitle": "Check fuel expence fields limits  Invalid total costs - zero",
              "timedOut": null,
              "duration": 0,
              "state": "skipped",
              "speed": null,
              "pass": false,
              "fail": false,
              "pending": false,
              "context": null,
              "code": "cy.visit('/panel/garage');\ncy.get(\"p.car_name\").contains(`${car.brand.title} ${car.model.title}`).parents(\"li.car-item\").within(() => {\n  cy.get(\".btn-success\").as(\"addFuelExpense\").contains(\"Add fuel expense\").should(\"be.visible\").and(\"be.enabled\");\n  cy.get(\"@addFuelExpense\").click();\n});\ncy.get(\".modal-content\").within(() => {\n  cy.get(\"#addExpenseMileage\").type(`{selectAll}{backspace}${input.millage}`).focus().blur();\n  cy.get(\"#addExpenseLiters\").type(input.numLiters).focus().blur();\n  cy.get(\"#addExpenseTotalCost\").type(input.totalCost).focus().blur();\n  if (error.message !== \"Valid\") {\n    cy.get(\".btn-primary\").contains(\"Add\").should(\"be.disabled\");\n    cy.get(\"#addExpenseTotalCost\").parents(\".form-group\").within(() => {\n      cy.get(\".invalid-feedback p\").should(\"have.text\", error.message);\n    });\n  } else {\n    cy.get(\".btn-primary\").contains(\"Add\").as(\"addExpenseButton\").should(\"be.enabled\");\n    cy.get(\"@addExpenseButton\").click();\n  }\n});\nif (error.message === \"Valid\") {\n  cy.location(\"pathname\").should(\"eq\", \"/panel/expenses\");\n  cy.get(\".main\").within(() => {\n    cy.get('#carSelectDropdown').should(\"be.visible\").and(\"have.text\", `${car.brand.title} ${car.model.title}`);\n    cy.get(\".panel-page_content .expenses tbody\").within(() => {\n      cy.get(\"td\").eq(1).should(\"have.text\", input.millage);\n      cy.get(\"td\").eq(2).should(\"have.text\", `${input.numLiters}L`);\n      cy.get(\"td\").eq(3).should(\"have.text\", `${input.totalCost} USD`);\n    });\n  });\n}",
              "err": {},
              "uuid": "a50a3096-1645-46bc-af64-1cb9d9e4f7c8",
              "parentUUID": "77e88ad4-ae74-4b01-bcb8-ff1452e4eccf",
              "isHook": false,
              "skipped": true
            },
            {
              "title": "Invalid total costs - more than maximum",
              "fullTitle": "Check fuel expence fields limits  Invalid total costs - more than maximum",
              "timedOut": null,
              "duration": 0,
              "state": "skipped",
              "speed": null,
              "pass": false,
              "fail": false,
              "pending": false,
              "context": null,
              "code": "cy.visit('/panel/garage');\ncy.get(\"p.car_name\").contains(`${car.brand.title} ${car.model.title}`).parents(\"li.car-item\").within(() => {\n  cy.get(\".btn-success\").as(\"addFuelExpense\").contains(\"Add fuel expense\").should(\"be.visible\").and(\"be.enabled\");\n  cy.get(\"@addFuelExpense\").click();\n});\ncy.get(\".modal-content\").within(() => {\n  cy.get(\"#addExpenseMileage\").type(`{selectAll}{backspace}${input.millage}`).focus().blur();\n  cy.get(\"#addExpenseLiters\").type(input.numLiters).focus().blur();\n  cy.get(\"#addExpenseTotalCost\").type(input.totalCost).focus().blur();\n  if (error.message !== \"Valid\") {\n    cy.get(\".btn-primary\").contains(\"Add\").should(\"be.disabled\");\n    cy.get(\"#addExpenseTotalCost\").parents(\".form-group\").within(() => {\n      cy.get(\".invalid-feedback p\").should(\"have.text\", error.message);\n    });\n  } else {\n    cy.get(\".btn-primary\").contains(\"Add\").as(\"addExpenseButton\").should(\"be.enabled\");\n    cy.get(\"@addExpenseButton\").click();\n  }\n});\nif (error.message === \"Valid\") {\n  cy.location(\"pathname\").should(\"eq\", \"/panel/expenses\");\n  cy.get(\".main\").within(() => {\n    cy.get('#carSelectDropdown').should(\"be.visible\").and(\"have.text\", `${car.brand.title} ${car.model.title}`);\n    cy.get(\".panel-page_content .expenses tbody\").within(() => {\n      cy.get(\"td\").eq(1).should(\"have.text\", input.millage);\n      cy.get(\"td\").eq(2).should(\"have.text\", `${input.numLiters}L`);\n      cy.get(\"td\").eq(3).should(\"have.text\", `${input.totalCost} USD`);\n    });\n  });\n}",
              "err": {},
              "uuid": "26827587-e4ab-47bb-9fe6-98fbdc4e4472",
              "parentUUID": "77e88ad4-ae74-4b01-bcb8-ff1452e4eccf",
              "isHook": false,
              "skipped": true
            },
            {
              "title": "Invalid total costs - negative number",
              "fullTitle": "Check fuel expence fields limits  Invalid total costs - negative number",
              "timedOut": null,
              "duration": 0,
              "state": "skipped",
              "speed": null,
              "pass": false,
              "fail": false,
              "pending": false,
              "context": null,
              "code": "cy.visit('/panel/garage');\ncy.get(\"p.car_name\").contains(`${car.brand.title} ${car.model.title}`).parents(\"li.car-item\").within(() => {\n  cy.get(\".btn-success\").as(\"addFuelExpense\").contains(\"Add fuel expense\").should(\"be.visible\").and(\"be.enabled\");\n  cy.get(\"@addFuelExpense\").click();\n});\ncy.get(\".modal-content\").within(() => {\n  cy.get(\"#addExpenseMileage\").type(`{selectAll}{backspace}${input.millage}`).focus().blur();\n  cy.get(\"#addExpenseLiters\").type(input.numLiters).focus().blur();\n  cy.get(\"#addExpenseTotalCost\").type(input.totalCost).focus().blur();\n  if (error.message !== \"Valid\") {\n    cy.get(\".btn-primary\").contains(\"Add\").should(\"be.disabled\");\n    cy.get(\"#addExpenseTotalCost\").parents(\".form-group\").within(() => {\n      cy.get(\".invalid-feedback p\").should(\"have.text\", error.message);\n    });\n  } else {\n    cy.get(\".btn-primary\").contains(\"Add\").as(\"addExpenseButton\").should(\"be.enabled\");\n    cy.get(\"@addExpenseButton\").click();\n  }\n});\nif (error.message === \"Valid\") {\n  cy.location(\"pathname\").should(\"eq\", \"/panel/expenses\");\n  cy.get(\".main\").within(() => {\n    cy.get('#carSelectDropdown').should(\"be.visible\").and(\"have.text\", `${car.brand.title} ${car.model.title}`);\n    cy.get(\".panel-page_content .expenses tbody\").within(() => {\n      cy.get(\"td\").eq(1).should(\"have.text\", input.millage);\n      cy.get(\"td\").eq(2).should(\"have.text\", `${input.numLiters}L`);\n      cy.get(\"td\").eq(3).should(\"have.text\", `${input.totalCost} USD`);\n    });\n  });\n}",
              "err": {},
              "uuid": "8447de5e-a564-49c0-b5e3-20b01f17488f",
              "parentUUID": "77e88ad4-ae74-4b01-bcb8-ff1452e4eccf",
              "isHook": false,
              "skipped": true
            },
            {
              "title": "Invalid total costs - not a number",
              "fullTitle": "Check fuel expence fields limits  Invalid total costs - not a number",
              "timedOut": null,
              "duration": 0,
              "state": "skipped",
              "speed": null,
              "pass": false,
              "fail": false,
              "pending": false,
              "context": null,
              "code": "cy.visit('/panel/garage');\ncy.get(\"p.car_name\").contains(`${car.brand.title} ${car.model.title}`).parents(\"li.car-item\").within(() => {\n  cy.get(\".btn-success\").as(\"addFuelExpense\").contains(\"Add fuel expense\").should(\"be.visible\").and(\"be.enabled\");\n  cy.get(\"@addFuelExpense\").click();\n});\ncy.get(\".modal-content\").within(() => {\n  cy.get(\"#addExpenseMileage\").type(`{selectAll}{backspace}${input.millage}`).focus().blur();\n  cy.get(\"#addExpenseLiters\").type(input.numLiters).focus().blur();\n  cy.get(\"#addExpenseTotalCost\").type(input.totalCost).focus().blur();\n  if (error.message !== \"Valid\") {\n    cy.get(\".btn-primary\").contains(\"Add\").should(\"be.disabled\");\n    cy.get(\"#addExpenseTotalCost\").parents(\".form-group\").within(() => {\n      cy.get(\".invalid-feedback p\").should(\"have.text\", error.message);\n    });\n  } else {\n    cy.get(\".btn-primary\").contains(\"Add\").as(\"addExpenseButton\").should(\"be.enabled\");\n    cy.get(\"@addExpenseButton\").click();\n  }\n});\nif (error.message === \"Valid\") {\n  cy.location(\"pathname\").should(\"eq\", \"/panel/expenses\");\n  cy.get(\".main\").within(() => {\n    cy.get('#carSelectDropdown').should(\"be.visible\").and(\"have.text\", `${car.brand.title} ${car.model.title}`);\n    cy.get(\".panel-page_content .expenses tbody\").within(() => {\n      cy.get(\"td\").eq(1).should(\"have.text\", input.millage);\n      cy.get(\"td\").eq(2).should(\"have.text\", `${input.numLiters}L`);\n      cy.get(\"td\").eq(3).should(\"have.text\", `${input.totalCost} USD`);\n    });\n  });\n}",
              "err": {},
              "uuid": "d187f358-e92f-47b0-9cb0-3e465b9f3761",
              "parentUUID": "77e88ad4-ae74-4b01-bcb8-ff1452e4eccf",
              "isHook": false,
              "skipped": true
            },
            {
              "title": "Invalid total costs - spaces",
              "fullTitle": "Check fuel expence fields limits  Invalid total costs - spaces",
              "timedOut": null,
              "duration": 0,
              "state": "skipped",
              "speed": null,
              "pass": false,
              "fail": false,
              "pending": false,
              "context": null,
              "code": "cy.visit('/panel/garage');\ncy.get(\"p.car_name\").contains(`${car.brand.title} ${car.model.title}`).parents(\"li.car-item\").within(() => {\n  cy.get(\".btn-success\").as(\"addFuelExpense\").contains(\"Add fuel expense\").should(\"be.visible\").and(\"be.enabled\");\n  cy.get(\"@addFuelExpense\").click();\n});\ncy.get(\".modal-content\").within(() => {\n  cy.get(\"#addExpenseMileage\").type(`{selectAll}{backspace}${input.millage}`).focus().blur();\n  cy.get(\"#addExpenseLiters\").type(input.numLiters).focus().blur();\n  cy.get(\"#addExpenseTotalCost\").type(input.totalCost).focus().blur();\n  if (error.message !== \"Valid\") {\n    cy.get(\".btn-primary\").contains(\"Add\").should(\"be.disabled\");\n    cy.get(\"#addExpenseTotalCost\").parents(\".form-group\").within(() => {\n      cy.get(\".invalid-feedback p\").should(\"have.text\", error.message);\n    });\n  } else {\n    cy.get(\".btn-primary\").contains(\"Add\").as(\"addExpenseButton\").should(\"be.enabled\");\n    cy.get(\"@addExpenseButton\").click();\n  }\n});\nif (error.message === \"Valid\") {\n  cy.location(\"pathname\").should(\"eq\", \"/panel/expenses\");\n  cy.get(\".main\").within(() => {\n    cy.get('#carSelectDropdown').should(\"be.visible\").and(\"have.text\", `${car.brand.title} ${car.model.title}`);\n    cy.get(\".panel-page_content .expenses tbody\").within(() => {\n      cy.get(\"td\").eq(1).should(\"have.text\", input.millage);\n      cy.get(\"td\").eq(2).should(\"have.text\", `${input.numLiters}L`);\n      cy.get(\"td\").eq(3).should(\"have.text\", `${input.totalCost} USD`);\n    });\n  });\n}",
              "err": {},
              "uuid": "f33458df-4f3d-46b3-bf7b-008c0218755f",
              "parentUUID": "77e88ad4-ae74-4b01-bcb8-ff1452e4eccf",
              "isHook": false,
              "skipped": true
            },
            {
              "title": "Invalid total costs - empty",
              "fullTitle": "Check fuel expence fields limits  Invalid total costs - empty",
              "timedOut": null,
              "duration": 0,
              "state": "skipped",
              "speed": null,
              "pass": false,
              "fail": false,
              "pending": false,
              "context": null,
              "code": "cy.visit('/panel/garage');\ncy.get(\"p.car_name\").contains(`${car.brand.title} ${car.model.title}`).parents(\"li.car-item\").within(() => {\n  cy.get(\".btn-success\").as(\"addFuelExpense\").contains(\"Add fuel expense\").should(\"be.visible\").and(\"be.enabled\");\n  cy.get(\"@addFuelExpense\").click();\n});\ncy.get(\".modal-content\").within(() => {\n  cy.get(\"#addExpenseMileage\").type(\"{selectAll}{backspace}2\").focus().blur();\n  cy.get(\"#addExpenseLiters\").type(_faker.faker.number.float({\n    min: 0.01,\n    max: 9999\n  })).focus().blur();\n  cy.get(\"#addExpenseTotalCost\").focus().blur();\n  cy.get(\".btn-primary\").contains(\"Add\").should(\"be.disabled\");\n  cy.get(\"#addExpenseTotalCost\").parents(\".form-group\").within(() => {\n    cy.get(\".invalid-feedback p\").should(\"have.text\", \"Total cost required\");\n  });\n});",
              "err": {},
              "uuid": "ee1a26c8-92fc-4b98-a780-7eb4c677309a",
              "parentUUID": "77e88ad4-ae74-4b01-bcb8-ff1452e4eccf",
              "isHook": false,
              "skipped": true
            }
          ],
          "suites": [],
          "passes": [
            "9441405c-37ce-4828-b84e-fedc022f20a9",
            "e4eaf972-3e81-4257-818e-1aaa2cdf3f6d",
            "156eaa00-955f-4a8e-a6ee-fddd158878c3"
          ],
          "failures": [
            "bc273ad0-1b82-4beb-83ec-9a35d5f3a4e2"
          ],
          "pending": [],
          "skipped": [
            "8ffa59cf-2c57-472f-9acf-261594174175",
            "84a2ee73-def2-4849-aaf5-4328564b36b3",
            "4dc98e95-94e6-4430-95dd-a1c1a764fef5",
            "4ccd5fea-45b9-476c-8a4b-81231ba532b7",
            "42b14214-61b6-44b1-b1d4-dfc438bb400d",
            "69aaabb6-6222-4709-84b7-940287044c96",
            "1319231f-1332-45ea-b45f-971e0e33f1ae",
            "d0b069bf-cae9-4404-937a-8d3cb797ceda",
            "6440f7bf-e159-403e-be86-a6af1ddeb87c",
            "c3467748-90dc-4d26-9d75-586b4198c09f",
            "a50a3096-1645-46bc-af64-1cb9d9e4f7c8",
            "26827587-e4ab-47bb-9fe6-98fbdc4e4472",
            "8447de5e-a564-49c0-b5e3-20b01f17488f",
            "d187f358-e92f-47b0-9cb0-3e465b9f3761",
            "f33458df-4f3d-46b3-bf7b-008c0218755f",
            "ee1a26c8-92fc-4b98-a780-7eb4c677309a"
          ],
          "duration": 16921,
          "root": false,
          "rootEmpty": false,
          "_timeout": 2000
        },
        {
          "uuid": "1487ffd5-54d6-491f-ba54-abefb393049c",
          "title": "Adding fuel expence - Garage page",
          "fullFile": "",
          "file": "",
          "beforeHooks": [],
          "afterHooks": [],
          "tests": [
            {
              "title": "Selected by default in list car should match edited one",
              "fullTitle": "Adding fuel expence - Garage page Selected by default in list car should match edited one",
              "timedOut": null,
              "duration": 7496,
              "state": "failed",
              "speed": null,
              "pass": false,
              "fail": true,
              "pending": false,
              "context": null,
              "code": "cy.get(\"p.car_name\").contains(`${car.brand.title} ${car.model.title}`).parents(\"li.car-item\").within(() => {\n  cy.get(\".btn-success\").as(\"addFuelExpense\").contains(\"Add fuel expense\").should(\"be.visible\").and(\"be.enabled\");\n  cy.get(\"@addFuelExpense\").click();\n});\ncy.get(\".modal-content\").within(() => {\n  cy.get(\"#addExpenseCar option:first-of-type\").should(\"be.selected\").and(\"have.text\", `${car.brand.title} ${car.model.title}`);\n});",
              "err": {
                "message": "AssertionError: Timed out retrying after 7000ms: Expected <li.car-item> not to exist in the DOM, but it was continuously found.\n\nBecause this error occurred during a `after each` hook we are skipping the remaining tests in the current suite: `Adding fuel expence - Garag...`",
                "estack": "AssertionError: Timed out retrying after 7000ms: Expected <li.car-item> not to exist in the DOM, but it was continuously found.\n\nBecause this error occurred during a `after each` hook we are skipping the remaining tests in the current suite: `Adding fuel expence - Garag...`\n    at Context.eval (webpack://qa-cypress/./cypress/e2e/cars_hw21.1/addFuelExpence.test.js:426:34)",
                "diff": null
              },
              "uuid": "f332a31c-07b1-4655-a5e7-b4d9562d68ae",
              "parentUUID": "1487ffd5-54d6-491f-ba54-abefb393049c",
              "isHook": false,
              "skipped": false
            },
            {
              "title": "New milage can not be less than initial",
              "fullTitle": "Adding fuel expence - Garage page New milage can not be less than initial",
              "timedOut": null,
              "duration": 0,
              "state": "skipped",
              "speed": null,
              "pass": false,
              "fail": false,
              "pending": false,
              "context": null,
              "code": "cy.get(\"p.car_name\").contains(`${car.brand.title} ${car.model.title}`).parents(\"li.car-item\").within(() => {\n  cy.get(\".btn-success\").as(\"addFuelExpense\").contains(\"Add fuel expense\").should(\"be.visible\").and(\"be.enabled\");\n  cy.get(\"@addFuelExpense\").click();\n});\ncy.get(\".modal-content\").within(() => {\n  cy.get(\"#addExpenseMileage\").type(`{selectAll}{backspace}${car.mileage - 1}`);\n  cy.get(\"#addExpenseLiters\").type(`${_faker.faker.number.float({\n    min: 0.01,\n    max: 9999\n  })}`).focus().blur();\n  cy.get(\"#addExpenseTotalCost\").type(`${_faker.faker.number.float({\n    min: 0.01,\n    max: 1000000\n  })}`).focus().blur();\n  cy.get(\".btn-primary\").contains(\"Add\").as(\"addExpenseButton\").should(\"be.enabled\");\n  cy.get(\"@addExpenseButton\").click();\n  cy.get(\".alert-danger\").contains(`First expense mileage must not be less or equal to car initial mileage. Car initial mileage is ${car.mileage}`).should(\"be.visible\");\n});",
              "err": {},
              "uuid": "de75bded-890c-49da-8ddf-97cf5b038faa",
              "parentUUID": "1487ffd5-54d6-491f-ba54-abefb393049c",
              "isHook": false,
              "skipped": true
            },
            {
              "title": "New milage can not be equal to initial",
              "fullTitle": "Adding fuel expence - Garage page New milage can not be equal to initial",
              "timedOut": null,
              "duration": 0,
              "state": "skipped",
              "speed": null,
              "pass": false,
              "fail": false,
              "pending": false,
              "context": null,
              "code": "cy.get(\"p.car_name\").contains(`${car.brand.title} ${car.model.title}`).parents(\"li.car-item\").within(() => {\n  cy.get(\".btn-success\").as(\"addFuelExpense\").contains(\"Add fuel expense\").should(\"be.visible\").and(\"be.enabled\");\n  cy.get(\"@addFuelExpense\").click();\n});\ncy.get(\".modal-content\").within(() => {\n  cy.get(\"#addExpenseLiters\").type(`${_faker.faker.number.float({\n    min: 0.01,\n    max: 9999\n  })}`).focus().blur();\n  cy.get(\"#addExpenseTotalCost\").type(`${_faker.faker.number.float({\n    min: 0.01,\n    max: 1000000\n  })}`).focus().blur();\n  cy.get(\".btn-primary\").contains(\"Add\").as(\"addExpenseButton\").should(\"be.enabled\");\n  cy.get(\"@addExpenseButton\").click();\n  cy.get(\".alert-danger\").contains(`First expense mileage must not be less or equal to car initial mileage. Car initial mileage is ${car.mileage}`).should(\"be.visible\");\n});",
              "err": {},
              "uuid": "d2d550f1-4953-4b7a-9016-5f04a65889dd",
              "parentUUID": "1487ffd5-54d6-491f-ba54-abefb393049c",
              "isHook": false,
              "skipped": true
            },
            {
              "title": "Report date can not be more than current",
              "fullTitle": "Adding fuel expence - Garage page Report date can not be more than current",
              "timedOut": null,
              "duration": 0,
              "state": "skipped",
              "speed": null,
              "pass": false,
              "fail": false,
              "pending": false,
              "context": null,
              "code": "cy.get(\"p.car_name\").contains(`${car.brand.title} ${car.model.title}`).parents(\"li.car-item\").within(() => {\n  cy.get(\".btn-success\").as(\"addFuelExpense\").contains(\"Add fuel expense\").should(\"be.visible\").and(\"be.enabled\");\n  cy.get(\"@addFuelExpense\").click();\n});\nconst timestamp = new Date();\nconst reportDate = `${timestamp.getDate() + 1}.${timestamp.getMonth()}.${timestamp.getFullYear()}`;\nconsole.log(reportDate);\ncy.get(\".modal-content\").within(() => {\n  cy.get(\"#addExpenseMileage\").type(`{selectAll}{backspace}${car.mileage + 1}`).focus().blur();\n  cy.get(\"#addExpenseDate\").type(`{selectAll}{backspace}${reportDate}`).focus().blur();\n  cy.get(\"#addExpenseLiters\").type(`${_faker.faker.number.float({\n    min: 0.01,\n    max: 9999\n  })}`).focus().blur();\n  cy.get(\"#addExpenseTotalCost\").type(`${_faker.faker.number.float({\n    min: 0.01,\n    max: 1000000\n  })}`).focus().blur();\n  cy.get(\".btn-primary\").contains(\"Add\").as(\"addExpenseButton\").should(\"be.enabled\");\n  cy.get(\"@addExpenseButton\").click();\n  cy.get(\".alert-danger\").should(\"be.visible\");\n  cy.get(\".btn-secondary\").contains(\"Cancel\").click();\n});",
              "err": {},
              "uuid": "86fdcbf4-a7bc-4f1e-b134-aef00f763918",
              "parentUUID": "1487ffd5-54d6-491f-ba54-abefb393049c",
              "isHook": false,
              "skipped": true
            },
            {
              "title": "Report date can not be less than car creation date",
              "fullTitle": "Adding fuel expence - Garage page Report date can not be less than car creation date",
              "timedOut": null,
              "duration": 0,
              "state": "skipped",
              "speed": null,
              "pass": false,
              "fail": false,
              "pending": false,
              "context": null,
              "code": "cy.get(\"p.car_name\").contains(`${car.brand.title} ${car.model.title}`).parents(\"li.car-item\").within(() => {\n  cy.get(\".btn-success\").as(\"addFuelExpense\").contains(\"Add fuel expense\").should(\"be.visible\").and(\"be.enabled\");\n  cy.get(\"@addFuelExpense\").click();\n});\nconst timestamp = new Date();\nconst reportDate = `${timestamp.getDate() - 1}.${timestamp.getMonth()}.${timestamp.getFullYear()}`;\nconsole.log(reportDate);\ncy.get(\".modal-content\").within(() => {\n  cy.get(\"#addExpenseMileage\").type(`{selectAll}{backspace}${car.mileage + 1}`).focus().blur();\n  cy.get(\"#addExpenseDate\").type(`{selectAll}{backspace}${reportDate}`).focus().blur();\n  cy.get(\"#addExpenseLiters\").type(`${_faker.faker.number.float({\n    min: 0.01,\n    max: 9999\n  })}`).focus().blur();\n  cy.get(\"#addExpenseTotalCost\").type(`${_faker.faker.number.float({\n    min: 0.01,\n    max: 1000000\n  })}`).focus().blur();\n  cy.get(\".btn-primary\").contains(\"Add\").as(\"addExpenseButton\").should(\"be.enabled\");\n  cy.get(\"@addExpenseButton\").click();\n  cy.get(\".alert-danger\").should(\"be.visible\");\n  cy.get(\".btn-secondary\").contains(\"Cancel\").click();\n});",
              "err": {},
              "uuid": "b4baa443-0fcd-4007-854d-44159fa9f6ba",
              "parentUUID": "1487ffd5-54d6-491f-ba54-abefb393049c",
              "isHook": false,
              "skipped": true
            }
          ],
          "suites": [],
          "passes": [],
          "failures": [
            "f332a31c-07b1-4655-a5e7-b4d9562d68ae"
          ],
          "pending": [],
          "skipped": [
            "de75bded-890c-49da-8ddf-97cf5b038faa",
            "d2d550f1-4953-4b7a-9016-5f04a65889dd",
            "86fdcbf4-a7bc-4f1e-b134-aef00f763918",
            "b4baa443-0fcd-4007-854d-44159fa9f6ba"
          ],
          "duration": 7496,
          "root": false,
          "rootEmpty": false,
          "_timeout": 2000
        }
      ],
      "passes": [],
      "failures": [],
      "pending": [],
      "skipped": [],
      "duration": 0,
      "root": true,
      "rootEmpty": true,
      "_timeout": 2000
    }
  ],
  "meta": {
    "mocha": {
      "version": "7.2.0"
    },
    "mochawesome": {
      "options": {
        "quiet": false,
        "reportFilename": "mochawesome",
        "saveHtml": false,
        "saveJson": true,
        "consoleReporter": "spec",
        "useInlineDiffs": false,
        "code": true
      },
      "version": "7.1.4"
    },
    "marge": {
      "options": {
        "reportDir": "cypress/results",
        "overwrite": false,
        "html": false,
        "json": true
      },
      "version": "6.3.2"
    }
  }
}