{
  "stats": {
    "suites": 3,
    "tests": 89,
    "passes": 88,
    "pending": 0,
    "failures": 1,
    "start": "2025-11-22T15:35:13.723Z",
    "end": "2025-11-22T15:38:42.065Z",
    "duration": 208342,
    "testsRegistered": 128,
    "passPercent": 68.75,
    "pendingPercent": 0,
    "other": 0,
    "hasOther": false,
    "skipped": 39,
    "hasSkipped": true
  },
  "results": [
    {
      "uuid": "4604c4c9-26c4-493c-8756-b66998ee36c2",
      "title": "",
      "fullFile": "cypress/e2e/cars_hw21.1/addCars.test.js",
      "file": "cypress/e2e/cars_hw21.1/addCars.test.js",
      "beforeHooks": [],
      "afterHooks": [],
      "tests": [],
      "suites": [
        {
          "uuid": "4d8d2951-4634-43d7-82bf-498cab872265",
          "title": "Check card creation modal content",
          "fullFile": "",
          "file": "",
          "beforeHooks": [],
          "afterHooks": [],
          "tests": [
            {
              "title": "Check modal title",
              "fullTitle": "Check card creation modal content Check modal title",
              "timedOut": null,
              "duration": 2863,
              "state": "passed",
              "speed": "fast",
              "pass": true,
              "fail": false,
              "pending": false,
              "context": null,
              "code": "cy.get(\".btn-primary\").contains(\"Add car\").click();\ncy.get(\".modal-content\").within(() => {\n  cy.get(\".modal-title\").contains(\"Add a car\");\n});",
              "err": {},
              "uuid": "b863241e-0383-47a7-a043-cc9cf808ffe2",
              "parentUUID": "4d8d2951-4634-43d7-82bf-498cab872265",
              "isHook": false,
              "skipped": false
            },
            {
              "title": "Check modal closing",
              "fullTitle": "Check card creation modal content Check modal closing",
              "timedOut": null,
              "duration": 2469,
              "state": "passed",
              "speed": "fast",
              "pass": true,
              "fail": false,
              "pending": false,
              "context": null,
              "code": "cy.get(\".btn-primary\").contains(\"Add car\").click();\ncy.get(\".modal-content\").within(() => {\n  cy.get(\".close\").as(\"closeButton\").should(\"exist\").and(\"be.enabled\");\n  cy.get(\"@closeButton\").click();\n  cy.get(\".btn-primary\").should(\"not.exist\");\n});",
              "err": {},
              "uuid": "7c37ba34-8a1b-4b65-b411-c4ff1fc4885f",
              "parentUUID": "4d8d2951-4634-43d7-82bf-498cab872265",
              "isHook": false,
              "skipped": false
            },
            {
              "title": "Check cancel button is enabled and closes modal",
              "fullTitle": "Check card creation modal content Check cancel button is enabled and closes modal",
              "timedOut": null,
              "duration": 1965,
              "state": "passed",
              "speed": "fast",
              "pass": true,
              "fail": false,
              "pending": false,
              "context": null,
              "code": "cy.get(\".btn-primary\").contains(\"Add car\").click();\ncy.get(\".modal-content\").within(() => {\n  cy.get(\".btn-secondary\").as(\"cancelButton\").should(\"exist\").and(\"be.enabled\");\n  cy.get(\"@cancelButton\").click();\n  cy.get(\".btn-secondary\").should(\"not.exist\");\n});",
              "err": {},
              "uuid": "6e2b3a16-11df-4742-9739-27ce1d15a4f4",
              "parentUUID": "4d8d2951-4634-43d7-82bf-498cab872265",
              "isHook": false,
              "skipped": false
            },
            {
              "title": "Check add button is present and diabled by default",
              "fullTitle": "Check card creation modal content Check add button is present and diabled by default",
              "timedOut": null,
              "duration": 1887,
              "state": "passed",
              "speed": "fast",
              "pass": true,
              "fail": false,
              "pending": false,
              "context": null,
              "code": "cy.get(\".btn-primary\").contains(\"Add car\").click();\ncy.get(\".modal-content\").within(() => {\n  cy.get(\".btn-primary\").contains(\"Add\").should(\"exist\").and(\"be.disabled\");\n});",
              "err": {},
              "uuid": "b553082b-89be-4f3c-82c3-f734fbdbd686",
              "parentUUID": "4d8d2951-4634-43d7-82bf-498cab872265",
              "isHook": false,
              "skipped": false
            }
          ],
          "suites": [],
          "passes": [
            "b863241e-0383-47a7-a043-cc9cf808ffe2",
            "7c37ba34-8a1b-4b65-b411-c4ff1fc4885f",
            "6e2b3a16-11df-4742-9739-27ce1d15a4f4",
            "b553082b-89be-4f3c-82c3-f734fbdbd686"
          ],
          "failures": [],
          "pending": [],
          "skipped": [],
          "duration": 9184,
          "root": false,
          "rootEmpty": false,
          "_timeout": 2000
        },
        {
          "uuid": "1e5f77dc-5cdc-4203-81b6-4dd2e1b7e856",
          "title": "Invalid car creating",
          "fullFile": "",
          "file": "",
          "beforeHooks": [],
          "afterHooks": [],
          "tests": [
            {
              "title": "Check if car with invalid brand-model can not be created - Audi 3",
              "fullTitle": "Invalid car creating Check if car with invalid brand-model can not be created - Audi 3",
              "timedOut": null,
              "duration": 1948,
              "state": "passed",
              "speed": "fast",
              "pass": true,
              "fail": false,
              "pending": false,
              "context": null,
              "code": "cy.get(\".btn-primary\").contains(\"Add car\").click();\ncy.get(\".modal-content\").within(() => {\n  cy.get(\"#addCarBrand\").select(brand.title);\n  cy.get(\"#addCarModel\").filter(`:contains(\"${model.title}\")`).should(\"not.exist\");\n});",
              "err": {},
              "uuid": "51fbb7b5-344f-4eaa-a03d-957068d66e22",
              "parentUUID": "1e5f77dc-5cdc-4203-81b6-4dd2e1b7e856",
              "isHook": false,
              "skipped": false
            },
            {
              "title": "Check if car with invalid brand-model can not be created - Audi 5",
              "fullTitle": "Invalid car creating Check if car with invalid brand-model can not be created - Audi 5",
              "timedOut": null,
              "duration": 1897,
              "state": "passed",
              "speed": "fast",
              "pass": true,
              "fail": false,
              "pending": false,
              "context": null,
              "code": "cy.get(\".btn-primary\").contains(\"Add car\").click();\ncy.get(\".modal-content\").within(() => {\n  cy.get(\"#addCarBrand\").select(brand.title);\n  cy.get(\"#addCarModel\").filter(`:contains(\"${model.title}\")`).should(\"not.exist\");\n});",
              "err": {},
              "uuid": "14f70116-ed78-4d85-b128-0357d093b189",
              "parentUUID": "1e5f77dc-5cdc-4203-81b6-4dd2e1b7e856",
              "isHook": false,
              "skipped": false
            },
            {
              "title": "Check if car with invalid brand-model can not be created - Audi X5",
              "fullTitle": "Invalid car creating Check if car with invalid brand-model can not be created - Audi X5",
              "timedOut": null,
              "duration": 1955,
              "state": "passed",
              "speed": "fast",
              "pass": true,
              "fail": false,
              "pending": false,
              "context": null,
              "code": "cy.get(\".btn-primary\").contains(\"Add car\").click();\ncy.get(\".modal-content\").within(() => {\n  cy.get(\"#addCarBrand\").select(brand.title);\n  cy.get(\"#addCarModel\").filter(`:contains(\"${model.title}\")`).should(\"not.exist\");\n});",
              "err": {},
              "uuid": "a14219c1-ef25-43a4-b589-e31fecd5554c",
              "parentUUID": "1e5f77dc-5cdc-4203-81b6-4dd2e1b7e856",
              "isHook": false,
              "skipped": false
            },
            {
              "title": "Check if car with invalid brand-model can not be created - Audi X6",
              "fullTitle": "Invalid car creating Check if car with invalid brand-model can not be created - Audi X6",
              "timedOut": null,
              "duration": 1965,
              "state": "passed",
              "speed": "fast",
              "pass": true,
              "fail": false,
              "pending": false,
              "context": null,
              "code": "cy.get(\".btn-primary\").contains(\"Add car\").click();\ncy.get(\".modal-content\").within(() => {\n  cy.get(\"#addCarBrand\").select(brand.title);\n  cy.get(\"#addCarModel\").filter(`:contains(\"${model.title}\")`).should(\"not.exist\");\n});",
              "err": {},
              "uuid": "d1b115d7-991d-45ac-8799-6931f6509020",
              "parentUUID": "1e5f77dc-5cdc-4203-81b6-4dd2e1b7e856",
              "isHook": false,
              "skipped": false
            },
            {
              "title": "Check if car with invalid brand-model can not be created - Audi Z3",
              "fullTitle": "Invalid car creating Check if car with invalid brand-model can not be created - Audi Z3",
              "timedOut": null,
              "duration": 1897,
              "state": "passed",
              "speed": "fast",
              "pass": true,
              "fail": false,
              "pending": false,
              "context": null,
              "code": "cy.get(\".btn-primary\").contains(\"Add car\").click();\ncy.get(\".modal-content\").within(() => {\n  cy.get(\"#addCarBrand\").select(brand.title);\n  cy.get(\"#addCarModel\").filter(`:contains(\"${model.title}\")`).should(\"not.exist\");\n});",
              "err": {},
              "uuid": "685cec37-524f-4376-a9c7-22146a7c8ebf",
              "parentUUID": "1e5f77dc-5cdc-4203-81b6-4dd2e1b7e856",
              "isHook": false,
              "skipped": false
            },
            {
              "title": "Check if car with invalid brand-model can not be created - Audi Fiesta",
              "fullTitle": "Invalid car creating Check if car with invalid brand-model can not be created - Audi Fiesta",
              "timedOut": null,
              "duration": 1932,
              "state": "passed",
              "speed": "fast",
              "pass": true,
              "fail": false,
              "pending": false,
              "context": null,
              "code": "cy.get(\".btn-primary\").contains(\"Add car\").click();\ncy.get(\".modal-content\").within(() => {\n  cy.get(\"#addCarBrand\").select(brand.title);\n  cy.get(\"#addCarModel\").filter(`:contains(\"${model.title}\")`).should(\"not.exist\");\n});",
              "err": {},
              "uuid": "2ddc5ab4-2c5c-4c59-9f50-516e85bd8d5d",
              "parentUUID": "1e5f77dc-5cdc-4203-81b6-4dd2e1b7e856",
              "isHook": false,
              "skipped": false
            },
            {
              "title": "Check if car with invalid brand-model can not be created - Audi Focus",
              "fullTitle": "Invalid car creating Check if car with invalid brand-model can not be created - Audi Focus",
              "timedOut": null,
              "duration": 1939,
              "state": "passed",
              "speed": "fast",
              "pass": true,
              "fail": false,
              "pending": false,
              "context": null,
              "code": "cy.get(\".btn-primary\").contains(\"Add car\").click();\ncy.get(\".modal-content\").within(() => {\n  cy.get(\"#addCarBrand\").select(brand.title);\n  cy.get(\"#addCarModel\").filter(`:contains(\"${model.title}\")`).should(\"not.exist\");\n});",
              "err": {},
              "uuid": "cc42e9c9-3a03-4714-997b-a7cb1867f314",
              "parentUUID": "1e5f77dc-5cdc-4203-81b6-4dd2e1b7e856",
              "isHook": false,
              "skipped": false
            },
            {
              "title": "Check if car with invalid brand-model can not be created - Audi Fusion",
              "fullTitle": "Invalid car creating Check if car with invalid brand-model can not be created - Audi Fusion",
              "timedOut": null,
              "duration": 1882,
              "state": "passed",
              "speed": "fast",
              "pass": true,
              "fail": false,
              "pending": false,
              "context": null,
              "code": "cy.get(\".btn-primary\").contains(\"Add car\").click();\ncy.get(\".modal-content\").within(() => {\n  cy.get(\"#addCarBrand\").select(brand.title);\n  cy.get(\"#addCarModel\").filter(`:contains(\"${model.title}\")`).should(\"not.exist\");\n});",
              "err": {},
              "uuid": "2a4f345c-13c8-4f6f-92fa-4d8877ff40dd",
              "parentUUID": "1e5f77dc-5cdc-4203-81b6-4dd2e1b7e856",
              "isHook": false,
              "skipped": false
            },
            {
              "title": "Check if car with invalid brand-model can not be created - Audi Mondeo",
              "fullTitle": "Invalid car creating Check if car with invalid brand-model can not be created - Audi Mondeo",
              "timedOut": null,
              "duration": 1876,
              "state": "passed",
              "speed": "fast",
              "pass": true,
              "fail": false,
              "pending": false,
              "context": null,
              "code": "cy.get(\".btn-primary\").contains(\"Add car\").click();\ncy.get(\".modal-content\").within(() => {\n  cy.get(\"#addCarBrand\").select(brand.title);\n  cy.get(\"#addCarModel\").filter(`:contains(\"${model.title}\")`).should(\"not.exist\");\n});",
              "err": {},
              "uuid": "ae095960-cdee-4ecd-9b73-a276acb59f38",
              "parentUUID": "1e5f77dc-5cdc-4203-81b6-4dd2e1b7e856",
              "isHook": false,
              "skipped": false
            },
            {
              "title": "Check if car with invalid brand-model can not be created - Audi Sierra",
              "fullTitle": "Invalid car creating Check if car with invalid brand-model can not be created - Audi Sierra",
              "timedOut": null,
              "duration": 1909,
              "state": "passed",
              "speed": "fast",
              "pass": true,
              "fail": false,
              "pending": false,
              "context": null,
              "code": "cy.get(\".btn-primary\").contains(\"Add car\").click();\ncy.get(\".modal-content\").within(() => {\n  cy.get(\"#addCarBrand\").select(brand.title);\n  cy.get(\"#addCarModel\").filter(`:contains(\"${model.title}\")`).should(\"not.exist\");\n});",
              "err": {},
              "uuid": "76476a11-7e39-4cf0-b55f-a707c05fd806",
              "parentUUID": "1e5f77dc-5cdc-4203-81b6-4dd2e1b7e856",
              "isHook": false,
              "skipped": false
            },
            {
              "title": "Check if car with invalid brand-model can not be created - Audi 911",
              "fullTitle": "Invalid car creating Check if car with invalid brand-model can not be created - Audi 911",
              "timedOut": null,
              "duration": 1968,
              "state": "passed",
              "speed": "fast",
              "pass": true,
              "fail": false,
              "pending": false,
              "context": null,
              "code": "cy.get(\".btn-primary\").contains(\"Add car\").click();\ncy.get(\".modal-content\").within(() => {\n  cy.get(\"#addCarBrand\").select(brand.title);\n  cy.get(\"#addCarModel\").filter(`:contains(\"${model.title}\")`).should(\"not.exist\");\n});",
              "err": {},
              "uuid": "24ac612e-b826-48db-a724-0198ed405e5f",
              "parentUUID": "1e5f77dc-5cdc-4203-81b6-4dd2e1b7e856",
              "isHook": false,
              "skipped": false
            },
            {
              "title": "Check if car with invalid brand-model can not be created - Audi Cayenne",
              "fullTitle": "Invalid car creating Check if car with invalid brand-model can not be created - Audi Cayenne",
              "timedOut": null,
              "duration": 1957,
              "state": "passed",
              "speed": "fast",
              "pass": true,
              "fail": false,
              "pending": false,
              "context": null,
              "code": "cy.get(\".btn-primary\").contains(\"Add car\").click();\ncy.get(\".modal-content\").within(() => {\n  cy.get(\"#addCarBrand\").select(brand.title);\n  cy.get(\"#addCarModel\").filter(`:contains(\"${model.title}\")`).should(\"not.exist\");\n});",
              "err": {},
              "uuid": "3188ca22-ecc3-4826-8eb4-fc226ec31a20",
              "parentUUID": "1e5f77dc-5cdc-4203-81b6-4dd2e1b7e856",
              "isHook": false,
              "skipped": false
            },
            {
              "title": "Check if car with invalid brand-model can not be created - Audi Panamera",
              "fullTitle": "Invalid car creating Check if car with invalid brand-model can not be created - Audi Panamera",
              "timedOut": null,
              "duration": 1928,
              "state": "passed",
              "speed": "fast",
              "pass": true,
              "fail": false,
              "pending": false,
              "context": null,
              "code": "cy.get(\".btn-primary\").contains(\"Add car\").click();\ncy.get(\".modal-content\").within(() => {\n  cy.get(\"#addCarBrand\").select(brand.title);\n  cy.get(\"#addCarModel\").filter(`:contains(\"${model.title}\")`).should(\"not.exist\");\n});",
              "err": {},
              "uuid": "499d6cac-6f54-445e-888b-cdf64cb8f82b",
              "parentUUID": "1e5f77dc-5cdc-4203-81b6-4dd2e1b7e856",
              "isHook": false,
              "skipped": false
            },
            {
              "title": "Check if car with invalid brand-model can not be created - Audi Palio",
              "fullTitle": "Invalid car creating Check if car with invalid brand-model can not be created - Audi Palio",
              "timedOut": null,
              "duration": 1907,
              "state": "passed",
              "speed": "fast",
              "pass": true,
              "fail": false,
              "pending": false,
              "context": null,
              "code": "cy.get(\".btn-primary\").contains(\"Add car\").click();\ncy.get(\".modal-content\").within(() => {\n  cy.get(\"#addCarBrand\").select(brand.title);\n  cy.get(\"#addCarModel\").filter(`:contains(\"${model.title}\")`).should(\"not.exist\");\n});",
              "err": {},
              "uuid": "44e6f551-d7c6-4615-9b2b-f447f80bfb5a",
              "parentUUID": "1e5f77dc-5cdc-4203-81b6-4dd2e1b7e856",
              "isHook": false,
              "skipped": false
            },
            {
              "title": "Check if car with invalid brand-model can not be created - Audi Ducato",
              "fullTitle": "Invalid car creating Check if car with invalid brand-model can not be created - Audi Ducato",
              "timedOut": null,
              "duration": 1956,
              "state": "passed",
              "speed": "fast",
              "pass": true,
              "fail": false,
              "pending": false,
              "context": null,
              "code": "cy.get(\".btn-primary\").contains(\"Add car\").click();\ncy.get(\".modal-content\").within(() => {\n  cy.get(\"#addCarBrand\").select(brand.title);\n  cy.get(\"#addCarModel\").filter(`:contains(\"${model.title}\")`).should(\"not.exist\");\n});",
              "err": {},
              "uuid": "61700631-199f-403b-8f3a-d6fee1431811",
              "parentUUID": "1e5f77dc-5cdc-4203-81b6-4dd2e1b7e856",
              "isHook": false,
              "skipped": false
            },
            {
              "title": "Check if car with invalid brand-model can not be created - Audi Panda",
              "fullTitle": "Invalid car creating Check if car with invalid brand-model can not be created - Audi Panda",
              "timedOut": null,
              "duration": 1908,
              "state": "passed",
              "speed": "fast",
              "pass": true,
              "fail": false,
              "pending": false,
              "context": null,
              "code": "cy.get(\".btn-primary\").contains(\"Add car\").click();\ncy.get(\".modal-content\").within(() => {\n  cy.get(\"#addCarBrand\").select(brand.title);\n  cy.get(\"#addCarModel\").filter(`:contains(\"${model.title}\")`).should(\"not.exist\");\n});",
              "err": {},
              "uuid": "e98e5373-0578-4d0d-8b0c-6f3e85b37458",
              "parentUUID": "1e5f77dc-5cdc-4203-81b6-4dd2e1b7e856",
              "isHook": false,
              "skipped": false
            },
            {
              "title": "Check if car with invalid brand-model can not be created - Audi Punto",
              "fullTitle": "Invalid car creating Check if car with invalid brand-model can not be created - Audi Punto",
              "timedOut": null,
              "duration": 1865,
              "state": "passed",
              "speed": "fast",
              "pass": true,
              "fail": false,
              "pending": false,
              "context": null,
              "code": "cy.get(\".btn-primary\").contains(\"Add car\").click();\ncy.get(\".modal-content\").within(() => {\n  cy.get(\"#addCarBrand\").select(brand.title);\n  cy.get(\"#addCarModel\").filter(`:contains(\"${model.title}\")`).should(\"not.exist\");\n});",
              "err": {},
              "uuid": "71f40a13-65e8-445e-929f-11b4876812a4",
              "parentUUID": "1e5f77dc-5cdc-4203-81b6-4dd2e1b7e856",
              "isHook": false,
              "skipped": false
            },
            {
              "title": "Check if car with invalid brand-model can not be created - Audi Scudo",
              "fullTitle": "Invalid car creating Check if car with invalid brand-model can not be created - Audi Scudo",
              "timedOut": null,
              "duration": 1964,
              "state": "passed",
              "speed": "fast",
              "pass": true,
              "fail": false,
              "pending": false,
              "context": null,
              "code": "cy.get(\".btn-primary\").contains(\"Add car\").click();\ncy.get(\".modal-content\").within(() => {\n  cy.get(\"#addCarBrand\").select(brand.title);\n  cy.get(\"#addCarModel\").filter(`:contains(\"${model.title}\")`).should(\"not.exist\");\n});",
              "err": {},
              "uuid": "95ae51e1-c6ce-4539-a135-f9963c117623",
              "parentUUID": "1e5f77dc-5cdc-4203-81b6-4dd2e1b7e856",
              "isHook": false,
              "skipped": false
            },
            {
              "title": "Check if car with invalid brand-model can not be created - BMW TT",
              "fullTitle": "Invalid car creating Check if car with invalid brand-model can not be created - BMW TT",
              "timedOut": null,
              "duration": 1980,
              "state": "passed",
              "speed": "fast",
              "pass": true,
              "fail": false,
              "pending": false,
              "context": null,
              "code": "cy.get(\".btn-primary\").contains(\"Add car\").click();\ncy.get(\".modal-content\").within(() => {\n  cy.get(\"#addCarBrand\").select(brand.title);\n  cy.get(\"#addCarModel\").filter(`:contains(\"${model.title}\")`).should(\"not.exist\");\n});",
              "err": {},
              "uuid": "b04f4723-4975-4486-9d3d-6fba63dbaee0",
              "parentUUID": "1e5f77dc-5cdc-4203-81b6-4dd2e1b7e856",
              "isHook": false,
              "skipped": false
            },
            {
              "title": "Check if car with invalid brand-model can not be created - BMW R8",
              "fullTitle": "Invalid car creating Check if car with invalid brand-model can not be created - BMW R8",
              "timedOut": null,
              "duration": 1964,
              "state": "passed",
              "speed": "fast",
              "pass": true,
              "fail": false,
              "pending": false,
              "context": null,
              "code": "cy.get(\".btn-primary\").contains(\"Add car\").click();\ncy.get(\".modal-content\").within(() => {\n  cy.get(\"#addCarBrand\").select(brand.title);\n  cy.get(\"#addCarModel\").filter(`:contains(\"${model.title}\")`).should(\"not.exist\");\n});",
              "err": {},
              "uuid": "103272f9-09ea-49e7-964e-851429d648bc",
              "parentUUID": "1e5f77dc-5cdc-4203-81b6-4dd2e1b7e856",
              "isHook": false,
              "skipped": false
            },
            {
              "title": "Check if car with invalid brand-model can not be created - BMW Q7",
              "fullTitle": "Invalid car creating Check if car with invalid brand-model can not be created - BMW Q7",
              "timedOut": null,
              "duration": 1987,
              "state": "passed",
              "speed": "fast",
              "pass": true,
              "fail": false,
              "pending": false,
              "context": null,
              "code": "cy.get(\".btn-primary\").contains(\"Add car\").click();\ncy.get(\".modal-content\").within(() => {\n  cy.get(\"#addCarBrand\").select(brand.title);\n  cy.get(\"#addCarModel\").filter(`:contains(\"${model.title}\")`).should(\"not.exist\");\n});",
              "err": {},
              "uuid": "6fb80312-dc32-419b-9639-c209f868ee52",
              "parentUUID": "1e5f77dc-5cdc-4203-81b6-4dd2e1b7e856",
              "isHook": false,
              "skipped": false
            },
            {
              "title": "Check if car with invalid brand-model can not be created - BMW A6",
              "fullTitle": "Invalid car creating Check if car with invalid brand-model can not be created - BMW A6",
              "timedOut": null,
              "duration": 1954,
              "state": "passed",
              "speed": "fast",
              "pass": true,
              "fail": false,
              "pending": false,
              "context": null,
              "code": "cy.get(\".btn-primary\").contains(\"Add car\").click();\ncy.get(\".modal-content\").within(() => {\n  cy.get(\"#addCarBrand\").select(brand.title);\n  cy.get(\"#addCarModel\").filter(`:contains(\"${model.title}\")`).should(\"not.exist\");\n});",
              "err": {},
              "uuid": "8b64b667-bb06-4b26-81a5-d5cc5eda360d",
              "parentUUID": "1e5f77dc-5cdc-4203-81b6-4dd2e1b7e856",
              "isHook": false,
              "skipped": false
            },
            {
              "title": "Check if car with invalid brand-model can not be created - BMW A8",
              "fullTitle": "Invalid car creating Check if car with invalid brand-model can not be created - BMW A8",
              "timedOut": null,
              "duration": 1963,
              "state": "passed",
              "speed": "fast",
              "pass": true,
              "fail": false,
              "pending": false,
              "context": null,
              "code": "cy.get(\".btn-primary\").contains(\"Add car\").click();\ncy.get(\".modal-content\").within(() => {\n  cy.get(\"#addCarBrand\").select(brand.title);\n  cy.get(\"#addCarModel\").filter(`:contains(\"${model.title}\")`).should(\"not.exist\");\n});",
              "err": {},
              "uuid": "90f7db8a-437f-4d9a-9294-1d897a12fd03",
              "parentUUID": "1e5f77dc-5cdc-4203-81b6-4dd2e1b7e856",
              "isHook": false,
              "skipped": false
            },
            {
              "title": "Check if car with invalid brand-model can not be created - BMW Fiesta",
              "fullTitle": "Invalid car creating Check if car with invalid brand-model can not be created - BMW Fiesta",
              "timedOut": null,
              "duration": 1900,
              "state": "passed",
              "speed": "fast",
              "pass": true,
              "fail": false,
              "pending": false,
              "context": null,
              "code": "cy.get(\".btn-primary\").contains(\"Add car\").click();\ncy.get(\".modal-content\").within(() => {\n  cy.get(\"#addCarBrand\").select(brand.title);\n  cy.get(\"#addCarModel\").filter(`:contains(\"${model.title}\")`).should(\"not.exist\");\n});",
              "err": {},
              "uuid": "21083180-4a03-4d89-908c-1f8d0484b9ad",
              "parentUUID": "1e5f77dc-5cdc-4203-81b6-4dd2e1b7e856",
              "isHook": false,
              "skipped": false
            },
            {
              "title": "Check if car with invalid brand-model can not be created - BMW Focus",
              "fullTitle": "Invalid car creating Check if car with invalid brand-model can not be created - BMW Focus",
              "timedOut": null,
              "duration": 1890,
              "state": "passed",
              "speed": "fast",
              "pass": true,
              "fail": false,
              "pending": false,
              "context": null,
              "code": "cy.get(\".btn-primary\").contains(\"Add car\").click();\ncy.get(\".modal-content\").within(() => {\n  cy.get(\"#addCarBrand\").select(brand.title);\n  cy.get(\"#addCarModel\").filter(`:contains(\"${model.title}\")`).should(\"not.exist\");\n});",
              "err": {},
              "uuid": "d3bdbe89-123a-418b-8725-31c7ddf0eb9a",
              "parentUUID": "1e5f77dc-5cdc-4203-81b6-4dd2e1b7e856",
              "isHook": false,
              "skipped": false
            },
            {
              "title": "Check if car with invalid brand-model can not be created - BMW Fusion",
              "fullTitle": "Invalid car creating Check if car with invalid brand-model can not be created - BMW Fusion",
              "timedOut": null,
              "duration": 1934,
              "state": "passed",
              "speed": "fast",
              "pass": true,
              "fail": false,
              "pending": false,
              "context": null,
              "code": "cy.get(\".btn-primary\").contains(\"Add car\").click();\ncy.get(\".modal-content\").within(() => {\n  cy.get(\"#addCarBrand\").select(brand.title);\n  cy.get(\"#addCarModel\").filter(`:contains(\"${model.title}\")`).should(\"not.exist\");\n});",
              "err": {},
              "uuid": "e5c7c68e-aa4f-4aaf-8a39-478d1acb7d19",
              "parentUUID": "1e5f77dc-5cdc-4203-81b6-4dd2e1b7e856",
              "isHook": false,
              "skipped": false
            },
            {
              "title": "Check if car with invalid brand-model can not be created - BMW Mondeo",
              "fullTitle": "Invalid car creating Check if car with invalid brand-model can not be created - BMW Mondeo",
              "timedOut": null,
              "duration": 1985,
              "state": "passed",
              "speed": "fast",
              "pass": true,
              "fail": false,
              "pending": false,
              "context": null,
              "code": "cy.get(\".btn-primary\").contains(\"Add car\").click();\ncy.get(\".modal-content\").within(() => {\n  cy.get(\"#addCarBrand\").select(brand.title);\n  cy.get(\"#addCarModel\").filter(`:contains(\"${model.title}\")`).should(\"not.exist\");\n});",
              "err": {},
              "uuid": "09fca244-a443-4083-9792-1572b86f63a5",
              "parentUUID": "1e5f77dc-5cdc-4203-81b6-4dd2e1b7e856",
              "isHook": false,
              "skipped": false
            },
            {
              "title": "Check if car with invalid brand-model can not be created - BMW Sierra",
              "fullTitle": "Invalid car creating Check if car with invalid brand-model can not be created - BMW Sierra",
              "timedOut": null,
              "duration": 1999,
              "state": "passed",
              "speed": "fast",
              "pass": true,
              "fail": false,
              "pending": false,
              "context": null,
              "code": "cy.get(\".btn-primary\").contains(\"Add car\").click();\ncy.get(\".modal-content\").within(() => {\n  cy.get(\"#addCarBrand\").select(brand.title);\n  cy.get(\"#addCarModel\").filter(`:contains(\"${model.title}\")`).should(\"not.exist\");\n});",
              "err": {},
              "uuid": "0bd70cff-747d-4f13-9af2-f5c411e79ebb",
              "parentUUID": "1e5f77dc-5cdc-4203-81b6-4dd2e1b7e856",
              "isHook": false,
              "skipped": false
            },
            {
              "title": "Check if car with invalid brand-model can not be created - BMW 911",
              "fullTitle": "Invalid car creating Check if car with invalid brand-model can not be created - BMW 911",
              "timedOut": null,
              "duration": 1996,
              "state": "passed",
              "speed": "fast",
              "pass": true,
              "fail": false,
              "pending": false,
              "context": null,
              "code": "cy.get(\".btn-primary\").contains(\"Add car\").click();\ncy.get(\".modal-content\").within(() => {\n  cy.get(\"#addCarBrand\").select(brand.title);\n  cy.get(\"#addCarModel\").filter(`:contains(\"${model.title}\")`).should(\"not.exist\");\n});",
              "err": {},
              "uuid": "d7e745fb-ed02-481b-b325-8e786f475618",
              "parentUUID": "1e5f77dc-5cdc-4203-81b6-4dd2e1b7e856",
              "isHook": false,
              "skipped": false
            },
            {
              "title": "Check if car with invalid brand-model can not be created - BMW Cayenne",
              "fullTitle": "Invalid car creating Check if car with invalid brand-model can not be created - BMW Cayenne",
              "timedOut": null,
              "duration": 2028,
              "state": "passed",
              "speed": "fast",
              "pass": true,
              "fail": false,
              "pending": false,
              "context": null,
              "code": "cy.get(\".btn-primary\").contains(\"Add car\").click();\ncy.get(\".modal-content\").within(() => {\n  cy.get(\"#addCarBrand\").select(brand.title);\n  cy.get(\"#addCarModel\").filter(`:contains(\"${model.title}\")`).should(\"not.exist\");\n});",
              "err": {},
              "uuid": "d5edcd8e-0a7e-4e24-bd47-4c35379d850d",
              "parentUUID": "1e5f77dc-5cdc-4203-81b6-4dd2e1b7e856",
              "isHook": false,
              "skipped": false
            },
            {
              "title": "Check if car with invalid brand-model can not be created - BMW Panamera",
              "fullTitle": "Invalid car creating Check if car with invalid brand-model can not be created - BMW Panamera",
              "timedOut": null,
              "duration": 2039,
              "state": "passed",
              "speed": "fast",
              "pass": true,
              "fail": false,
              "pending": false,
              "context": null,
              "code": "cy.get(\".btn-primary\").contains(\"Add car\").click();\ncy.get(\".modal-content\").within(() => {\n  cy.get(\"#addCarBrand\").select(brand.title);\n  cy.get(\"#addCarModel\").filter(`:contains(\"${model.title}\")`).should(\"not.exist\");\n});",
              "err": {},
              "uuid": "d97fd3e6-f6bb-4cd7-8b14-203d04112a1b",
              "parentUUID": "1e5f77dc-5cdc-4203-81b6-4dd2e1b7e856",
              "isHook": false,
              "skipped": false
            },
            {
              "title": "Check if car with invalid brand-model can not be created - BMW Palio",
              "fullTitle": "Invalid car creating Check if car with invalid brand-model can not be created - BMW Palio",
              "timedOut": null,
              "duration": 1897,
              "state": "passed",
              "speed": "fast",
              "pass": true,
              "fail": false,
              "pending": false,
              "context": null,
              "code": "cy.get(\".btn-primary\").contains(\"Add car\").click();\ncy.get(\".modal-content\").within(() => {\n  cy.get(\"#addCarBrand\").select(brand.title);\n  cy.get(\"#addCarModel\").filter(`:contains(\"${model.title}\")`).should(\"not.exist\");\n});",
              "err": {},
              "uuid": "d6f51008-ace7-46bc-bda3-2268877babc8",
              "parentUUID": "1e5f77dc-5cdc-4203-81b6-4dd2e1b7e856",
              "isHook": false,
              "skipped": false
            },
            {
              "title": "Check if car with invalid brand-model can not be created - BMW Ducato",
              "fullTitle": "Invalid car creating Check if car with invalid brand-model can not be created - BMW Ducato",
              "timedOut": null,
              "duration": 2060,
              "state": "passed",
              "speed": "fast",
              "pass": true,
              "fail": false,
              "pending": false,
              "context": null,
              "code": "cy.get(\".btn-primary\").contains(\"Add car\").click();\ncy.get(\".modal-content\").within(() => {\n  cy.get(\"#addCarBrand\").select(brand.title);\n  cy.get(\"#addCarModel\").filter(`:contains(\"${model.title}\")`).should(\"not.exist\");\n});",
              "err": {},
              "uuid": "4b707279-2ebc-4d78-bcb4-710a270038ad",
              "parentUUID": "1e5f77dc-5cdc-4203-81b6-4dd2e1b7e856",
              "isHook": false,
              "skipped": false
            },
            {
              "title": "Check if car with invalid brand-model can not be created - BMW Panda",
              "fullTitle": "Invalid car creating Check if car with invalid brand-model can not be created - BMW Panda",
              "timedOut": null,
              "duration": 1974,
              "state": "passed",
              "speed": "fast",
              "pass": true,
              "fail": false,
              "pending": false,
              "context": null,
              "code": "cy.get(\".btn-primary\").contains(\"Add car\").click();\ncy.get(\".modal-content\").within(() => {\n  cy.get(\"#addCarBrand\").select(brand.title);\n  cy.get(\"#addCarModel\").filter(`:contains(\"${model.title}\")`).should(\"not.exist\");\n});",
              "err": {},
              "uuid": "3e94b0a0-56cf-4290-8591-3d2209ec99b4",
              "parentUUID": "1e5f77dc-5cdc-4203-81b6-4dd2e1b7e856",
              "isHook": false,
              "skipped": false
            },
            {
              "title": "Check if car with invalid brand-model can not be created - BMW Punto",
              "fullTitle": "Invalid car creating Check if car with invalid brand-model can not be created - BMW Punto",
              "timedOut": null,
              "duration": 2007,
              "state": "passed",
              "speed": "fast",
              "pass": true,
              "fail": false,
              "pending": false,
              "context": null,
              "code": "cy.get(\".btn-primary\").contains(\"Add car\").click();\ncy.get(\".modal-content\").within(() => {\n  cy.get(\"#addCarBrand\").select(brand.title);\n  cy.get(\"#addCarModel\").filter(`:contains(\"${model.title}\")`).should(\"not.exist\");\n});",
              "err": {},
              "uuid": "0c421f40-42ee-4d56-bd2f-c6db0a960f7c",
              "parentUUID": "1e5f77dc-5cdc-4203-81b6-4dd2e1b7e856",
              "isHook": false,
              "skipped": false
            },
            {
              "title": "Check if car with invalid brand-model can not be created - BMW Scudo",
              "fullTitle": "Invalid car creating Check if car with invalid brand-model can not be created - BMW Scudo",
              "timedOut": null,
              "duration": 1927,
              "state": "passed",
              "speed": "fast",
              "pass": true,
              "fail": false,
              "pending": false,
              "context": null,
              "code": "cy.get(\".btn-primary\").contains(\"Add car\").click();\ncy.get(\".modal-content\").within(() => {\n  cy.get(\"#addCarBrand\").select(brand.title);\n  cy.get(\"#addCarModel\").filter(`:contains(\"${model.title}\")`).should(\"not.exist\");\n});",
              "err": {},
              "uuid": "e05738eb-5e2f-4f98-bdab-9aac8f0ee212",
              "parentUUID": "1e5f77dc-5cdc-4203-81b6-4dd2e1b7e856",
              "isHook": false,
              "skipped": false
            },
            {
              "title": "Check if car with invalid brand-model can not be created - Ford TT",
              "fullTitle": "Invalid car creating Check if car with invalid brand-model can not be created - Ford TT",
              "timedOut": null,
              "duration": 1989,
              "state": "passed",
              "speed": "fast",
              "pass": true,
              "fail": false,
              "pending": false,
              "context": null,
              "code": "cy.get(\".btn-primary\").contains(\"Add car\").click();\ncy.get(\".modal-content\").within(() => {\n  cy.get(\"#addCarBrand\").select(brand.title);\n  cy.get(\"#addCarModel\").filter(`:contains(\"${model.title}\")`).should(\"not.exist\");\n});",
              "err": {},
              "uuid": "4cae3a83-ea0f-4592-8181-c66e24063f3b",
              "parentUUID": "1e5f77dc-5cdc-4203-81b6-4dd2e1b7e856",
              "isHook": false,
              "skipped": false
            },
            {
              "title": "Check if car with invalid brand-model can not be created - Ford R8",
              "fullTitle": "Invalid car creating Check if car with invalid brand-model can not be created - Ford R8",
              "timedOut": null,
              "duration": 2071,
              "state": "passed",
              "speed": "fast",
              "pass": true,
              "fail": false,
              "pending": false,
              "context": null,
              "code": "cy.get(\".btn-primary\").contains(\"Add car\").click();\ncy.get(\".modal-content\").within(() => {\n  cy.get(\"#addCarBrand\").select(brand.title);\n  cy.get(\"#addCarModel\").filter(`:contains(\"${model.title}\")`).should(\"not.exist\");\n});",
              "err": {},
              "uuid": "b87cc06a-2876-460e-af78-165d943fba51",
              "parentUUID": "1e5f77dc-5cdc-4203-81b6-4dd2e1b7e856",
              "isHook": false,
              "skipped": false
            },
            {
              "title": "Check if car with invalid brand-model can not be created - Ford Q7",
              "fullTitle": "Invalid car creating Check if car with invalid brand-model can not be created - Ford Q7",
              "timedOut": null,
              "duration": 1988,
              "state": "passed",
              "speed": "fast",
              "pass": true,
              "fail": false,
              "pending": false,
              "context": null,
              "code": "cy.get(\".btn-primary\").contains(\"Add car\").click();\ncy.get(\".modal-content\").within(() => {\n  cy.get(\"#addCarBrand\").select(brand.title);\n  cy.get(\"#addCarModel\").filter(`:contains(\"${model.title}\")`).should(\"not.exist\");\n});",
              "err": {},
              "uuid": "d083fea9-1c5a-4c27-8819-f01dc6075136",
              "parentUUID": "1e5f77dc-5cdc-4203-81b6-4dd2e1b7e856",
              "isHook": false,
              "skipped": false
            },
            {
              "title": "Check if car with invalid brand-model can not be created - Ford A6",
              "fullTitle": "Invalid car creating Check if car with invalid brand-model can not be created - Ford A6",
              "timedOut": null,
              "duration": 1929,
              "state": "passed",
              "speed": "fast",
              "pass": true,
              "fail": false,
              "pending": false,
              "context": null,
              "code": "cy.get(\".btn-primary\").contains(\"Add car\").click();\ncy.get(\".modal-content\").within(() => {\n  cy.get(\"#addCarBrand\").select(brand.title);\n  cy.get(\"#addCarModel\").filter(`:contains(\"${model.title}\")`).should(\"not.exist\");\n});",
              "err": {},
              "uuid": "23bf5cd0-8ca0-467f-a5e9-a8cb81906ceb",
              "parentUUID": "1e5f77dc-5cdc-4203-81b6-4dd2e1b7e856",
              "isHook": false,
              "skipped": false
            },
            {
              "title": "Check if car with invalid brand-model can not be created - Ford A8",
              "fullTitle": "Invalid car creating Check if car with invalid brand-model can not be created - Ford A8",
              "timedOut": null,
              "duration": 1989,
              "state": "passed",
              "speed": "fast",
              "pass": true,
              "fail": false,
              "pending": false,
              "context": null,
              "code": "cy.get(\".btn-primary\").contains(\"Add car\").click();\ncy.get(\".modal-content\").within(() => {\n  cy.get(\"#addCarBrand\").select(brand.title);\n  cy.get(\"#addCarModel\").filter(`:contains(\"${model.title}\")`).should(\"not.exist\");\n});",
              "err": {},
              "uuid": "430d54ca-40d5-44a8-9503-54b641c0e529",
              "parentUUID": "1e5f77dc-5cdc-4203-81b6-4dd2e1b7e856",
              "isHook": false,
              "skipped": false
            },
            {
              "title": "Check if car with invalid brand-model can not be created - Ford 3",
              "fullTitle": "Invalid car creating Check if car with invalid brand-model can not be created - Ford 3",
              "timedOut": null,
              "duration": 1882,
              "state": "passed",
              "speed": "fast",
              "pass": true,
              "fail": false,
              "pending": false,
              "context": null,
              "code": "cy.get(\".btn-primary\").contains(\"Add car\").click();\ncy.get(\".modal-content\").within(() => {\n  cy.get(\"#addCarBrand\").select(brand.title);\n  cy.get(\"#addCarModel\").filter(`:contains(\"${model.title}\")`).should(\"not.exist\");\n});",
              "err": {},
              "uuid": "c29f532d-1301-4e27-9ef5-c94c0b174bf8",
              "parentUUID": "1e5f77dc-5cdc-4203-81b6-4dd2e1b7e856",
              "isHook": false,
              "skipped": false
            },
            {
              "title": "Check if car with invalid brand-model can not be created - Ford 5",
              "fullTitle": "Invalid car creating Check if car with invalid brand-model can not be created - Ford 5",
              "timedOut": null,
              "duration": 1933,
              "state": "passed",
              "speed": "fast",
              "pass": true,
              "fail": false,
              "pending": false,
              "context": null,
              "code": "cy.get(\".btn-primary\").contains(\"Add car\").click();\ncy.get(\".modal-content\").within(() => {\n  cy.get(\"#addCarBrand\").select(brand.title);\n  cy.get(\"#addCarModel\").filter(`:contains(\"${model.title}\")`).should(\"not.exist\");\n});",
              "err": {},
              "uuid": "482c733d-6f2d-4499-9d93-822353467fde",
              "parentUUID": "1e5f77dc-5cdc-4203-81b6-4dd2e1b7e856",
              "isHook": false,
              "skipped": false
            },
            {
              "title": "Check if car with invalid brand-model can not be created - Ford X5",
              "fullTitle": "Invalid car creating Check if car with invalid brand-model can not be created - Ford X5",
              "timedOut": null,
              "duration": 1926,
              "state": "passed",
              "speed": "fast",
              "pass": true,
              "fail": false,
              "pending": false,
              "context": null,
              "code": "cy.get(\".btn-primary\").contains(\"Add car\").click();\ncy.get(\".modal-content\").within(() => {\n  cy.get(\"#addCarBrand\").select(brand.title);\n  cy.get(\"#addCarModel\").filter(`:contains(\"${model.title}\")`).should(\"not.exist\");\n});",
              "err": {},
              "uuid": "78598860-d3f5-4218-ab8d-7326127098b5",
              "parentUUID": "1e5f77dc-5cdc-4203-81b6-4dd2e1b7e856",
              "isHook": false,
              "skipped": false
            },
            {
              "title": "Check if car with invalid brand-model can not be created - Ford X6",
              "fullTitle": "Invalid car creating Check if car with invalid brand-model can not be created - Ford X6",
              "timedOut": null,
              "duration": 1974,
              "state": "passed",
              "speed": "fast",
              "pass": true,
              "fail": false,
              "pending": false,
              "context": null,
              "code": "cy.get(\".btn-primary\").contains(\"Add car\").click();\ncy.get(\".modal-content\").within(() => {\n  cy.get(\"#addCarBrand\").select(brand.title);\n  cy.get(\"#addCarModel\").filter(`:contains(\"${model.title}\")`).should(\"not.exist\");\n});",
              "err": {},
              "uuid": "618830e7-f50b-4c76-ae2c-3515512e5526",
              "parentUUID": "1e5f77dc-5cdc-4203-81b6-4dd2e1b7e856",
              "isHook": false,
              "skipped": false
            },
            {
              "title": "Check if car with invalid brand-model can not be created - Ford Z3",
              "fullTitle": "Invalid car creating Check if car with invalid brand-model can not be created - Ford Z3",
              "timedOut": null,
              "duration": 1940,
              "state": "passed",
              "speed": "fast",
              "pass": true,
              "fail": false,
              "pending": false,
              "context": null,
              "code": "cy.get(\".btn-primary\").contains(\"Add car\").click();\ncy.get(\".modal-content\").within(() => {\n  cy.get(\"#addCarBrand\").select(brand.title);\n  cy.get(\"#addCarModel\").filter(`:contains(\"${model.title}\")`).should(\"not.exist\");\n});",
              "err": {},
              "uuid": "bae0eb21-13dc-4c5e-bbf0-579003d26267",
              "parentUUID": "1e5f77dc-5cdc-4203-81b6-4dd2e1b7e856",
              "isHook": false,
              "skipped": false
            },
            {
              "title": "Check if car with invalid brand-model can not be created - Ford 911",
              "fullTitle": "Invalid car creating Check if car with invalid brand-model can not be created - Ford 911",
              "timedOut": null,
              "duration": 1948,
              "state": "passed",
              "speed": "fast",
              "pass": true,
              "fail": false,
              "pending": false,
              "context": null,
              "code": "cy.get(\".btn-primary\").contains(\"Add car\").click();\ncy.get(\".modal-content\").within(() => {\n  cy.get(\"#addCarBrand\").select(brand.title);\n  cy.get(\"#addCarModel\").filter(`:contains(\"${model.title}\")`).should(\"not.exist\");\n});",
              "err": {},
              "uuid": "ca3488b5-7ba8-4959-94b5-c2157f544f57",
              "parentUUID": "1e5f77dc-5cdc-4203-81b6-4dd2e1b7e856",
              "isHook": false,
              "skipped": false
            },
            {
              "title": "Check if car with invalid brand-model can not be created - Ford Cayenne",
              "fullTitle": "Invalid car creating Check if car with invalid brand-model can not be created - Ford Cayenne",
              "timedOut": null,
              "duration": 2374,
              "state": "passed",
              "speed": "fast",
              "pass": true,
              "fail": false,
              "pending": false,
              "context": null,
              "code": "cy.get(\".btn-primary\").contains(\"Add car\").click();\ncy.get(\".modal-content\").within(() => {\n  cy.get(\"#addCarBrand\").select(brand.title);\n  cy.get(\"#addCarModel\").filter(`:contains(\"${model.title}\")`).should(\"not.exist\");\n});",
              "err": {},
              "uuid": "c3d3881c-f05b-457e-8a75-aed72f7c5d05",
              "parentUUID": "1e5f77dc-5cdc-4203-81b6-4dd2e1b7e856",
              "isHook": false,
              "skipped": false
            },
            {
              "title": "Check if car with invalid brand-model can not be created - Ford Panamera",
              "fullTitle": "Invalid car creating Check if car with invalid brand-model can not be created - Ford Panamera",
              "timedOut": null,
              "duration": 1964,
              "state": "passed",
              "speed": "fast",
              "pass": true,
              "fail": false,
              "pending": false,
              "context": null,
              "code": "cy.get(\".btn-primary\").contains(\"Add car\").click();\ncy.get(\".modal-content\").within(() => {\n  cy.get(\"#addCarBrand\").select(brand.title);\n  cy.get(\"#addCarModel\").filter(`:contains(\"${model.title}\")`).should(\"not.exist\");\n});",
              "err": {},
              "uuid": "7a123333-5f3f-4a61-898c-5b4567139337",
              "parentUUID": "1e5f77dc-5cdc-4203-81b6-4dd2e1b7e856",
              "isHook": false,
              "skipped": false
            },
            {
              "title": "Check if car with invalid brand-model can not be created - Ford Palio",
              "fullTitle": "Invalid car creating Check if car with invalid brand-model can not be created - Ford Palio",
              "timedOut": null,
              "duration": 1960,
              "state": "passed",
              "speed": "fast",
              "pass": true,
              "fail": false,
              "pending": false,
              "context": null,
              "code": "cy.get(\".btn-primary\").contains(\"Add car\").click();\ncy.get(\".modal-content\").within(() => {\n  cy.get(\"#addCarBrand\").select(brand.title);\n  cy.get(\"#addCarModel\").filter(`:contains(\"${model.title}\")`).should(\"not.exist\");\n});",
              "err": {},
              "uuid": "194d7ec9-2865-4847-9ed2-fc178a8f822d",
              "parentUUID": "1e5f77dc-5cdc-4203-81b6-4dd2e1b7e856",
              "isHook": false,
              "skipped": false
            },
            {
              "title": "Check if car with invalid brand-model can not be created - Ford Ducato",
              "fullTitle": "Invalid car creating Check if car with invalid brand-model can not be created - Ford Ducato",
              "timedOut": null,
              "duration": 1965,
              "state": "passed",
              "speed": "fast",
              "pass": true,
              "fail": false,
              "pending": false,
              "context": null,
              "code": "cy.get(\".btn-primary\").contains(\"Add car\").click();\ncy.get(\".modal-content\").within(() => {\n  cy.get(\"#addCarBrand\").select(brand.title);\n  cy.get(\"#addCarModel\").filter(`:contains(\"${model.title}\")`).should(\"not.exist\");\n});",
              "err": {},
              "uuid": "20e849b8-a314-4bb0-9334-e5d624fee943",
              "parentUUID": "1e5f77dc-5cdc-4203-81b6-4dd2e1b7e856",
              "isHook": false,
              "skipped": false
            },
            {
              "title": "Check if car with invalid brand-model can not be created - Ford Panda",
              "fullTitle": "Invalid car creating Check if car with invalid brand-model can not be created - Ford Panda",
              "timedOut": null,
              "duration": 1933,
              "state": "passed",
              "speed": "fast",
              "pass": true,
              "fail": false,
              "pending": false,
              "context": null,
              "code": "cy.get(\".btn-primary\").contains(\"Add car\").click();\ncy.get(\".modal-content\").within(() => {\n  cy.get(\"#addCarBrand\").select(brand.title);\n  cy.get(\"#addCarModel\").filter(`:contains(\"${model.title}\")`).should(\"not.exist\");\n});",
              "err": {},
              "uuid": "4aad0d1b-97de-4587-a163-6c11e941cb16",
              "parentUUID": "1e5f77dc-5cdc-4203-81b6-4dd2e1b7e856",
              "isHook": false,
              "skipped": false
            },
            {
              "title": "Check if car with invalid brand-model can not be created - Ford Punto",
              "fullTitle": "Invalid car creating Check if car with invalid brand-model can not be created - Ford Punto",
              "timedOut": null,
              "duration": 1924,
              "state": "passed",
              "speed": "fast",
              "pass": true,
              "fail": false,
              "pending": false,
              "context": null,
              "code": "cy.get(\".btn-primary\").contains(\"Add car\").click();\ncy.get(\".modal-content\").within(() => {\n  cy.get(\"#addCarBrand\").select(brand.title);\n  cy.get(\"#addCarModel\").filter(`:contains(\"${model.title}\")`).should(\"not.exist\");\n});",
              "err": {},
              "uuid": "e85ad767-267f-48bf-bfa9-880ab98c19e8",
              "parentUUID": "1e5f77dc-5cdc-4203-81b6-4dd2e1b7e856",
              "isHook": false,
              "skipped": false
            },
            {
              "title": "Check if car with invalid brand-model can not be created - Ford Scudo",
              "fullTitle": "Invalid car creating Check if car with invalid brand-model can not be created - Ford Scudo",
              "timedOut": null,
              "duration": 1981,
              "state": "passed",
              "speed": "fast",
              "pass": true,
              "fail": false,
              "pending": false,
              "context": null,
              "code": "cy.get(\".btn-primary\").contains(\"Add car\").click();\ncy.get(\".modal-content\").within(() => {\n  cy.get(\"#addCarBrand\").select(brand.title);\n  cy.get(\"#addCarModel\").filter(`:contains(\"${model.title}\")`).should(\"not.exist\");\n});",
              "err": {},
              "uuid": "a9b7cd60-b7cd-4d82-a5ce-1be76fa294e3",
              "parentUUID": "1e5f77dc-5cdc-4203-81b6-4dd2e1b7e856",
              "isHook": false,
              "skipped": false
            },
            {
              "title": "Check if car with invalid brand-model can not be created - Porsche TT",
              "fullTitle": "Invalid car creating Check if car with invalid brand-model can not be created - Porsche TT",
              "timedOut": null,
              "duration": 2004,
              "state": "passed",
              "speed": "fast",
              "pass": true,
              "fail": false,
              "pending": false,
              "context": null,
              "code": "cy.get(\".btn-primary\").contains(\"Add car\").click();\ncy.get(\".modal-content\").within(() => {\n  cy.get(\"#addCarBrand\").select(brand.title);\n  cy.get(\"#addCarModel\").filter(`:contains(\"${model.title}\")`).should(\"not.exist\");\n});",
              "err": {},
              "uuid": "f405b06f-1af0-4273-90d4-37c3ee6f9d46",
              "parentUUID": "1e5f77dc-5cdc-4203-81b6-4dd2e1b7e856",
              "isHook": false,
              "skipped": false
            },
            {
              "title": "Check if car with invalid brand-model can not be created - Porsche R8",
              "fullTitle": "Invalid car creating Check if car with invalid brand-model can not be created - Porsche R8",
              "timedOut": null,
              "duration": 1966,
              "state": "passed",
              "speed": "fast",
              "pass": true,
              "fail": false,
              "pending": false,
              "context": null,
              "code": "cy.get(\".btn-primary\").contains(\"Add car\").click();\ncy.get(\".modal-content\").within(() => {\n  cy.get(\"#addCarBrand\").select(brand.title);\n  cy.get(\"#addCarModel\").filter(`:contains(\"${model.title}\")`).should(\"not.exist\");\n});",
              "err": {},
              "uuid": "c9986c74-a92a-4300-8e6d-faf6b0276aac",
              "parentUUID": "1e5f77dc-5cdc-4203-81b6-4dd2e1b7e856",
              "isHook": false,
              "skipped": false
            },
            {
              "title": "Check if car with invalid brand-model can not be created - Porsche Q7",
              "fullTitle": "Invalid car creating Check if car with invalid brand-model can not be created - Porsche Q7",
              "timedOut": null,
              "duration": 2005,
              "state": "passed",
              "speed": "fast",
              "pass": true,
              "fail": false,
              "pending": false,
              "context": null,
              "code": "cy.get(\".btn-primary\").contains(\"Add car\").click();\ncy.get(\".modal-content\").within(() => {\n  cy.get(\"#addCarBrand\").select(brand.title);\n  cy.get(\"#addCarModel\").filter(`:contains(\"${model.title}\")`).should(\"not.exist\");\n});",
              "err": {},
              "uuid": "d93ff30c-84be-4a60-b509-9487ebd4ff44",
              "parentUUID": "1e5f77dc-5cdc-4203-81b6-4dd2e1b7e856",
              "isHook": false,
              "skipped": false
            },
            {
              "title": "Check if car with invalid brand-model can not be created - Porsche A6",
              "fullTitle": "Invalid car creating Check if car with invalid brand-model can not be created - Porsche A6",
              "timedOut": null,
              "duration": 2003,
              "state": "passed",
              "speed": "fast",
              "pass": true,
              "fail": false,
              "pending": false,
              "context": null,
              "code": "cy.get(\".btn-primary\").contains(\"Add car\").click();\ncy.get(\".modal-content\").within(() => {\n  cy.get(\"#addCarBrand\").select(brand.title);\n  cy.get(\"#addCarModel\").filter(`:contains(\"${model.title}\")`).should(\"not.exist\");\n});",
              "err": {},
              "uuid": "911007c8-c76b-4edf-940e-55b0502643e3",
              "parentUUID": "1e5f77dc-5cdc-4203-81b6-4dd2e1b7e856",
              "isHook": false,
              "skipped": false
            },
            {
              "title": "Check if car with invalid brand-model can not be created - Porsche A8",
              "fullTitle": "Invalid car creating Check if car with invalid brand-model can not be created - Porsche A8",
              "timedOut": null,
              "duration": 1937,
              "state": "passed",
              "speed": "fast",
              "pass": true,
              "fail": false,
              "pending": false,
              "context": null,
              "code": "cy.get(\".btn-primary\").contains(\"Add car\").click();\ncy.get(\".modal-content\").within(() => {\n  cy.get(\"#addCarBrand\").select(brand.title);\n  cy.get(\"#addCarModel\").filter(`:contains(\"${model.title}\")`).should(\"not.exist\");\n});",
              "err": {},
              "uuid": "2856581f-2305-4570-b70b-b90bfb8dbb34",
              "parentUUID": "1e5f77dc-5cdc-4203-81b6-4dd2e1b7e856",
              "isHook": false,
              "skipped": false
            },
            {
              "title": "Check if car with invalid brand-model can not be created - Porsche 3",
              "fullTitle": "Invalid car creating Check if car with invalid brand-model can not be created - Porsche 3",
              "timedOut": null,
              "duration": 1943,
              "state": "passed",
              "speed": "fast",
              "pass": true,
              "fail": false,
              "pending": false,
              "context": null,
              "code": "cy.get(\".btn-primary\").contains(\"Add car\").click();\ncy.get(\".modal-content\").within(() => {\n  cy.get(\"#addCarBrand\").select(brand.title);\n  cy.get(\"#addCarModel\").filter(`:contains(\"${model.title}\")`).should(\"not.exist\");\n});",
              "err": {},
              "uuid": "46188c8a-8fc0-481f-b925-5c1ef165dfa2",
              "parentUUID": "1e5f77dc-5cdc-4203-81b6-4dd2e1b7e856",
              "isHook": false,
              "skipped": false
            },
            {
              "title": "Check if car with invalid brand-model can not be created - Porsche 5",
              "fullTitle": "Invalid car creating Check if car with invalid brand-model can not be created - Porsche 5",
              "timedOut": null,
              "duration": 8074,
              "state": "failed",
              "speed": null,
              "pass": false,
              "fail": true,
              "pending": false,
              "context": null,
              "code": "cy.get(\".btn-primary\").contains(\"Add car\").click();\ncy.get(\".modal-content\").within(() => {\n  cy.get(\"#addCarBrand\").select(brand.title);\n  cy.get(\"#addCarModel\").filter(`:contains(\"${model.title}\")`).should(\"not.exist\");\n});",
              "err": {
                "message": "AssertionError: Timed out retrying after 7000ms: expected '/' to equal '/panel/garage'\n\nBecause this error occurred during a `before each` hook we are skipping the remaining tests in the current suite: `Invalid car creating`",
                "estack": "AssertionError: Timed out retrying after 7000ms: expected '/' to equal '/panel/garage'\n\nBecause this error occurred during a `before each` hook we are skipping the remaining tests in the current suite: `Invalid car creating`\n    at Context.eval (webpack://qa-cypress/./cypress/e2e/cars_hw21.1/addCars.test.js:48:32)",
                "diff": "- '\\'/\\''\n+ '\\'/panel/garage\\''\n"
              },
              "uuid": "ae78af62-20f2-4314-8c24-cd59b22ab63d",
              "parentUUID": "1e5f77dc-5cdc-4203-81b6-4dd2e1b7e856",
              "isHook": false,
              "skipped": false
            },
            {
              "title": "Check if car with invalid brand-model can not be created - Porsche X5",
              "fullTitle": "Invalid car creating Check if car with invalid brand-model can not be created - Porsche X5",
              "timedOut": null,
              "duration": 0,
              "state": "skipped",
              "speed": null,
              "pass": false,
              "fail": false,
              "pending": false,
              "context": null,
              "code": "cy.get(\".btn-primary\").contains(\"Add car\").click();\ncy.get(\".modal-content\").within(() => {\n  cy.get(\"#addCarBrand\").select(brand.title);\n  cy.get(\"#addCarModel\").filter(`:contains(\"${model.title}\")`).should(\"not.exist\");\n});",
              "err": {},
              "uuid": "fc29cc1e-3c92-4971-bd1e-77765f224375",
              "parentUUID": "1e5f77dc-5cdc-4203-81b6-4dd2e1b7e856",
              "isHook": false,
              "skipped": true
            },
            {
              "title": "Check if car with invalid brand-model can not be created - Porsche X6",
              "fullTitle": "Invalid car creating Check if car with invalid brand-model can not be created - Porsche X6",
              "timedOut": null,
              "duration": 0,
              "state": "skipped",
              "speed": null,
              "pass": false,
              "fail": false,
              "pending": false,
              "context": null,
              "code": "cy.get(\".btn-primary\").contains(\"Add car\").click();\ncy.get(\".modal-content\").within(() => {\n  cy.get(\"#addCarBrand\").select(brand.title);\n  cy.get(\"#addCarModel\").filter(`:contains(\"${model.title}\")`).should(\"not.exist\");\n});",
              "err": {},
              "uuid": "05686f67-a45b-4d9f-8fa7-ba88065d97d4",
              "parentUUID": "1e5f77dc-5cdc-4203-81b6-4dd2e1b7e856",
              "isHook": false,
              "skipped": true
            },
            {
              "title": "Check if car with invalid brand-model can not be created - Porsche Z3",
              "fullTitle": "Invalid car creating Check if car with invalid brand-model can not be created - Porsche Z3",
              "timedOut": null,
              "duration": 0,
              "state": "skipped",
              "speed": null,
              "pass": false,
              "fail": false,
              "pending": false,
              "context": null,
              "code": "cy.get(\".btn-primary\").contains(\"Add car\").click();\ncy.get(\".modal-content\").within(() => {\n  cy.get(\"#addCarBrand\").select(brand.title);\n  cy.get(\"#addCarModel\").filter(`:contains(\"${model.title}\")`).should(\"not.exist\");\n});",
              "err": {},
              "uuid": "304a8873-1d3e-41b4-a109-80d2e126b074",
              "parentUUID": "1e5f77dc-5cdc-4203-81b6-4dd2e1b7e856",
              "isHook": false,
              "skipped": true
            },
            {
              "title": "Check if car with invalid brand-model can not be created - Porsche Fiesta",
              "fullTitle": "Invalid car creating Check if car with invalid brand-model can not be created - Porsche Fiesta",
              "timedOut": null,
              "duration": 0,
              "state": "skipped",
              "speed": null,
              "pass": false,
              "fail": false,
              "pending": false,
              "context": null,
              "code": "cy.get(\".btn-primary\").contains(\"Add car\").click();\ncy.get(\".modal-content\").within(() => {\n  cy.get(\"#addCarBrand\").select(brand.title);\n  cy.get(\"#addCarModel\").filter(`:contains(\"${model.title}\")`).should(\"not.exist\");\n});",
              "err": {},
              "uuid": "8fc0141b-864f-4291-b496-b5c064db7b36",
              "parentUUID": "1e5f77dc-5cdc-4203-81b6-4dd2e1b7e856",
              "isHook": false,
              "skipped": true
            },
            {
              "title": "Check if car with invalid brand-model can not be created - Porsche Focus",
              "fullTitle": "Invalid car creating Check if car with invalid brand-model can not be created - Porsche Focus",
              "timedOut": null,
              "duration": 0,
              "state": "skipped",
              "speed": null,
              "pass": false,
              "fail": false,
              "pending": false,
              "context": null,
              "code": "cy.get(\".btn-primary\").contains(\"Add car\").click();\ncy.get(\".modal-content\").within(() => {\n  cy.get(\"#addCarBrand\").select(brand.title);\n  cy.get(\"#addCarModel\").filter(`:contains(\"${model.title}\")`).should(\"not.exist\");\n});",
              "err": {},
              "uuid": "edf7fa64-343e-4976-aba7-f1a8106012d0",
              "parentUUID": "1e5f77dc-5cdc-4203-81b6-4dd2e1b7e856",
              "isHook": false,
              "skipped": true
            },
            {
              "title": "Check if car with invalid brand-model can not be created - Porsche Fusion",
              "fullTitle": "Invalid car creating Check if car with invalid brand-model can not be created - Porsche Fusion",
              "timedOut": null,
              "duration": 0,
              "state": "skipped",
              "speed": null,
              "pass": false,
              "fail": false,
              "pending": false,
              "context": null,
              "code": "cy.get(\".btn-primary\").contains(\"Add car\").click();\ncy.get(\".modal-content\").within(() => {\n  cy.get(\"#addCarBrand\").select(brand.title);\n  cy.get(\"#addCarModel\").filter(`:contains(\"${model.title}\")`).should(\"not.exist\");\n});",
              "err": {},
              "uuid": "3a0b69c6-11fe-49fe-84e9-8aea0dd2f903",
              "parentUUID": "1e5f77dc-5cdc-4203-81b6-4dd2e1b7e856",
              "isHook": false,
              "skipped": true
            },
            {
              "title": "Check if car with invalid brand-model can not be created - Porsche Mondeo",
              "fullTitle": "Invalid car creating Check if car with invalid brand-model can not be created - Porsche Mondeo",
              "timedOut": null,
              "duration": 0,
              "state": "skipped",
              "speed": null,
              "pass": false,
              "fail": false,
              "pending": false,
              "context": null,
              "code": "cy.get(\".btn-primary\").contains(\"Add car\").click();\ncy.get(\".modal-content\").within(() => {\n  cy.get(\"#addCarBrand\").select(brand.title);\n  cy.get(\"#addCarModel\").filter(`:contains(\"${model.title}\")`).should(\"not.exist\");\n});",
              "err": {},
              "uuid": "8a3d0dc6-f3e7-4d8c-80d8-00cb530ec451",
              "parentUUID": "1e5f77dc-5cdc-4203-81b6-4dd2e1b7e856",
              "isHook": false,
              "skipped": true
            },
            {
              "title": "Check if car with invalid brand-model can not be created - Porsche Sierra",
              "fullTitle": "Invalid car creating Check if car with invalid brand-model can not be created - Porsche Sierra",
              "timedOut": null,
              "duration": 0,
              "state": "skipped",
              "speed": null,
              "pass": false,
              "fail": false,
              "pending": false,
              "context": null,
              "code": "cy.get(\".btn-primary\").contains(\"Add car\").click();\ncy.get(\".modal-content\").within(() => {\n  cy.get(\"#addCarBrand\").select(brand.title);\n  cy.get(\"#addCarModel\").filter(`:contains(\"${model.title}\")`).should(\"not.exist\");\n});",
              "err": {},
              "uuid": "bd043ec0-3f2c-4d8e-92b1-8344a54530d2",
              "parentUUID": "1e5f77dc-5cdc-4203-81b6-4dd2e1b7e856",
              "isHook": false,
              "skipped": true
            },
            {
              "title": "Check if car with invalid brand-model can not be created - Porsche Palio",
              "fullTitle": "Invalid car creating Check if car with invalid brand-model can not be created - Porsche Palio",
              "timedOut": null,
              "duration": 0,
              "state": "skipped",
              "speed": null,
              "pass": false,
              "fail": false,
              "pending": false,
              "context": null,
              "code": "cy.get(\".btn-primary\").contains(\"Add car\").click();\ncy.get(\".modal-content\").within(() => {\n  cy.get(\"#addCarBrand\").select(brand.title);\n  cy.get(\"#addCarModel\").filter(`:contains(\"${model.title}\")`).should(\"not.exist\");\n});",
              "err": {},
              "uuid": "200ff96c-8938-47b0-9330-d1ff4c7d6f07",
              "parentUUID": "1e5f77dc-5cdc-4203-81b6-4dd2e1b7e856",
              "isHook": false,
              "skipped": true
            },
            {
              "title": "Check if car with invalid brand-model can not be created - Porsche Ducato",
              "fullTitle": "Invalid car creating Check if car with invalid brand-model can not be created - Porsche Ducato",
              "timedOut": null,
              "duration": 0,
              "state": "skipped",
              "speed": null,
              "pass": false,
              "fail": false,
              "pending": false,
              "context": null,
              "code": "cy.get(\".btn-primary\").contains(\"Add car\").click();\ncy.get(\".modal-content\").within(() => {\n  cy.get(\"#addCarBrand\").select(brand.title);\n  cy.get(\"#addCarModel\").filter(`:contains(\"${model.title}\")`).should(\"not.exist\");\n});",
              "err": {},
              "uuid": "b50f0b4f-e780-4fee-b0c7-75805362499c",
              "parentUUID": "1e5f77dc-5cdc-4203-81b6-4dd2e1b7e856",
              "isHook": false,
              "skipped": true
            },
            {
              "title": "Check if car with invalid brand-model can not be created - Porsche Panda",
              "fullTitle": "Invalid car creating Check if car with invalid brand-model can not be created - Porsche Panda",
              "timedOut": null,
              "duration": 0,
              "state": "skipped",
              "speed": null,
              "pass": false,
              "fail": false,
              "pending": false,
              "context": null,
              "code": "cy.get(\".btn-primary\").contains(\"Add car\").click();\ncy.get(\".modal-content\").within(() => {\n  cy.get(\"#addCarBrand\").select(brand.title);\n  cy.get(\"#addCarModel\").filter(`:contains(\"${model.title}\")`).should(\"not.exist\");\n});",
              "err": {},
              "uuid": "34b4c617-8b8e-4e5e-923b-6ffe762b8ba6",
              "parentUUID": "1e5f77dc-5cdc-4203-81b6-4dd2e1b7e856",
              "isHook": false,
              "skipped": true
            },
            {
              "title": "Check if car with invalid brand-model can not be created - Porsche Punto",
              "fullTitle": "Invalid car creating Check if car with invalid brand-model can not be created - Porsche Punto",
              "timedOut": null,
              "duration": 0,
              "state": "skipped",
              "speed": null,
              "pass": false,
              "fail": false,
              "pending": false,
              "context": null,
              "code": "cy.get(\".btn-primary\").contains(\"Add car\").click();\ncy.get(\".modal-content\").within(() => {\n  cy.get(\"#addCarBrand\").select(brand.title);\n  cy.get(\"#addCarModel\").filter(`:contains(\"${model.title}\")`).should(\"not.exist\");\n});",
              "err": {},
              "uuid": "5b279664-37c9-44f2-a2fc-a89d4d5d27ab",
              "parentUUID": "1e5f77dc-5cdc-4203-81b6-4dd2e1b7e856",
              "isHook": false,
              "skipped": true
            },
            {
              "title": "Check if car with invalid brand-model can not be created - Porsche Scudo",
              "fullTitle": "Invalid car creating Check if car with invalid brand-model can not be created - Porsche Scudo",
              "timedOut": null,
              "duration": 0,
              "state": "skipped",
              "speed": null,
              "pass": false,
              "fail": false,
              "pending": false,
              "context": null,
              "code": "cy.get(\".btn-primary\").contains(\"Add car\").click();\ncy.get(\".modal-content\").within(() => {\n  cy.get(\"#addCarBrand\").select(brand.title);\n  cy.get(\"#addCarModel\").filter(`:contains(\"${model.title}\")`).should(\"not.exist\");\n});",
              "err": {},
              "uuid": "e0a720e5-9b26-42ae-a4e7-164213ba00c3",
              "parentUUID": "1e5f77dc-5cdc-4203-81b6-4dd2e1b7e856",
              "isHook": false,
              "skipped": true
            },
            {
              "title": "Check if car with invalid brand-model can not be created - Fiat TT",
              "fullTitle": "Invalid car creating Check if car with invalid brand-model can not be created - Fiat TT",
              "timedOut": null,
              "duration": 0,
              "state": "skipped",
              "speed": null,
              "pass": false,
              "fail": false,
              "pending": false,
              "context": null,
              "code": "cy.get(\".btn-primary\").contains(\"Add car\").click();\ncy.get(\".modal-content\").within(() => {\n  cy.get(\"#addCarBrand\").select(brand.title);\n  cy.get(\"#addCarModel\").filter(`:contains(\"${model.title}\")`).should(\"not.exist\");\n});",
              "err": {},
              "uuid": "dd571bdd-6d4c-4965-8038-2ba213e28240",
              "parentUUID": "1e5f77dc-5cdc-4203-81b6-4dd2e1b7e856",
              "isHook": false,
              "skipped": true
            },
            {
              "title": "Check if car with invalid brand-model can not be created - Fiat R8",
              "fullTitle": "Invalid car creating Check if car with invalid brand-model can not be created - Fiat R8",
              "timedOut": null,
              "duration": 0,
              "state": "skipped",
              "speed": null,
              "pass": false,
              "fail": false,
              "pending": false,
              "context": null,
[...]
              "err": {},
              "uuid": "07676c18-8326-4ba7-90c8-d20fdbb2dac5",
              "parentUUID": "9e41a7b8-7bca-4515-92f6-d663a984000d",
              "isHook": false,
              "skipped": false
            },
            {
              "title": "Check if valid car with valid brand-model can be created - Ford Fusion",
              "fullTitle": "Adding new valid cars Check if valid car with valid brand-model can be created - Ford Fusion",
              "timedOut": null,
              "duration": 2377,
              "state": "passed",
              "speed": "fast",
              "pass": true,
              "fail": false,
              "pending": false,
              "context": null,
              "code": "cy.get(\".btn-primary\").contains(\"Add car\").click();\ncy.get(\".modal-content\").within(() => {\n  cy.get(\"#addCarBrand\").select(brand.title);\n  cy.get(\"#addCarModel\").select(model.title);\n  cy.get(\"#addCarMileage\").type(`${_faker.faker.number.int({\n    min: 1,\n    max: 999999\n  })}`).focus().blur();\n  cy.get(\"#addCarMileage\").parents(\".form-group\").within(() => {\n    cy.get(\".invalid-feedback\").should('not.exist');\n  });\n  cy.get(\".btn-primary\").contains(\"Add\").click();\n});\ncy.location(\"pathname\").should(\"eq\", \"/panel/garage\");\ncy.get(\"ul.car-list\").within(() => {\n  cy.get(\"li.car-item p.car_name\").contains(`${brand.title} ${model.title}`).should(\"be.visible\");\n});",
              "err": {},
              "uuid": "c6238a19-0995-4eae-a5c5-d5d5c87a9489",
              "parentUUID": "9e41a7b8-7bca-4515-92f6-d663a984000d",
              "isHook": false,
              "skipped": false
            },
            {
              "title": "Check if valid car with valid brand-model can be created - Ford Mondeo",
              "fullTitle": "Adding new valid cars Check if valid car with valid brand-model can be created - Ford Mondeo",
              "timedOut": null,
              "duration": 2509,
              "state": "passed",
              "speed": "fast",
              "pass": true,
              "fail": false,
              "pending": false,
              "context": null,
              "code": "cy.get(\".btn-primary\").contains(\"Add car\").click();\ncy.get(\".modal-content\").within(() => {\n  cy.get(\"#addCarBrand\").select(brand.title);\n  cy.get(\"#addCarModel\").select(model.title);\n  cy.get(\"#addCarMileage\").type(`${_faker.faker.number.int({\n    min: 1,\n    max: 999999\n  })}`).focus().blur();\n  cy.get(\"#addCarMileage\").parents(\".form-group\").within(() => {\n    cy.get(\".invalid-feedback\").should('not.exist');\n  });\n  cy.get(\".btn-primary\").contains(\"Add\").click();\n});\ncy.location(\"pathname\").should(\"eq\", \"/panel/garage\");\ncy.get(\"ul.car-list\").within(() => {\n  cy.get(\"li.car-item p.car_name\").contains(`${brand.title} ${model.title}`).should(\"be.visible\");\n});",
              "err": {},
              "uuid": "60f7222b-0a12-47ca-b155-d1bc525b2fd7",
              "parentUUID": "9e41a7b8-7bca-4515-92f6-d663a984000d",
              "isHook": false,
              "skipped": false
            },
            {
              "title": "Check if valid car with valid brand-model can be created - Ford Sierra",
              "fullTitle": "Adding new valid cars Check if valid car with valid brand-model can be created - Ford Sierra",
              "timedOut": null,
              "duration": 2435,
              "state": "passed",
              "speed": "fast",
              "pass": true,
              "fail": false,
              "pending": false,
              "context": null,
              "code": "cy.get(\".btn-primary\").contains(\"Add car\").click();\ncy.get(\".modal-content\").within(() => {\n  cy.get(\"#addCarBrand\").select(brand.title);\n  cy.get(\"#addCarModel\").select(model.title);\n  cy.get(\"#addCarMileage\").type(`${_faker.faker.number.int({\n    min: 1,\n    max: 999999\n  })}`).focus().blur();\n  cy.get(\"#addCarMileage\").parents(\".form-group\").within(() => {\n    cy.get(\".invalid-feedback\").should('not.exist');\n  });\n  cy.get(\".btn-primary\").contains(\"Add\").click();\n});\ncy.location(\"pathname\").should(\"eq\", \"/panel/garage\");\ncy.get(\"ul.car-list\").within(() => {\n  cy.get(\"li.car-item p.car_name\").contains(`${brand.title} ${model.title}`).should(\"be.visible\");\n});",
              "err": {},
              "uuid": "2659b7fe-9d66-4f9b-8180-027cc790a896",
              "parentUUID": "9e41a7b8-7bca-4515-92f6-d663a984000d",
              "isHook": false,
              "skipped": false
            },
            {
              "title": "Check if valid car with valid brand-model can be created - Porsche 911",
              "fullTitle": "Adding new valid cars Check if valid car with valid brand-model can be created - Porsche 911",
              "timedOut": null,
              "duration": 2402,
              "state": "passed",
              "speed": "fast",
              "pass": true,
              "fail": false,
              "pending": false,
              "context": null,
              "code": "cy.get(\".btn-primary\").contains(\"Add car\").click();\ncy.get(\".modal-content\").within(() => {\n  cy.get(\"#addCarBrand\").select(brand.title);\n  cy.get(\"#addCarModel\").select(model.title);\n  cy.get(\"#addCarMileage\").type(`${_faker.faker.number.int({\n    min: 1,\n    max: 999999\n  })}`).focus().blur();\n  cy.get(\"#addCarMileage\").parents(\".form-group\").within(() => {\n    cy.get(\".invalid-feedback\").should('not.exist');\n  });\n  cy.get(\".btn-primary\").contains(\"Add\").click();\n});\ncy.location(\"pathname\").should(\"eq\", \"/panel/garage\");\ncy.get(\"ul.car-list\").within(() => {\n  cy.get(\"li.car-item p.car_name\").contains(`${brand.title} ${model.title}`).should(\"be.visible\");\n});",
              "err": {},
              "uuid": "8e61e72e-1bce-4fe5-a74d-faccf916fb1b",
              "parentUUID": "9e41a7b8-7bca-4515-92f6-d663a984000d",
              "isHook": false,
              "skipped": false
            },
            {
              "title": "Check if valid car with valid brand-model can be created - Porsche Cayenne",
              "fullTitle": "Adding new valid cars Check if valid car with valid brand-model can be created - Porsche Cayenne",
              "timedOut": null,
              "duration": 3390,
              "state": "passed",
              "speed": "fast",
              "pass": true,
              "fail": false,
              "pending": false,
              "context": null,
              "code": "cy.get(\".btn-primary\").contains(\"Add car\").click();\ncy.get(\".modal-content\").within(() => {\n  cy.get(\"#addCarBrand\").select(brand.title);\n  cy.get(\"#addCarModel\").select(model.title);\n  cy.get(\"#addCarMileage\").type(`${_faker.faker.number.int({\n    min: 1,\n    max: 999999\n  })}`).focus().blur();\n  cy.get(\"#addCarMileage\").parents(\".form-group\").within(() => {\n    cy.get(\".invalid-feedback\").should('not.exist');\n  });\n  cy.get(\".btn-primary\").contains(\"Add\").click();\n});\ncy.location(\"pathname\").should(\"eq\", \"/panel/garage\");\ncy.get(\"ul.car-list\").within(() => {\n  cy.get(\"li.car-item p.car_name\").contains(`${brand.title} ${model.title}`).should(\"be.visible\");\n});",
              "err": {},
              "uuid": "3247018d-2671-4cb2-89b0-f0eb2c1f58c3",
              "parentUUID": "9e41a7b8-7bca-4515-92f6-d663a984000d",
              "isHook": false,
              "skipped": false
            },
            {
              "title": "Check if valid car with valid brand-model can be created - Porsche Panamera",
              "fullTitle": "Adding new valid cars Check if valid car with valid brand-model can be created - Porsche Panamera",
              "timedOut": null,
              "duration": 2422,
              "state": "passed",
              "speed": "fast",
              "pass": true,
              "fail": false,
              "pending": false,
              "context": null,
              "code": "cy.get(\".btn-primary\").contains(\"Add car\").click();\ncy.get(\".modal-content\").within(() => {\n  cy.get(\"#addCarBrand\").select(brand.title);\n  cy.get(\"#addCarModel\").select(model.title);\n  cy.get(\"#addCarMileage\").type(`${_faker.faker.number.int({\n    min: 1,\n    max: 999999\n  })}`).focus().blur();\n  cy.get(\"#addCarMileage\").parents(\".form-group\").within(() => {\n    cy.get(\".invalid-feedback\").should('not.exist');\n  });\n  cy.get(\".btn-primary\").contains(\"Add\").click();\n});\ncy.location(\"pathname\").should(\"eq\", \"/panel/garage\");\ncy.get(\"ul.car-list\").within(() => {\n  cy.get(\"li.car-item p.car_name\").contains(`${brand.title} ${model.title}`).should(\"be.visible\");\n});",
              "err": {},
              "uuid": "814d4d93-81ea-40df-9123-522789322c39",
              "parentUUID": "9e41a7b8-7bca-4515-92f6-d663a984000d",
              "isHook": false,
              "skipped": false
            },
            {
              "title": "Check if valid car with valid brand-model can be created - Fiat Palio",
              "fullTitle": "Adding new valid cars Check if valid car with valid brand-model can be created - Fiat Palio",
              "timedOut": null,
              "duration": 2402,
              "state": "passed",
              "speed": "fast",
              "pass": true,
              "fail": false,
              "pending": false,
              "context": null,
              "code": "cy.get(\".btn-primary\").contains(\"Add car\").click();\ncy.get(\".modal-content\").within(() => {\n  cy.get(\"#addCarBrand\").select(brand.title);\n  cy.get(\"#addCarModel\").select(model.title);\n  cy.get(\"#addCarMileage\").type(`${_faker.faker.number.int({\n    min: 1,\n    max: 999999\n  })}`).focus().blur();\n  cy.get(\"#addCarMileage\").parents(\".form-group\").within(() => {\n    cy.get(\".invalid-feedback\").should('not.exist');\n  });\n  cy.get(\".btn-primary\").contains(\"Add\").click();\n});\ncy.location(\"pathname\").should(\"eq\", \"/panel/garage\");\ncy.get(\"ul.car-list\").within(() => {\n  cy.get(\"li.car-item p.car_name\").contains(`${brand.title} ${model.title}`).should(\"be.visible\");\n});",
              "err": {},
              "uuid": "05aa815d-ee2e-492a-8165-404fa708e382",
              "parentUUID": "9e41a7b8-7bca-4515-92f6-d663a984000d",
              "isHook": false,
              "skipped": false
            },
            {
              "title": "Check if valid car with valid brand-model can be created - Fiat Ducato",
              "fullTitle": "Adding new valid cars Check if valid car with valid brand-model can be created - Fiat Ducato",
              "timedOut": null,
              "duration": 2391,
              "state": "passed",
              "speed": "fast",
              "pass": true,
              "fail": false,
              "pending": false,
              "context": null,
              "code": "cy.get(\".btn-primary\").contains(\"Add car\").click();\ncy.get(\".modal-content\").within(() => {\n  cy.get(\"#addCarBrand\").select(brand.title);\n  cy.get(\"#addCarModel\").select(model.title);\n  cy.get(\"#addCarMileage\").type(`${_faker.faker.number.int({\n    min: 1,\n    max: 999999\n  })}`).focus().blur();\n  cy.get(\"#addCarMileage\").parents(\".form-group\").within(() => {\n    cy.get(\".invalid-feedback\").should('not.exist');\n  });\n  cy.get(\".btn-primary\").contains(\"Add\").click();\n});\ncy.location(\"pathname\").should(\"eq\", \"/panel/garage\");\ncy.get(\"ul.car-list\").within(() => {\n  cy.get(\"li.car-item p.car_name\").contains(`${brand.title} ${model.title}`).should(\"be.visible\");\n});",
              "err": {},
              "uuid": "3f812e86-c4c7-474e-986a-031f9943cd3d",
              "parentUUID": "9e41a7b8-7bca-4515-92f6-d663a984000d",
              "isHook": false,
              "skipped": false
            },
            {
              "title": "Check if valid car with valid brand-model can be created - Fiat Panda",
              "fullTitle": "Adding new valid cars Check if valid car with valid brand-model can be created - Fiat Panda",
              "timedOut": null,
              "duration": 2383,
              "state": "passed",
              "speed": "fast",
              "pass": true,
              "fail": false,
              "pending": false,
              "context": null,
              "code": "cy.get(\".btn-primary\").contains(\"Add car\").click();\ncy.get(\".modal-content\").within(() => {\n  cy.get(\"#addCarBrand\").select(brand.title);\n  cy.get(\"#addCarModel\").select(model.title);\n  cy.get(\"#addCarMileage\").type(`${_faker.faker.number.int({\n    min: 1,\n    max: 999999\n  })}`).focus().blur();\n  cy.get(\"#addCarMileage\").parents(\".form-group\").within(() => {\n    cy.get(\".invalid-feedback\").should('not.exist');\n  });\n  cy.get(\".btn-primary\").contains(\"Add\").click();\n});\ncy.location(\"pathname\").should(\"eq\", \"/panel/garage\");\ncy.get(\"ul.car-list\").within(() => {\n  cy.get(\"li.car-item p.car_name\").contains(`${brand.title} ${model.title}`).should(\"be.visible\");\n});",
              "err": {},
              "uuid": "33d1e279-15a0-47d2-bac5-ca6af38a4d9c",
              "parentUUID": "9e41a7b8-7bca-4515-92f6-d663a984000d",
              "isHook": false,
              "skipped": false
            },
            {
              "title": "Check if valid car with valid brand-model can be created - Fiat Punto",
              "fullTitle": "Adding new valid cars Check if valid car with valid brand-model can be created - Fiat Punto",
              "timedOut": null,
              "duration": 2443,
              "state": "passed",
              "speed": "fast",
              "pass": true,
              "fail": false,
              "pending": false,
              "context": null,
              "code": "cy.get(\".btn-primary\").contains(\"Add car\").click();\ncy.get(\".modal-content\").within(() => {\n  cy.get(\"#addCarBrand\").select(brand.title);\n  cy.get(\"#addCarModel\").select(model.title);\n  cy.get(\"#addCarMileage\").type(`${_faker.faker.number.int({\n    min: 1,\n    max: 999999\n  })}`).focus().blur();\n  cy.get(\"#addCarMileage\").parents(\".form-group\").within(() => {\n    cy.get(\".invalid-feedback\").should('not.exist');\n  });\n  cy.get(\".btn-primary\").contains(\"Add\").click();\n});\ncy.location(\"pathname\").should(\"eq\", \"/panel/garage\");\ncy.get(\"ul.car-list\").within(() => {\n  cy.get(\"li.car-item p.car_name\").contains(`${brand.title} ${model.title}`).should(\"be.visible\");\n});",
              "err": {},
              "uuid": "9aebb3f7-980c-4321-ab13-eabb118f0b0a",
              "parentUUID": "9e41a7b8-7bca-4515-92f6-d663a984000d",
              "isHook": false,
              "skipped": false
            },
            {
              "title": "Check if valid car with valid brand-model can be created - Fiat Scudo",
              "fullTitle": "Adding new valid cars Check if valid car with valid brand-model can be created - Fiat Scudo",
              "timedOut": null,
              "duration": 2376,
              "state": "passed",
              "speed": "fast",
              "pass": true,
              "fail": false,
              "pending": false,
              "context": null,
              "code": "cy.get(\".btn-primary\").contains(\"Add car\").click();\ncy.get(\".modal-content\").within(() => {\n  cy.get(\"#addCarBrand\").select(brand.title);\n  cy.get(\"#addCarModel\").select(model.title);\n  cy.get(\"#addCarMileage\").type(`${_faker.faker.number.int({\n    min: 1,\n    max: 999999\n  })}`).focus().blur();\n  cy.get(\"#addCarMileage\").parents(\".form-group\").within(() => {\n    cy.get(\".invalid-feedback\").should('not.exist');\n  });\n  cy.get(\".btn-primary\").contains(\"Add\").click();\n});\ncy.location(\"pathname\").should(\"eq\", \"/panel/garage\");\ncy.get(\"ul.car-list\").within(() => {\n  cy.get(\"li.car-item p.car_name\").contains(`${brand.title} ${model.title}`).should(\"be.visible\");\n});",
              "err": {},
              "uuid": "ee27f16a-2945-4102-8218-c5f5a4584995",
              "parentUUID": "9e41a7b8-7bca-4515-92f6-d663a984000d",
              "isHook": false,
              "skipped": false
            },
            {
              "title": "Add a car without selecting brand and modal",
              "fullTitle": "Adding new valid cars Add a car without selecting brand and modal",
              "timedOut": null,
              "duration": 2087,
              "state": "passed",
              "speed": "fast",
              "pass": true,
              "fail": false,
              "pending": false,
              "context": null,
              "code": "cy.get(\".btn-primary\").contains(\"Add car\").click();\ncy.get(\".modal-content\").within(() => {\n  cy.get(\"#addCarMileage\").type(`${_faker.faker.number.int({\n    min: 1,\n    max: 999999\n  })}`).focus().blur();\n  cy.get(\"#addCarMileage\").parents(\".form-group\").within(() => {\n    cy.get(\".invalid-feedback\").should('not.exist');\n  });\n  cy.get(\".btn-primary\").contains(\"Add\").click();\n});\ncy.location(\"pathname\").should(\"eq\", \"/panel/garage\");",
              "err": {},
              "uuid": "26add5aa-0555-48b9-b209-6edc616ea8fc",
              "parentUUID": "9e41a7b8-7bca-4515-92f6-d663a984000d",
              "isHook": false,
              "skipped": false
            }
          ],
          "suites": [],
          "passes": [
            "25bcf8d5-3f8d-4c45-9104-27f27dba4b97",
            "b3137a93-9a14-4d7f-84a3-e618429f7251",
            "1c3eb643-c21c-4d29-abfe-e1cf71d638e4",
            "655f5d24-d300-47aa-889d-aa8eca015225",
            "4f2d9df6-0ee2-4823-9fdd-ae45f2d71ab4",
            "3be8c6e7-1547-4333-b44d-8247cb442b55",
            "723f9c9d-e579-4f1c-9c49-07e24c140b74",
            "5df4d876-c100-47f0-96c1-ecae30fe0fc3",
            "0b0f4fba-c1d4-4f8a-8c59-747246218249",
            "483b8b1e-28f4-424c-b97b-2d46ba2f55ee",
            "f6bd7ca6-90ac-4a59-87de-00dab3ecd077",
            "07676c18-8326-4ba7-90c8-d20fdbb2dac5",
            "c6238a19-0995-4eae-a5c5-d5d5c87a9489",
            "60f7222b-0a12-47ca-b155-d1bc525b2fd7",
            "2659b7fe-9d66-4f9b-8180-027cc790a896",
            "8e61e72e-1bce-4fe5-a74d-faccf916fb1b",
            "3247018d-2671-4cb2-89b0-f0eb2c1f58c3",
            "814d4d93-81ea-40df-9123-522789322c39",
            "05aa815d-ee2e-492a-8165-404fa708e382",
            "3f812e86-c4c7-474e-986a-031f9943cd3d",
            "33d1e279-15a0-47d2-bac5-ca6af38a4d9c",
            "9aebb3f7-980c-4321-ab13-eabb118f0b0a",
            "ee27f16a-2945-4102-8218-c5f5a4584995",
            "26add5aa-0555-48b9-b209-6edc616ea8fc"
          ],
          "failures": [],
          "pending": [],
          "skipped": [],
          "duration": 57977,
          "root": false,
          "rootEmpty": false,
          "_timeout": 2000
        }
      ],
      "passes": [],
      "failures": [],
      "pending": [],
      "skipped": [],
      "duration": 0,
      "root": true,
      "rootEmpty": true,
      "_timeout": 2000
    }
  ],
  "meta": {
    "mocha": {
      "version": "7.2.0"
    },
    "mochawesome": {
      "options": {
        "quiet": false,
        "reportFilename": "mochawesome",
        "saveHtml": false,
        "saveJson": true,
        "consoleReporter": "spec",
        "useInlineDiffs": false,
        "code": true
      },
      "version": "7.1.4"
    },
    "marge": {
      "options": {
        "reportDir": "cypress/results",
        "overwrite": false,
        "html": false,
        "json": true
      },
      "version": "6.3.2"
    }
  }
}